CRITICAL - 2022-09-16 08:53:18 --> Undefined array key "nama_layanan"
in APPPATH\Views\user\v_layanan.php on line 8.
 1 APPPATH\Views\user\v_layanan.php(8): CodeIgniter\Debug\Exceptions->errorHandler(2, 'Undefined array key "nama_layanan"', 'APPPATH\\Views\\user\\v_layanan.php', 8)
 2 SYSTEMPATH\View\View.php(213): include('APPPATH\\Views\\user\\v_layanan.php')
 3 SYSTEMPATH\View\View.php(216): CodeIgniter\View\View->CodeIgniter\View\{closure}()
 4 SYSTEMPATH\Common.php(1137): CodeIgniter\View\View->render('user/v_layanan', [], true)
 5 APPPATH\Views\layoutUser\v_content.php(4): view('user/v_layanan')
 6 SYSTEMPATH\View\View.php(213): include('APPPATH\\Views\\layoutUser\\v_content.php')
 7 SYSTEMPATH\View\View.php(216): CodeIgniter\View\View->CodeIgniter\View\{closure}()
 8 SYSTEMPATH\Common.php(1137): CodeIgniter\View\View->render('layoutUser/v_content.php', [], true)
 9 APPPATH\Views\layoutUser\v_wrapper.php(4): view('layoutUser/v_content.php')
10 SYSTEMPATH\View\View.php(213): include('APPPATH\\Views\\layoutUser\\v_wrapper.php')
11 SYSTEMPATH\View\View.php(216): CodeIgniter\View\View->CodeIgniter\View\{closure}()
12 SYSTEMPATH\Common.php(1137): CodeIgniter\View\View->render('layoutUser/v_wrapper', [], true)
13 APPPATH\Controllers\Home.php(34): view('layoutUser/v_wrapper', [...])
14 SYSTEMPATH\CodeIgniter.php(904): App\Controllers\Home->Layanan('19')
15 SYSTEMPATH\CodeIgniter.php(457): CodeIgniter\CodeIgniter->runController(Object(App\Controllers\Home))
16 SYSTEMPATH\CodeIgniter.php(340): CodeIgniter\CodeIgniter->handleRequest(null, Object(Config\Cache), false)
17 FCPATH\index.php(67): CodeIgniter\CodeIgniter->run()
18 SYSTEMPATH\Commands\Server\rewrite.php(43): require_once('FCPATH\\index.php')
CRITICAL - 2022-09-16 08:53:31 --> Undefined array key "nama_layanan"
in APPPATH\Views\user\v_layanan.php on line 8.
 1 APPPATH\Views\user\v_layanan.php(8): CodeIgniter\Debug\Exceptions->errorHandler(2, 'Undefined array key "nama_layanan"', 'APPPATH\\Views\\user\\v_layanan.php', 8)
 2 SYSTEMPATH\View\View.php(213): include('APPPATH\\Views\\user\\v_layanan.php')
 3 SYSTEMPATH\View\View.php(216): CodeIgniter\View\View->CodeIgniter\View\{closure}()
 4 SYSTEMPATH\Common.php(1137): CodeIgniter\View\View->render('user/v_layanan', [], true)
 5 APPPATH\Views\layoutUser\v_content.php(4): view('user/v_layanan')
 6 SYSTEMPATH\View\View.php(213): include('APPPATH\\Views\\layoutUser\\v_content.php')
 7 SYSTEMPATH\View\View.php(216): CodeIgniter\View\View->CodeIgniter\View\{closure}()
 8 SYSTEMPATH\Common.php(1137): CodeIgniter\View\View->render('layoutUser/v_content.php', [], true)
 9 APPPATH\Views\layoutUser\v_wrapper.php(4): view('layoutUser/v_content.php')
10 SYSTEMPATH\View\View.php(213): include('APPPATH\\Views\\layoutUser\\v_wrapper.php')
11 SYSTEMPATH\View\View.php(216): CodeIgniter\View\View->CodeIgniter\View\{closure}()
12 SYSTEMPATH\Common.php(1137): CodeIgniter\View\View->render('layoutUser/v_wrapper', [], true)
13 APPPATH\Controllers\Home.php(34): view('layoutUser/v_wrapper', [...])
14 SYSTEMPATH\CodeIgniter.php(904): App\Controllers\Home->Layanan('19')
15 SYSTEMPATH\CodeIgniter.php(457): CodeIgniter\CodeIgniter->runController(Object(App\Controllers\Home))
16 SYSTEMPATH\CodeIgniter.php(340): CodeIgniter\CodeIgniter->handleRequest(null, Object(Config\Cache), false)
17 FCPATH\index.php(67): CodeIgniter\CodeIgniter->run()
18 SYSTEMPATH\Commands\Server\rewrite.php(43): require_once('FCPATH\\index.php')
CRITICAL - 2022-09-16 08:53:33 --> Undefined array key "nama_layanan"
in APPPATH\Views\user\v_layanan.php on line 8.
 1 APPPATH\Views\user\v_layanan.php(8): CodeIgniter\Debug\Exceptions->errorHandler(2, 'Undefined array key "nama_layanan"', 'APPPATH\\Views\\user\\v_layanan.php', 8)
 2 SYSTEMPATH\View\View.php(213): include('APPPATH\\Views\\user\\v_layanan.php')
 3 SYSTEMPATH\View\View.php(216): CodeIgniter\View\View->CodeIgniter\View\{closure}()
 4 SYSTEMPATH\Common.php(1137): CodeIgniter\View\View->render('user/v_layanan', [], true)
 5 APPPATH\Views\layoutUser\v_content.php(4): view('user/v_layanan')
 6 SYSTEMPATH\View\View.php(213): include('APPPATH\\Views\\layoutUser\\v_content.php')
 7 SYSTEMPATH\View\View.php(216): CodeIgniter\View\View->CodeIgniter\View\{closure}()
 8 SYSTEMPATH\Common.php(1137): CodeIgniter\View\View->render('layoutUser/v_content.php', [], true)
 9 APPPATH\Views\layoutUser\v_wrapper.php(4): view('layoutUser/v_content.php')
10 SYSTEMPATH\View\View.php(213): include('APPPATH\\Views\\layoutUser\\v_wrapper.php')
11 SYSTEMPATH\View\View.php(216): CodeIgniter\View\View->CodeIgniter\View\{closure}()
12 SYSTEMPATH\Common.php(1137): CodeIgniter\View\View->render('layoutUser/v_wrapper', [], true)
13 APPPATH\Controllers\Home.php(34): view('layoutUser/v_wrapper', [...])
14 SYSTEMPATH\CodeIgniter.php(904): App\Controllers\Home->Layanan('19')
15 SYSTEMPATH\CodeIgniter.php(457): CodeIgniter\CodeIgniter->runController(Object(App\Controllers\Home))
16 SYSTEMPATH\CodeIgniter.php(340): CodeIgniter\CodeIgniter->handleRequest(null, Object(Config\Cache), false)
17 FCPATH\index.php(67): CodeIgniter\CodeIgniter->run()
18 SYSTEMPATH\Commands\Server\rewrite.php(43): require_once('FCPATH\\index.php')
CRITICAL - 2022-09-16 08:55:47 --> Trying to access array offset on value of type null
in APPPATH\Views\user\v_layanan.php on line 8.
 1 APPPATH\Views\user\v_layanan.php(8): CodeIgniter\Debug\Exceptions->errorHandler(2, 'Trying to access array offset on value of type null', 'APPPATH\\Views\\user\\v_layanan.php', 8)
 2 SYSTEMPATH\View\View.php(213): include('APPPATH\\Views\\user\\v_layanan.php')
 3 SYSTEMPATH\View\View.php(216): CodeIgniter\View\View->CodeIgniter\View\{closure}()
 4 SYSTEMPATH\Common.php(1137): CodeIgniter\View\View->render('user/v_layanan', [], true)
 5 APPPATH\Views\layoutUser\v_content.php(4): view('user/v_layanan')
 6 SYSTEMPATH\View\View.php(213): include('APPPATH\\Views\\layoutUser\\v_content.php')
 7 SYSTEMPATH\View\View.php(216): CodeIgniter\View\View->CodeIgniter\View\{closure}()
 8 SYSTEMPATH\Common.php(1137): CodeIgniter\View\View->render('layoutUser/v_content.php', [], true)
 9 APPPATH\Views\layoutUser\v_wrapper.php(4): view('layoutUser/v_content.php')
10 SYSTEMPATH\View\View.php(213): include('APPPATH\\Views\\layoutUser\\v_wrapper.php')
11 SYSTEMPATH\View\View.php(216): CodeIgniter\View\View->CodeIgniter\View\{closure}()
12 SYSTEMPATH\Common.php(1137): CodeIgniter\View\View->render('layoutUser/v_wrapper', [], true)
13 APPPATH\Controllers\Home.php(34): view('layoutUser/v_wrapper', [...])
14 SYSTEMPATH\CodeIgniter.php(904): App\Controllers\Home->Layanan('assets', 'img', 'about-extra-1.svg')
15 SYSTEMPATH\CodeIgniter.php(457): CodeIgniter\CodeIgniter->runController(Object(App\Controllers\Home))
16 SYSTEMPATH\CodeIgniter.php(340): CodeIgniter\CodeIgniter->handleRequest(null, Object(Config\Cache), false)
17 FCPATH\index.php(67): CodeIgniter\CodeIgniter->run()
18 SYSTEMPATH\Commands\Server\rewrite.php(43): require_once('FCPATH\\index.php')
CRITICAL - 2022-09-16 08:59:24 --> Trying to access array offset on value of type null
in APPPATH\Views\user\v_layanan.php on line 8.
 1 APPPATH\Views\user\v_layanan.php(8): CodeIgniter\Debug\Exceptions->errorHandler(2, 'Trying to access array offset on value of type null', 'APPPATH\\Views\\user\\v_layanan.php', 8)
 2 SYSTEMPATH\View\View.php(213): include('APPPATH\\Views\\user\\v_layanan.php')
 3 SYSTEMPATH\View\View.php(216): CodeIgniter\View\View->CodeIgniter\View\{closure}()
 4 SYSTEMPATH\Common.php(1137): CodeIgniter\View\View->render('user/v_layanan', [], true)
 5 APPPATH\Views\layoutUser\v_content.php(4): view('user/v_layanan')
 6 SYSTEMPATH\View\View.php(213): include('APPPATH\\Views\\layoutUser\\v_content.php')
 7 SYSTEMPATH\View\View.php(216): CodeIgniter\View\View->CodeIgniter\View\{closure}()
 8 SYSTEMPATH\Common.php(1137): CodeIgniter\View\View->render('layoutUser/v_content.php', [], true)
 9 APPPATH\Views\layoutUser\v_wrapper.php(4): view('layoutUser/v_content.php')
10 SYSTEMPATH\View\View.php(213): include('APPPATH\\Views\\layoutUser\\v_wrapper.php')
11 SYSTEMPATH\View\View.php(216): CodeIgniter\View\View->CodeIgniter\View\{closure}()
12 SYSTEMPATH\Common.php(1137): CodeIgniter\View\View->render('layoutUser/v_wrapper', [], true)
13 APPPATH\Controllers\Home.php(34): view('layoutUser/v_wrapper', [...])
14 SYSTEMPATH\CodeIgniter.php(904): App\Controllers\Home->Layanan('assets', 'img', 'portfolio', 'web2.jpg')
15 SYSTEMPATH\CodeIgniter.php(457): CodeIgniter\CodeIgniter->runController(Object(App\Controllers\Home))
16 SYSTEMPATH\CodeIgniter.php(340): CodeIgniter\CodeIgniter->handleRequest(null, Object(Config\Cache), false)
17 FCPATH\index.php(67): CodeIgniter\CodeIgniter->run()
18 SYSTEMPATH\Commands\Server\rewrite.php(43): require_once('FCPATH\\index.php')
CRITICAL - 2022-09-16 08:59:24 --> Trying to access array offset on value of type null
in APPPATH\Views\user\v_layanan.php on line 8.
 1 APPPATH\Views\user\v_layanan.php(8): CodeIgniter\Debug\Exceptions->errorHandler(2, 'Trying to access array offset on value of type null', 'APPPATH\\Views\\user\\v_layanan.php', 8)
 2 SYSTEMPATH\View\View.php(213): include('APPPATH\\Views\\user\\v_layanan.php')
 3 SYSTEMPATH\View\View.php(216): CodeIgniter\View\View->CodeIgniter\View\{closure}()
 4 SYSTEMPATH\Common.php(1137): CodeIgniter\View\View->render('user/v_layanan', [], true)
 5 APPPATH\Views\layoutUser\v_content.php(4): view('user/v_layanan')
 6 SYSTEMPATH\View\View.php(213): include('APPPATH\\Views\\layoutUser\\v_content.php')
 7 SYSTEMPATH\View\View.php(216): CodeIgniter\View\View->CodeIgniter\View\{closure}()
 8 SYSTEMPATH\Common.php(1137): CodeIgniter\View\View->render('layoutUser/v_content.php', [], true)
 9 APPPATH\Views\layoutUser\v_wrapper.php(4): view('layoutUser/v_content.php')
10 SYSTEMPATH\View\View.php(213): include('APPPATH\\Views\\layoutUser\\v_wrapper.php')
11 SYSTEMPATH\View\View.php(216): CodeIgniter\View\View->CodeIgniter\View\{closure}()
12 SYSTEMPATH\Common.php(1137): CodeIgniter\View\View->render('layoutUser/v_wrapper', [], true)
13 APPPATH\Controllers\Home.php(34): view('layoutUser/v_wrapper', [...])
14 SYSTEMPATH\CodeIgniter.php(904): App\Controllers\Home->Layanan('assets', 'img', 'portfolio', 'app3.jpg')
15 SYSTEMPATH\CodeIgniter.php(457): CodeIgniter\CodeIgniter->runController(Object(App\Controllers\Home))
16 SYSTEMPATH\CodeIgniter.php(340): CodeIgniter\CodeIgniter->handleRequest(null, Object(Config\Cache), false)
17 FCPATH\index.php(67): CodeIgniter\CodeIgniter->run()
18 SYSTEMPATH\Commands\Server\rewrite.php(43): require_once('FCPATH\\index.php')
CRITICAL - 2022-09-16 08:59:24 --> Trying to access array offset on value of type null
in APPPATH\Views\user\v_layanan.php on line 8.
 1 APPPATH\Views\user\v_layanan.php(8): CodeIgniter\Debug\Exceptions->errorHandler(2, 'Trying to access array offset on value of type null', 'APPPATH\\Views\\user\\v_layanan.php', 8)
 2 SYSTEMPATH\View\View.php(213): include('APPPATH\\Views\\user\\v_layanan.php')
 3 SYSTEMPATH\View\View.php(216): CodeIgniter\View\View->CodeIgniter\View\{closure}()
 4 SYSTEMPATH\Common.php(1137): CodeIgniter\View\View->render('user/v_layanan', [], true)
 5 APPPATH\Views\layoutUser\v_content.php(4): view('user/v_layanan')
 6 SYSTEMPATH\View\View.php(213): include('APPPATH\\Views\\layoutUser\\v_content.php')
 7 SYSTEMPATH\View\View.php(216): CodeIgniter\View\View->CodeIgniter\View\{closure}()
 8 SYSTEMPATH\Common.php(1137): CodeIgniter\View\View->render('layoutUser/v_content.php', [], true)
 9 APPPATH\Views\layoutUser\v_wrapper.php(4): view('layoutUser/v_content.php')
10 SYSTEMPATH\View\View.php(213): include('APPPATH\\Views\\layoutUser\\v_wrapper.php')
11 SYSTEMPATH\View\View.php(216): CodeIgniter\View\View->CodeIgniter\View\{closure}()
12 SYSTEMPATH\Common.php(1137): CodeIgniter\View\View->render('layoutUser/v_wrapper', [], true)
13 APPPATH\Controllers\Home.php(34): view('layoutUser/v_wrapper', [...])
14 SYSTEMPATH\CodeIgniter.php(904): App\Controllers\Home->Layanan('assets', 'img', 'portfolio', 'card1.jpg')
15 SYSTEMPATH\CodeIgniter.php(457): CodeIgniter\CodeIgniter->runController(Object(App\Controllers\Home))
16 SYSTEMPATH\CodeIgniter.php(340): CodeIgniter\CodeIgniter->handleRequest(null, Object(Config\Cache), false)
17 FCPATH\index.php(67): CodeIgniter\CodeIgniter->run()
18 SYSTEMPATH\Commands\Server\rewrite.php(43): require_once('FCPATH\\index.php')
CRITICAL - 2022-09-16 08:59:24 --> Trying to access array offset on value of type null
in APPPATH\Views\user\v_layanan.php on line 8.
 1 APPPATH\Views\user\v_layanan.php(8): CodeIgniter\Debug\Exceptions->errorHandler(2, 'Trying to access array offset on value of type null', 'APPPATH\\Views\\user\\v_layanan.php', 8)
 2 SYSTEMPATH\View\View.php(213): include('APPPATH\\Views\\user\\v_layanan.php')
 3 SYSTEMPATH\View\View.php(216): CodeIgniter\View\View->CodeIgniter\View\{closure}()
 4 SYSTEMPATH\Common.php(1137): CodeIgniter\View\View->render('user/v_layanan', [], true)
 5 APPPATH\Views\layoutUser\v_content.php(4): view('user/v_layanan')
 6 SYSTEMPATH\View\View.php(213): include('APPPATH\\Views\\layoutUser\\v_content.php')
 7 SYSTEMPATH\View\View.php(216): CodeIgniter\View\View->CodeIgniter\View\{closure}()
 8 SYSTEMPATH\Common.php(1137): CodeIgniter\View\View->render('layoutUser/v_content.php', [], true)
 9 APPPATH\Views\layoutUser\v_wrapper.php(4): view('layoutUser/v_content.php')
10 SYSTEMPATH\View\View.php(213): include('APPPATH\\Views\\layoutUser\\v_wrapper.php')
11 SYSTEMPATH\View\View.php(216): CodeIgniter\View\View->CodeIgniter\View\{closure}()
12 SYSTEMPATH\Common.php(1137): CodeIgniter\View\View->render('layoutUser/v_wrapper', [], true)
13 APPPATH\Controllers\Home.php(34): view('layoutUser/v_wrapper', [...])
14 SYSTEMPATH\CodeIgniter.php(904): App\Controllers\Home->Layanan('assets', 'img', 'portfolio', 'card3.jpg')
15 SYSTEMPATH\CodeIgniter.php(457): CodeIgniter\CodeIgniter->runController(Object(App\Controllers\Home))
16 SYSTEMPATH\CodeIgniter.php(340): CodeIgniter\CodeIgniter->handleRequest(null, Object(Config\Cache), false)
17 FCPATH\index.php(67): CodeIgniter\CodeIgniter->run()
18 SYSTEMPATH\Commands\Server\rewrite.php(43): require_once('FCPATH\\index.php')
CRITICAL - 2022-09-16 08:59:24 --> Trying to access array offset on value of type null
in APPPATH\Views\user\v_layanan.php on line 8.
 1 APPPATH\Views\user\v_layanan.php(8): CodeIgniter\Debug\Exceptions->errorHandler(2, 'Trying to access array offset on value of type null', 'APPPATH\\Views\\user\\v_layanan.php', 8)
 2 SYSTEMPATH\View\View.php(213): include('APPPATH\\Views\\user\\v_layanan.php')
 3 SYSTEMPATH\View\View.php(216): CodeIgniter\View\View->CodeIgniter\View\{closure}()
 4 SYSTEMPATH\Common.php(1137): CodeIgniter\View\View->render('user/v_layanan', [], true)
 5 APPPATH\Views\layoutUser\v_content.php(4): view('user/v_layanan')
 6 SYSTEMPATH\View\View.php(213): include('APPPATH\\Views\\layoutUser\\v_content.php')
 7 SYSTEMPATH\View\View.php(216): CodeIgniter\View\View->CodeIgniter\View\{closure}()
 8 SYSTEMPATH\Common.php(1137): CodeIgniter\View\View->render('layoutUser/v_content.php', [], true)
 9 APPPATH\Views\layoutUser\v_wrapper.php(4): view('layoutUser/v_content.php')
10 SYSTEMPATH\View\View.php(213): include('APPPATH\\Views\\layoutUser\\v_wrapper.php')
11 SYSTEMPATH\View\View.php(216): CodeIgniter\View\View->CodeIgniter\View\{closure}()
12 SYSTEMPATH\Common.php(1137): CodeIgniter\View\View->render('layoutUser/v_wrapper', [], true)
13 APPPATH\Controllers\Home.php(34): view('layoutUser/v_wrapper', [...])
14 SYSTEMPATH\CodeIgniter.php(904): App\Controllers\Home->Layanan('assets', 'img', 'portfolio', 'web1.jpg')
15 SYSTEMPATH\CodeIgniter.php(457): CodeIgniter\CodeIgniter->runController(Object(App\Controllers\Home))
16 SYSTEMPATH\CodeIgniter.php(340): CodeIgniter\CodeIgniter->handleRequest(null, Object(Config\Cache), false)
17 FCPATH\index.php(67): CodeIgniter\CodeIgniter->run()
18 SYSTEMPATH\Commands\Server\rewrite.php(43): require_once('FCPATH\\index.php')
CRITICAL - 2022-09-16 08:59:24 --> Trying to access array offset on value of type null
in APPPATH\Views\user\v_layanan.php on line 8.
 1 APPPATH\Views\user\v_layanan.php(8): CodeIgniter\Debug\Exceptions->errorHandler(2, 'Trying to access array offset on value of type null', 'APPPATH\\Views\\user\\v_layanan.php', 8)
 2 SYSTEMPATH\View\View.php(213): include('APPPATH\\Views\\user\\v_layanan.php')
 3 SYSTEMPATH\View\View.php(216): CodeIgniter\View\View->CodeIgniter\View\{closure}()
 4 SYSTEMPATH\Common.php(1137): CodeIgniter\View\View->render('user/v_layanan', [], true)
 5 APPPATH\Views\layoutUser\v_content.php(4): view('user/v_layanan')
 6 SYSTEMPATH\View\View.php(213): include('APPPATH\\Views\\layoutUser\\v_content.php')
 7 SYSTEMPATH\View\View.php(216): CodeIgniter\View\View->CodeIgniter\View\{closure}()
 8 SYSTEMPATH\Common.php(1137): CodeIgniter\View\View->render('layoutUser/v_content.php', [], true)
 9 APPPATH\Views\layoutUser\v_wrapper.php(4): view('layoutUser/v_content.php')
10 SYSTEMPATH\View\View.php(213): include('APPPATH\\Views\\layoutUser\\v_wrapper.php')
11 SYSTEMPATH\View\View.php(216): CodeIgniter\View\View->CodeIgniter\View\{closure}()
12 SYSTEMPATH\Common.php(1137): CodeIgniter\View\View->render('layoutUser/v_wrapper', [], true)
13 APPPATH\Controllers\Home.php(34): view('layoutUser/v_wrapper', [...])
14 SYSTEMPATH\CodeIgniter.php(904): App\Controllers\Home->Layanan('assets', 'img', 'portfolio', 'app1.jpg')
15 SYSTEMPATH\CodeIgniter.php(457): CodeIgniter\CodeIgniter->runController(Object(App\Controllers\Home))
16 SYSTEMPATH\CodeIgniter.php(340): CodeIgniter\CodeIgniter->handleRequest(null, Object(Config\Cache), false)
17 FCPATH\index.php(67): CodeIgniter\CodeIgniter->run()
18 SYSTEMPATH\Commands\Server\rewrite.php(43): require_once('FCPATH\\index.php')
CRITICAL - 2022-09-16 08:59:25 --> Trying to access array offset on value of type null
in APPPATH\Views\user\v_layanan.php on line 8.
 1 APPPATH\Views\user\v_layanan.php(8): CodeIgniter\Debug\Exceptions->errorHandler(2, 'Trying to access array offset on value of type null', 'APPPATH\\Views\\user\\v_layanan.php', 8)
 2 SYSTEMPATH\View\View.php(213): include('APPPATH\\Views\\user\\v_layanan.php')
 3 SYSTEMPATH\View\View.php(216): CodeIgniter\View\View->CodeIgniter\View\{closure}()
 4 SYSTEMPATH\Common.php(1137): CodeIgniter\View\View->render('user/v_layanan', [], true)
 5 APPPATH\Views\layoutUser\v_content.php(4): view('user/v_layanan')
 6 SYSTEMPATH\View\View.php(213): include('APPPATH\\Views\\layoutUser\\v_content.php')
 7 SYSTEMPATH\View\View.php(216): CodeIgniter\View\View->CodeIgniter\View\{closure}()
 8 SYSTEMPATH\Common.php(1137): CodeIgniter\View\View->render('layoutUser/v_content.php', [], true)
 9 APPPATH\Views\layoutUser\v_wrapper.php(4): view('layoutUser/v_content.php')
10 SYSTEMPATH\View\View.php(213): include('APPPATH\\Views\\layoutUser\\v_wrapper.php')
11 SYSTEMPATH\View\View.php(216): CodeIgniter\View\View->CodeIgniter\View\{closure}()
12 SYSTEMPATH\Common.php(1137): CodeIgniter\View\View->render('layoutUser/v_wrapper', [], true)
13 APPPATH\Controllers\Home.php(34): view('layoutUser/v_wrapper', [...])
14 SYSTEMPATH\CodeIgniter.php(904): App\Controllers\Home->Layanan('assets', 'img', 'portfolio', 'web3.jpg')
15 SYSTEMPATH\CodeIgniter.php(457): CodeIgniter\CodeIgniter->runController(Object(App\Controllers\Home))
16 SYSTEMPATH\CodeIgniter.php(340): CodeIgniter\CodeIgniter->handleRequest(null, Object(Config\Cache), false)
17 FCPATH\index.php(67): CodeIgniter\CodeIgniter->run()
18 SYSTEMPATH\Commands\Server\rewrite.php(43): require_once('FCPATH\\index.php')
CRITICAL - 2022-09-16 08:59:25 --> Trying to access array offset on value of type null
in APPPATH\Views\user\v_layanan.php on line 8.
 1 APPPATH\Views\user\v_layanan.php(8): CodeIgniter\Debug\Exceptions->errorHandler(2, 'Trying to access array offset on value of type null', 'APPPATH\\Views\\user\\v_layanan.php', 8)
 2 SYSTEMPATH\View\View.php(213): include('APPPATH\\Views\\user\\v_layanan.php')
 3 SYSTEMPATH\View\View.php(216): CodeIgniter\View\View->CodeIgniter\View\{closure}()
 4 SYSTEMPATH\Common.php(1137): CodeIgniter\View\View->render('user/v_layanan', [], true)
 5 APPPATH\Views\layoutUser\v_content.php(4): view('user/v_layanan')
 6 SYSTEMPATH\View\View.php(213): include('APPPATH\\Views\\layoutUser\\v_content.php')
 7 SYSTEMPATH\View\View.php(216): CodeIgniter\View\View->CodeIgniter\View\{closure}()
 8 SYSTEMPATH\Common.php(1137): CodeIgniter\View\View->render('layoutUser/v_content.php', [], true)
 9 APPPATH\Views\layoutUser\v_wrapper.php(4): view('layoutUser/v_content.php')
10 SYSTEMPATH\View\View.php(213): include('APPPATH\\Views\\layoutUser\\v_wrapper.php')
11 SYSTEMPATH\View\View.php(216): CodeIgniter\View\View->CodeIgniter\View\{closure}()
12 SYSTEMPATH\Common.php(1137): CodeIgniter\View\View->render('layoutUser/v_wrapper', [], true)
13 APPPATH\Controllers\Home.php(34): view('layoutUser/v_wrapper', [...])
14 SYSTEMPATH\CodeIgniter.php(904): App\Controllers\Home->Layanan('assets', 'img', 'portfolio', 'app2.jpg')
15 SYSTEMPATH\CodeIgniter.php(457): CodeIgniter\CodeIgniter->runController(Object(App\Controllers\Home))
16 SYSTEMPATH\CodeIgniter.php(340): CodeIgniter\CodeIgniter->handleRequest(null, Object(Config\Cache), false)
17 FCPATH\index.php(67): CodeIgniter\CodeIgniter->run()
18 SYSTEMPATH\Commands\Server\rewrite.php(43): require_once('FCPATH\\index.php')
CRITICAL - 2022-09-16 08:59:25 --> Trying to access array offset on value of type null
in APPPATH\Views\user\v_layanan.php on line 8.
 1 APPPATH\Views\user\v_layanan.php(8): CodeIgniter\Debug\Exceptions->errorHandler(2, 'Trying to access array offset on value of type null', 'APPPATH\\Views\\user\\v_layanan.php', 8)
 2 SYSTEMPATH\View\View.php(213): include('APPPATH\\Views\\user\\v_layanan.php')
 3 SYSTEMPATH\View\View.php(216): CodeIgniter\View\View->CodeIgniter\View\{closure}()
 4 SYSTEMPATH\Common.php(1137): CodeIgniter\View\View->render('user/v_layanan', [], true)
 5 APPPATH\Views\layoutUser\v_content.php(4): view('user/v_layanan')
 6 SYSTEMPATH\View\View.php(213): include('APPPATH\\Views\\layoutUser\\v_content.php')
 7 SYSTEMPATH\View\View.php(216): CodeIgniter\View\View->CodeIgniter\View\{closure}()
 8 SYSTEMPATH\Common.php(1137): CodeIgniter\View\View->render('layoutUser/v_content.php', [], true)
 9 APPPATH\Views\layoutUser\v_wrapper.php(4): view('layoutUser/v_content.php')
10 SYSTEMPATH\View\View.php(213): include('APPPATH\\Views\\layoutUser\\v_wrapper.php')
11 SYSTEMPATH\View\View.php(216): CodeIgniter\View\View->CodeIgniter\View\{closure}()
12 SYSTEMPATH\Common.php(1137): CodeIgniter\View\View->render('layoutUser/v_wrapper', [], true)
13 APPPATH\Controllers\Home.php(34): view('layoutUser/v_wrapper', [...])
14 SYSTEMPATH\CodeIgniter.php(904): App\Controllers\Home->Layanan('assets', 'img', 'portfolio', 'card2.jpg')
15 SYSTEMPATH\CodeIgniter.php(457): CodeIgniter\CodeIgniter->runController(Object(App\Controllers\Home))
16 SYSTEMPATH\CodeIgniter.php(340): CodeIgniter\CodeIgniter->handleRequest(null, Object(Config\Cache), false)
17 FCPATH\index.php(67): CodeIgniter\CodeIgniter->run()
18 SYSTEMPATH\Commands\Server\rewrite.php(43): require_once('FCPATH\\index.php')
CRITICAL - 2022-09-16 09:00:09 --> Trying to access array offset on value of type null
in APPPATH\Views\user\v_layanan.php on line 8.
 1 APPPATH\Views\user\v_layanan.php(8): CodeIgniter\Debug\Exceptions->errorHandler(2, 'Trying to access array offset on value of type null', 'APPPATH\\Views\\user\\v_layanan.php', 8)
 2 SYSTEMPATH\View\View.php(213): include('APPPATH\\Views\\user\\v_layanan.php')
 3 SYSTEMPATH\View\View.php(216): CodeIgniter\View\View->CodeIgniter\View\{closure}()
 4 SYSTEMPATH\Common.php(1137): CodeIgniter\View\View->render('user/v_layanan', [], true)
 5 APPPATH\Views\layoutUser\v_content.php(4): view('user/v_layanan')
 6 SYSTEMPATH\View\View.php(213): include('APPPATH\\Views\\layoutUser\\v_content.php')
 7 SYSTEMPATH\View\View.php(216): CodeIgniter\View\View->CodeIgniter\View\{closure}()
 8 SYSTEMPATH\Common.php(1137): CodeIgniter\View\View->render('layoutUser/v_content.php', [], true)
 9 APPPATH\Views\layoutUser\v_wrapper.php(4): view('layoutUser/v_content.php')
10 SYSTEMPATH\View\View.php(213): include('APPPATH\\Views\\layoutUser\\v_wrapper.php')
11 SYSTEMPATH\View\View.php(216): CodeIgniter\View\View->CodeIgniter\View\{closure}()
12 SYSTEMPATH\Common.php(1137): CodeIgniter\View\View->render('layoutUser/v_wrapper', [], true)
13 APPPATH\Controllers\Home.php(34): view('layoutUser/v_wrapper', [...])
14 SYSTEMPATH\CodeIgniter.php(904): App\Controllers\Home->Layanan('assets', 'img', 'portfolio', 'card3.jpg')
15 SYSTEMPATH\CodeIgniter.php(457): CodeIgniter\CodeIgniter->runController(Object(App\Controllers\Home))
16 SYSTEMPATH\CodeIgniter.php(340): CodeIgniter\CodeIgniter->handleRequest(null, Object(Config\Cache), false)
17 FCPATH\index.php(67): CodeIgniter\CodeIgniter->run()
18 SYSTEMPATH\Commands\Server\rewrite.php(43): require_once('FCPATH\\index.php')
CRITICAL - 2022-09-16 09:00:09 --> Trying to access array offset on value of type null
in APPPATH\Views\user\v_layanan.php on line 8.
 1 APPPATH\Views\user\v_layanan.php(8): CodeIgniter\Debug\Exceptions->errorHandler(2, 'Trying to access array offset on value of type null', 'APPPATH\\Views\\user\\v_layanan.php', 8)
 2 SYSTEMPATH\View\View.php(213): include('APPPATH\\Views\\user\\v_layanan.php')
 3 SYSTEMPATH\View\View.php(216): CodeIgniter\View\View->CodeIgniter\View\{closure}()
 4 SYSTEMPATH\Common.php(1137): CodeIgniter\View\View->render('user/v_layanan', [], true)
 5 APPPATH\Views\layoutUser\v_content.php(4): view('user/v_layanan')
 6 SYSTEMPATH\View\View.php(213): include('APPPATH\\Views\\layoutUser\\v_content.php')
 7 SYSTEMPATH\View\View.php(216): CodeIgniter\View\View->CodeIgniter\View\{closure}()
 8 SYSTEMPATH\Common.php(1137): CodeIgniter\View\View->render('layoutUser/v_content.php', [], true)
 9 APPPATH\Views\layoutUser\v_wrapper.php(4): view('layoutUser/v_content.php')
10 SYSTEMPATH\View\View.php(213): include('APPPATH\\Views\\layoutUser\\v_wrapper.php')
11 SYSTEMPATH\View\View.php(216): CodeIgniter\View\View->CodeIgniter\View\{closure}()
12 SYSTEMPATH\Common.php(1137): CodeIgniter\View\View->render('layoutUser/v_wrapper', [], true)
13 APPPATH\Controllers\Home.php(34): view('layoutUser/v_wrapper', [...])
14 SYSTEMPATH\CodeIgniter.php(904): App\Controllers\Home->Layanan('assets', 'img', 'portfolio', 'web2.jpg')
15 SYSTEMPATH\CodeIgniter.php(457): CodeIgniter\CodeIgniter->runController(Object(App\Controllers\Home))
16 SYSTEMPATH\CodeIgniter.php(340): CodeIgniter\CodeIgniter->handleRequest(null, Object(Config\Cache), false)
17 FCPATH\index.php(67): CodeIgniter\CodeIgniter->run()
18 SYSTEMPATH\Commands\Server\rewrite.php(43): require_once('FCPATH\\index.php')
CRITICAL - 2022-09-16 09:00:10 --> Trying to access array offset on value of type null
in APPPATH\Views\user\v_layanan.php on line 8.
 1 APPPATH\Views\user\v_layanan.php(8): CodeIgniter\Debug\Exceptions->errorHandler(2, 'Trying to access array offset on value of type null', 'APPPATH\\Views\\user\\v_layanan.php', 8)
 2 SYSTEMPATH\View\View.php(213): include('APPPATH\\Views\\user\\v_layanan.php')
 3 SYSTEMPATH\View\View.php(216): CodeIgniter\View\View->CodeIgniter\View\{closure}()
 4 SYSTEMPATH\Common.php(1137): CodeIgniter\View\View->render('user/v_layanan', [], true)
 5 APPPATH\Views\layoutUser\v_content.php(4): view('user/v_layanan')
 6 SYSTEMPATH\View\View.php(213): include('APPPATH\\Views\\layoutUser\\v_content.php')
 7 SYSTEMPATH\View\View.php(216): CodeIgniter\View\View->CodeIgniter\View\{closure}()
 8 SYSTEMPATH\Common.php(1137): CodeIgniter\View\View->render('layoutUser/v_content.php', [], true)
 9 APPPATH\Views\layoutUser\v_wrapper.php(4): view('layoutUser/v_content.php')
10 SYSTEMPATH\View\View.php(213): include('APPPATH\\Views\\layoutUser\\v_wrapper.php')
11 SYSTEMPATH\View\View.php(216): CodeIgniter\View\View->CodeIgniter\View\{closure}()
12 SYSTEMPATH\Common.php(1137): CodeIgniter\View\View->render('layoutUser/v_wrapper', [], true)
13 APPPATH\Controllers\Home.php(34): view('layoutUser/v_wrapper', [...])
14 SYSTEMPATH\CodeIgniter.php(904): App\Controllers\Home->Layanan('assets', 'img', 'portfolio', 'app2.jpg')
15 SYSTEMPATH\CodeIgniter.php(457): CodeIgniter\CodeIgniter->runController(Object(App\Controllers\Home))
16 SYSTEMPATH\CodeIgniter.php(340): CodeIgniter\CodeIgniter->handleRequest(null, Object(Config\Cache), false)
17 FCPATH\index.php(67): CodeIgniter\CodeIgniter->run()
18 SYSTEMPATH\Commands\Server\rewrite.php(43): require_once('FCPATH\\index.php')
CRITICAL - 2022-09-16 09:00:10 --> Trying to access array offset on value of type null
in APPPATH\Views\user\v_layanan.php on line 8.
 1 APPPATH\Views\user\v_layanan.php(8): CodeIgniter\Debug\Exceptions->errorHandler(2, 'Trying to access array offset on value of type null', 'APPPATH\\Views\\user\\v_layanan.php', 8)
 2 SYSTEMPATH\View\View.php(213): include('APPPATH\\Views\\user\\v_layanan.php')
 3 SYSTEMPATH\View\View.php(216): CodeIgniter\View\View->CodeIgniter\View\{closure}()
 4 SYSTEMPATH\Common.php(1137): CodeIgniter\View\View->render('user/v_layanan', [], true)
 5 APPPATH\Views\layoutUser\v_content.php(4): view('user/v_layanan')
 6 SYSTEMPATH\View\View.php(213): include('APPPATH\\Views\\layoutUser\\v_content.php')
 7 SYSTEMPATH\View\View.php(216): CodeIgniter\View\View->CodeIgniter\View\{closure}()
 8 SYSTEMPATH\Common.php(1137): CodeIgniter\View\View->render('layoutUser/v_content.php', [], true)
 9 APPPATH\Views\layoutUser\v_wrapper.php(4): view('layoutUser/v_content.php')
10 SYSTEMPATH\View\View.php(213): include('APPPATH\\Views\\layoutUser\\v_wrapper.php')
11 SYSTEMPATH\View\View.php(216): CodeIgniter\View\View->CodeIgniter\View\{closure}()
12 SYSTEMPATH\Common.php(1137): CodeIgniter\View\View->render('layoutUser/v_wrapper', [], true)
13 APPPATH\Controllers\Home.php(34): view('layoutUser/v_wrapper', [...])
14 SYSTEMPATH\CodeIgniter.php(904): App\Controllers\Home->Layanan('assets', 'img', 'portfolio', 'web3.jpg')
15 SYSTEMPATH\CodeIgniter.php(457): CodeIgniter\CodeIgniter->runController(Object(App\Controllers\Home))
16 SYSTEMPATH\CodeIgniter.php(340): CodeIgniter\CodeIgniter->handleRequest(null, Object(Config\Cache), false)
17 FCPATH\index.php(67): CodeIgniter\CodeIgniter->run()
18 SYSTEMPATH\Commands\Server\rewrite.php(43): require_once('FCPATH\\index.php')
CRITICAL - 2022-09-16 09:00:10 --> Trying to access array offset on value of type null
in APPPATH\Views\user\v_layanan.php on line 8.
 1 APPPATH\Views\user\v_layanan.php(8): CodeIgniter\Debug\Exceptions->errorHandler(2, 'Trying to access array offset on value of type null', 'APPPATH\\Views\\user\\v_layanan.php', 8)
 2 SYSTEMPATH\View\View.php(213): include('APPPATH\\Views\\user\\v_layanan.php')
 3 SYSTEMPATH\View\View.php(216): CodeIgniter\View\View->CodeIgniter\View\{closure}()
 4 SYSTEMPATH\Common.php(1137): CodeIgniter\View\View->render('user/v_layanan', [], true)
 5 APPPATH\Views\layoutUser\v_content.php(4): view('user/v_layanan')
 6 SYSTEMPATH\View\View.php(213): include('APPPATH\\Views\\layoutUser\\v_content.php')
 7 SYSTEMPATH\View\View.php(216): CodeIgniter\View\View->CodeIgniter\View\{closure}()
 8 SYSTEMPATH\Common.php(1137): CodeIgniter\View\View->render('layoutUser/v_content.php', [], true)
 9 APPPATH\Views\layoutUser\v_wrapper.php(4): view('layoutUser/v_content.php')
10 SYSTEMPATH\View\View.php(213): include('APPPATH\\Views\\layoutUser\\v_wrapper.php')
11 SYSTEMPATH\View\View.php(216): CodeIgniter\View\View->CodeIgniter\View\{closure}()
12 SYSTEMPATH\Common.php(1137): CodeIgniter\View\View->render('layoutUser/v_wrapper', [], true)
13 APPPATH\Controllers\Home.php(34): view('layoutUser/v_wrapper', [...])
14 SYSTEMPATH\CodeIgniter.php(904): App\Controllers\Home->Layanan('assets', 'img', 'portfolio', 'app1.jpg')
15 SYSTEMPATH\CodeIgniter.php(457): CodeIgniter\CodeIgniter->runController(Object(App\Controllers\Home))
16 SYSTEMPATH\CodeIgniter.php(340): CodeIgniter\CodeIgniter->handleRequest(null, Object(Config\Cache), false)
17 FCPATH\index.php(67): CodeIgniter\CodeIgniter->run()
18 SYSTEMPATH\Commands\Server\rewrite.php(43): require_once('FCPATH\\index.php')
CRITICAL - 2022-09-16 09:00:10 --> Trying to access array offset on value of type null
in APPPATH\Views\user\v_layanan.php on line 8.
 1 APPPATH\Views\user\v_layanan.php(8): CodeIgniter\Debug\Exceptions->errorHandler(2, 'Trying to access array offset on value of type null', 'APPPATH\\Views\\user\\v_layanan.php', 8)
 2 SYSTEMPATH\View\View.php(213): include('APPPATH\\Views\\user\\v_layanan.php')
 3 SYSTEMPATH\View\View.php(216): CodeIgniter\View\View->CodeIgniter\View\{closure}()
 4 SYSTEMPATH\Common.php(1137): CodeIgniter\View\View->render('user/v_layanan', [], true)
 5 APPPATH\Views\layoutUser\v_content.php(4): view('user/v_layanan')
 6 SYSTEMPATH\View\View.php(213): include('APPPATH\\Views\\layoutUser\\v_content.php')
 7 SYSTEMPATH\View\View.php(216): CodeIgniter\View\View->CodeIgniter\View\{closure}()
 8 SYSTEMPATH\Common.php(1137): CodeIgniter\View\View->render('layoutUser/v_content.php', [], true)
 9 APPPATH\Views\layoutUser\v_wrapper.php(4): view('layoutUser/v_content.php')
10 SYSTEMPATH\View\View.php(213): include('APPPATH\\Views\\layoutUser\\v_wrapper.php')
11 SYSTEMPATH\View\View.php(216): CodeIgniter\View\View->CodeIgniter\View\{closure}()
12 SYSTEMPATH\Common.php(1137): CodeIgniter\View\View->render('layoutUser/v_wrapper', [], true)
13 APPPATH\Controllers\Home.php(34): view('layoutUser/v_wrapper', [...])
14 SYSTEMPATH\CodeIgniter.php(904): App\Controllers\Home->Layanan('assets', 'img', 'portfolio', 'app3.jpg')
15 SYSTEMPATH\CodeIgniter.php(457): CodeIgniter\CodeIgniter->runController(Object(App\Controllers\Home))
16 SYSTEMPATH\CodeIgniter.php(340): CodeIgniter\CodeIgniter->handleRequest(null, Object(Config\Cache), false)
17 FCPATH\index.php(67): CodeIgniter\CodeIgniter->run()
18 SYSTEMPATH\Commands\Server\rewrite.php(43): require_once('FCPATH\\index.php')
CRITICAL - 2022-09-16 09:00:10 --> Trying to access array offset on value of type null
in APPPATH\Views\user\v_layanan.php on line 8.
 1 APPPATH\Views\user\v_layanan.php(8): CodeIgniter\Debug\Exceptions->errorHandler(2, 'Trying to access array offset on value of type null', 'APPPATH\\Views\\user\\v_layanan.php', 8)
 2 SYSTEMPATH\View\View.php(213): include('APPPATH\\Views\\user\\v_layanan.php')
 3 SYSTEMPATH\View\View.php(216): CodeIgniter\View\View->CodeIgniter\View\{closure}()
 4 SYSTEMPATH\Common.php(1137): CodeIgniter\View\View->render('user/v_layanan', [], true)
 5 APPPATH\Views\layoutUser\v_content.php(4): view('user/v_layanan')
 6 SYSTEMPATH\View\View.php(213): include('APPPATH\\Views\\layoutUser\\v_content.php')
 7 SYSTEMPATH\View\View.php(216): CodeIgniter\View\View->CodeIgniter\View\{closure}()
 8 SYSTEMPATH\Common.php(1137): CodeIgniter\View\View->render('layoutUser/v_content.php', [], true)
 9 APPPATH\Views\layoutUser\v_wrapper.php(4): view('layoutUser/v_content.php')
10 SYSTEMPATH\View\View.php(213): include('APPPATH\\Views\\layoutUser\\v_wrapper.php')
11 SYSTEMPATH\View\View.php(216): CodeIgniter\View\View->CodeIgniter\View\{closure}()
12 SYSTEMPATH\Common.php(1137): CodeIgniter\View\View->render('layoutUser/v_wrapper', [], true)
13 APPPATH\Controllers\Home.php(34): view('layoutUser/v_wrapper', [...])
14 SYSTEMPATH\CodeIgniter.php(904): App\Controllers\Home->Layanan('assets', 'img', 'portfolio', 'card2.jpg')
15 SYSTEMPATH\CodeIgniter.php(457): CodeIgniter\CodeIgniter->runController(Object(App\Controllers\Home))
16 SYSTEMPATH\CodeIgniter.php(340): CodeIgniter\CodeIgniter->handleRequest(null, Object(Config\Cache), false)
17 FCPATH\index.php(67): CodeIgniter\CodeIgniter->run()
18 SYSTEMPATH\Commands\Server\rewrite.php(43): require_once('FCPATH\\index.php')
CRITICAL - 2022-09-16 09:00:10 --> Trying to access array offset on value of type null
in APPPATH\Views\user\v_layanan.php on line 8.
 1 APPPATH\Views\user\v_layanan.php(8): CodeIgniter\Debug\Exceptions->errorHandler(2, 'Trying to access array offset on value of type null', 'APPPATH\\Views\\user\\v_layanan.php', 8)
 2 SYSTEMPATH\View\View.php(213): include('APPPATH\\Views\\user\\v_layanan.php')
 3 SYSTEMPATH\View\View.php(216): CodeIgniter\View\View->CodeIgniter\View\{closure}()
 4 SYSTEMPATH\Common.php(1137): CodeIgniter\View\View->render('user/v_layanan', [], true)
 5 APPPATH\Views\layoutUser\v_content.php(4): view('user/v_layanan')
 6 SYSTEMPATH\View\View.php(213): include('APPPATH\\Views\\layoutUser\\v_content.php')
 7 SYSTEMPATH\View\View.php(216): CodeIgniter\View\View->CodeIgniter\View\{closure}()
 8 SYSTEMPATH\Common.php(1137): CodeIgniter\View\View->render('layoutUser/v_content.php', [], true)
 9 APPPATH\Views\layoutUser\v_wrapper.php(4): view('layoutUser/v_content.php')
10 SYSTEMPATH\View\View.php(213): include('APPPATH\\Views\\layoutUser\\v_wrapper.php')
11 SYSTEMPATH\View\View.php(216): CodeIgniter\View\View->CodeIgniter\View\{closure}()
12 SYSTEMPATH\Common.php(1137): CodeIgniter\View\View->render('layoutUser/v_wrapper', [], true)
13 APPPATH\Controllers\Home.php(34): view('layoutUser/v_wrapper', [...])
14 SYSTEMPATH\CodeIgniter.php(904): App\Controllers\Home->Layanan('assets', 'img', 'portfolio', 'card1.jpg')
15 SYSTEMPATH\CodeIgniter.php(457): CodeIgniter\CodeIgniter->runController(Object(App\Controllers\Home))
16 SYSTEMPATH\CodeIgniter.php(340): CodeIgniter\CodeIgniter->handleRequest(null, Object(Config\Cache), false)
17 FCPATH\index.php(67): CodeIgniter\CodeIgniter->run()
18 SYSTEMPATH\Commands\Server\rewrite.php(43): require_once('FCPATH\\index.php')
CRITICAL - 2022-09-16 09:00:11 --> Trying to access array offset on value of type null
in APPPATH\Views\user\v_layanan.php on line 8.
 1 APPPATH\Views\user\v_layanan.php(8): CodeIgniter\Debug\Exceptions->errorHandler(2, 'Trying to access array offset on value of type null', 'APPPATH\\Views\\user\\v_layanan.php', 8)
 2 SYSTEMPATH\View\View.php(213): include('APPPATH\\Views\\user\\v_layanan.php')
 3 SYSTEMPATH\View\View.php(216): CodeIgniter\View\View->CodeIgniter\View\{closure}()
 4 SYSTEMPATH\Common.php(1137): CodeIgniter\View\View->render('user/v_layanan', [], true)
 5 APPPATH\Views\layoutUser\v_content.php(4): view('user/v_layanan')
 6 SYSTEMPATH\View\View.php(213): include('APPPATH\\Views\\layoutUser\\v_content.php')
 7 SYSTEMPATH\View\View.php(216): CodeIgniter\View\View->CodeIgniter\View\{closure}()
 8 SYSTEMPATH\Common.php(1137): CodeIgniter\View\View->render('layoutUser/v_content.php', [], true)
 9 APPPATH\Views\layoutUser\v_wrapper.php(4): view('layoutUser/v_content.php')
10 SYSTEMPATH\View\View.php(213): include('APPPATH\\Views\\layoutUser\\v_wrapper.php')
11 SYSTEMPATH\View\View.php(216): CodeIgniter\View\View->CodeIgniter\View\{closure}()
12 SYSTEMPATH\Common.php(1137): CodeIgniter\View\View->render('layoutUser/v_wrapper', [], true)
13 APPPATH\Controllers\Home.php(34): view('layoutUser/v_wrapper', [...])
14 SYSTEMPATH\CodeIgniter.php(904): App\Controllers\Home->Layanan('assets', 'img', 'portfolio', 'web1.jpg')
15 SYSTEMPATH\CodeIgniter.php(457): CodeIgniter\CodeIgniter->runController(Object(App\Controllers\Home))
16 SYSTEMPATH\CodeIgniter.php(340): CodeIgniter\CodeIgniter->handleRequest(null, Object(Config\Cache), false)
17 FCPATH\index.php(67): CodeIgniter\CodeIgniter->run()
18 SYSTEMPATH\Commands\Server\rewrite.php(43): require_once('FCPATH\\index.php')
CRITICAL - 2022-09-16 09:03:45 --> Undefined variable $value
in APPPATH\Views\user\v_layanan.php on line 31.
 1 APPPATH\Views\user\v_layanan.php(31): CodeIgniter\Debug\Exceptions->errorHandler(2, 'Undefined variable $value', 'APPPATH\\Views\\user\\v_layanan.php', 31)
 2 SYSTEMPATH\View\View.php(213): include('APPPATH\\Views\\user\\v_layanan.php')
 3 SYSTEMPATH\View\View.php(216): CodeIgniter\View\View->CodeIgniter\View\{closure}()
 4 SYSTEMPATH\Common.php(1137): CodeIgniter\View\View->render('user/v_layanan', [], true)
 5 APPPATH\Views\layoutUser\v_content.php(4): view('user/v_layanan')
 6 SYSTEMPATH\View\View.php(213): include('APPPATH\\Views\\layoutUser\\v_content.php')
 7 SYSTEMPATH\View\View.php(216): CodeIgniter\View\View->CodeIgniter\View\{closure}()
 8 SYSTEMPATH\Common.php(1137): CodeIgniter\View\View->render('layoutUser/v_content.php', [], true)
 9 APPPATH\Views\layoutUser\v_wrapper.php(4): view('layoutUser/v_content.php')
10 SYSTEMPATH\View\View.php(213): include('APPPATH\\Views\\layoutUser\\v_wrapper.php')
11 SYSTEMPATH\View\View.php(216): CodeIgniter\View\View->CodeIgniter\View\{closure}()
12 SYSTEMPATH\Common.php(1137): CodeIgniter\View\View->render('layoutUser/v_wrapper', [], true)
13 APPPATH\Controllers\Home.php(35): view('layoutUser/v_wrapper', [...])
14 SYSTEMPATH\CodeIgniter.php(904): App\Controllers\Home->Layanan('19')
15 SYSTEMPATH\CodeIgniter.php(457): CodeIgniter\CodeIgniter->runController(Object(App\Controllers\Home))
16 SYSTEMPATH\CodeIgniter.php(340): CodeIgniter\CodeIgniter->handleRequest(null, Object(Config\Cache), false)
17 FCPATH\index.php(67): CodeIgniter\CodeIgniter->run()
18 SYSTEMPATH\Commands\Server\rewrite.php(43): require_once('FCPATH\\index.php')
CRITICAL - 2022-09-16 09:04:20 --> Undefined array key "nama_gambar"
in APPPATH\Views\user\v_layanan.php on line 31.
 1 APPPATH\Views\user\v_layanan.php(31): CodeIgniter\Debug\Exceptions->errorHandler(2, 'Undefined array key "nama_gambar"', 'APPPATH\\Views\\user\\v_layanan.php', 31)
 2 SYSTEMPATH\View\View.php(213): include('APPPATH\\Views\\user\\v_layanan.php')
 3 SYSTEMPATH\View\View.php(216): CodeIgniter\View\View->CodeIgniter\View\{closure}()
 4 SYSTEMPATH\Common.php(1137): CodeIgniter\View\View->render('user/v_layanan', [], true)
 5 APPPATH\Views\layoutUser\v_content.php(4): view('user/v_layanan')
 6 SYSTEMPATH\View\View.php(213): include('APPPATH\\Views\\layoutUser\\v_content.php')
 7 SYSTEMPATH\View\View.php(216): CodeIgniter\View\View->CodeIgniter\View\{closure}()
 8 SYSTEMPATH\Common.php(1137): CodeIgniter\View\View->render('layoutUser/v_content.php', [], true)
 9 APPPATH\Views\layoutUser\v_wrapper.php(4): view('layoutUser/v_content.php')
10 SYSTEMPATH\View\View.php(213): include('APPPATH\\Views\\layoutUser\\v_wrapper.php')
11 SYSTEMPATH\View\View.php(216): CodeIgniter\View\View->CodeIgniter\View\{closure}()
12 SYSTEMPATH\Common.php(1137): CodeIgniter\View\View->render('layoutUser/v_wrapper', [], true)
13 APPPATH\Controllers\Home.php(35): view('layoutUser/v_wrapper', [...])
14 SYSTEMPATH\CodeIgniter.php(904): App\Controllers\Home->Layanan('19')
15 SYSTEMPATH\CodeIgniter.php(457): CodeIgniter\CodeIgniter->runController(Object(App\Controllers\Home))
16 SYSTEMPATH\CodeIgniter.php(340): CodeIgniter\CodeIgniter->handleRequest(null, Object(Config\Cache), false)
17 FCPATH\index.php(67): CodeIgniter\CodeIgniter->run()
18 SYSTEMPATH\Commands\Server\rewrite.php(43): require_once('FCPATH\\index.php')
CRITICAL - 2022-09-16 09:04:39 --> Undefined array key "nama_gambar"
in APPPATH\Views\user\v_layanan.php on line 31.
 1 APPPATH\Views\user\v_layanan.php(31): CodeIgniter\Debug\Exceptions->errorHandler(2, 'Undefined array key "nama_gambar"', 'APPPATH\\Views\\user\\v_layanan.php', 31)
 2 SYSTEMPATH\View\View.php(213): include('APPPATH\\Views\\user\\v_layanan.php')
 3 SYSTEMPATH\View\View.php(216): CodeIgniter\View\View->CodeIgniter\View\{closure}()
 4 SYSTEMPATH\Common.php(1137): CodeIgniter\View\View->render('user/v_layanan', [], true)
 5 APPPATH\Views\layoutUser\v_content.php(4): view('user/v_layanan')
 6 SYSTEMPATH\View\View.php(213): include('APPPATH\\Views\\layoutUser\\v_content.php')
 7 SYSTEMPATH\View\View.php(216): CodeIgniter\View\View->CodeIgniter\View\{closure}()
 8 SYSTEMPATH\Common.php(1137): CodeIgniter\View\View->render('layoutUser/v_content.php', [], true)
 9 APPPATH\Views\layoutUser\v_wrapper.php(4): view('layoutUser/v_content.php')
10 SYSTEMPATH\View\View.php(213): include('APPPATH\\Views\\layoutUser\\v_wrapper.php')
11 SYSTEMPATH\View\View.php(216): CodeIgniter\View\View->CodeIgniter\View\{closure}()
12 SYSTEMPATH\Common.php(1137): CodeIgniter\View\View->render('layoutUser/v_wrapper', [], true)
13 APPPATH\Controllers\Home.php(35): view('layoutUser/v_wrapper', [...])
14 SYSTEMPATH\CodeIgniter.php(904): App\Controllers\Home->Layanan('19')
15 SYSTEMPATH\CodeIgniter.php(457): CodeIgniter\CodeIgniter->runController(Object(App\Controllers\Home))
16 SYSTEMPATH\CodeIgniter.php(340): CodeIgniter\CodeIgniter->handleRequest(null, Object(Config\Cache), false)
17 FCPATH\index.php(67): CodeIgniter\CodeIgniter->run()
18 SYSTEMPATH\Commands\Server\rewrite.php(43): require_once('FCPATH\\index.php')
CRITICAL - 2022-09-16 09:05:44 --> Undefined array key "nama_gambar"
in APPPATH\Views\user\v_layanan.php on line 31.
 1 APPPATH\Views\user\v_layanan.php(31): CodeIgniter\Debug\Exceptions->errorHandler(2, 'Undefined array key "nama_gambar"', 'APPPATH\\Views\\user\\v_layanan.php', 31)
 2 SYSTEMPATH\View\View.php(213): include('APPPATH\\Views\\user\\v_layanan.php')
 3 SYSTEMPATH\View\View.php(216): CodeIgniter\View\View->CodeIgniter\View\{closure}()
 4 SYSTEMPATH\Common.php(1137): CodeIgniter\View\View->render('user/v_layanan', [], true)
 5 APPPATH\Views\layoutUser\v_content.php(4): view('user/v_layanan')
 6 SYSTEMPATH\View\View.php(213): include('APPPATH\\Views\\layoutUser\\v_content.php')
 7 SYSTEMPATH\View\View.php(216): CodeIgniter\View\View->CodeIgniter\View\{closure}()
 8 SYSTEMPATH\Common.php(1137): CodeIgniter\View\View->render('layoutUser/v_content.php', [], true)
 9 APPPATH\Views\layoutUser\v_wrapper.php(4): view('layoutUser/v_content.php')
10 SYSTEMPATH\View\View.php(213): include('APPPATH\\Views\\layoutUser\\v_wrapper.php')
11 SYSTEMPATH\View\View.php(216): CodeIgniter\View\View->CodeIgniter\View\{closure}()
12 SYSTEMPATH\Common.php(1137): CodeIgniter\View\View->render('layoutUser/v_wrapper', [], true)
13 APPPATH\Controllers\Home.php(35): view('layoutUser/v_wrapper', [...])
14 SYSTEMPATH\CodeIgniter.php(904): App\Controllers\Home->Layanan('19')
15 SYSTEMPATH\CodeIgniter.php(457): CodeIgniter\CodeIgniter->runController(Object(App\Controllers\Home))
16 SYSTEMPATH\CodeIgniter.php(340): CodeIgniter\CodeIgniter->handleRequest(null, Object(Config\Cache), false)
17 FCPATH\index.php(67): CodeIgniter\CodeIgniter->run()
18 SYSTEMPATH\Commands\Server\rewrite.php(43): require_once('FCPATH\\index.php')
CRITICAL - 2022-09-16 09:05:58 --> Undefined array key "nama_gambar"
in APPPATH\Views\user\v_layanan.php on line 31.
 1 APPPATH\Views\user\v_layanan.php(31): CodeIgniter\Debug\Exceptions->errorHandler(2, 'Undefined array key "nama_gambar"', 'APPPATH\\Views\\user\\v_layanan.php', 31)
 2 SYSTEMPATH\View\View.php(213): include('APPPATH\\Views\\user\\v_layanan.php')
 3 SYSTEMPATH\View\View.php(216): CodeIgniter\View\View->CodeIgniter\View\{closure}()
 4 SYSTEMPATH\Common.php(1137): CodeIgniter\View\View->render('user/v_layanan', [], true)
 5 APPPATH\Views\layoutUser\v_content.php(4): view('user/v_layanan')
 6 SYSTEMPATH\View\View.php(213): include('APPPATH\\Views\\layoutUser\\v_content.php')
 7 SYSTEMPATH\View\View.php(216): CodeIgniter\View\View->CodeIgniter\View\{closure}()
 8 SYSTEMPATH\Common.php(1137): CodeIgniter\View\View->render('layoutUser/v_content.php', [], true)
 9 APPPATH\Views\layoutUser\v_wrapper.php(4): view('layoutUser/v_content.php')
10 SYSTEMPATH\View\View.php(213): include('APPPATH\\Views\\layoutUser\\v_wrapper.php')
11 SYSTEMPATH\View\View.php(216): CodeIgniter\View\View->CodeIgniter\View\{closure}()
12 SYSTEMPATH\Common.php(1137): CodeIgniter\View\View->render('layoutUser/v_wrapper', [], true)
13 APPPATH\Controllers\Home.php(35): view('layoutUser/v_wrapper', [...])
14 SYSTEMPATH\CodeIgniter.php(904): App\Controllers\Home->Layanan('19')
15 SYSTEMPATH\CodeIgniter.php(457): CodeIgniter\CodeIgniter->runController(Object(App\Controllers\Home))
16 SYSTEMPATH\CodeIgniter.php(340): CodeIgniter\CodeIgniter->handleRequest(null, Object(Config\Cache), false)
17 FCPATH\index.php(67): CodeIgniter\CodeIgniter->run()
18 SYSTEMPATH\Commands\Server\rewrite.php(43): require_once('FCPATH\\index.php')
CRITICAL - 2022-09-16 09:06:37 --> Undefined array key "nama_gambar"
in APPPATH\Views\user\v_layanan.php on line 31.
 1 APPPATH\Views\user\v_layanan.php(31): CodeIgniter\Debug\Exceptions->errorHandler(2, 'Undefined array key "nama_gambar"', 'APPPATH\\Views\\user\\v_layanan.php', 31)
 2 SYSTEMPATH\View\View.php(213): include('APPPATH\\Views\\user\\v_layanan.php')
 3 SYSTEMPATH\View\View.php(216): CodeIgniter\View\View->CodeIgniter\View\{closure}()
 4 SYSTEMPATH\Common.php(1137): CodeIgniter\View\View->render('user/v_layanan', [], true)
 5 APPPATH\Views\layoutUser\v_content.php(4): view('user/v_layanan')
 6 SYSTEMPATH\View\View.php(213): include('APPPATH\\Views\\layoutUser\\v_content.php')
 7 SYSTEMPATH\View\View.php(216): CodeIgniter\View\View->CodeIgniter\View\{closure}()
 8 SYSTEMPATH\Common.php(1137): CodeIgniter\View\View->render('layoutUser/v_content.php', [], true)
 9 APPPATH\Views\layoutUser\v_wrapper.php(4): view('layoutUser/v_content.php')
10 SYSTEMPATH\View\View.php(213): include('APPPATH\\Views\\layoutUser\\v_wrapper.php')
11 SYSTEMPATH\View\View.php(216): CodeIgniter\View\View->CodeIgniter\View\{closure}()
12 SYSTEMPATH\Common.php(1137): CodeIgniter\View\View->render('layoutUser/v_wrapper', [], true)
13 APPPATH\Controllers\Home.php(35): view('layoutUser/v_wrapper', [...])
14 SYSTEMPATH\CodeIgniter.php(904): App\Controllers\Home->Layanan('19')
15 SYSTEMPATH\CodeIgniter.php(457): CodeIgniter\CodeIgniter->runController(Object(App\Controllers\Home))
16 SYSTEMPATH\CodeIgniter.php(340): CodeIgniter\CodeIgniter->handleRequest(null, Object(Config\Cache), false)
17 FCPATH\index.php(67): CodeIgniter\CodeIgniter->run()
18 SYSTEMPATH\Commands\Server\rewrite.php(43): require_once('FCPATH\\index.php')
CRITICAL - 2022-09-16 09:06:58 --> Undefined array key "nama_gambar"
in APPPATH\Views\user\v_layanan.php on line 31.
 1 APPPATH\Views\user\v_layanan.php(31): CodeIgniter\Debug\Exceptions->errorHandler(2, 'Undefined array key "nama_gambar"', 'APPPATH\\Views\\user\\v_layanan.php', 31)
 2 SYSTEMPATH\View\View.php(213): include('APPPATH\\Views\\user\\v_layanan.php')
 3 SYSTEMPATH\View\View.php(216): CodeIgniter\View\View->CodeIgniter\View\{closure}()
 4 SYSTEMPATH\Common.php(1137): CodeIgniter\View\View->render('user/v_layanan', [], true)
 5 APPPATH\Views\layoutUser\v_content.php(4): view('user/v_layanan')
 6 SYSTEMPATH\View\View.php(213): include('APPPATH\\Views\\layoutUser\\v_content.php')
 7 SYSTEMPATH\View\View.php(216): CodeIgniter\View\View->CodeIgniter\View\{closure}()
 8 SYSTEMPATH\Common.php(1137): CodeIgniter\View\View->render('layoutUser/v_content.php', [], true)
 9 APPPATH\Views\layoutUser\v_wrapper.php(4): view('layoutUser/v_content.php')
10 SYSTEMPATH\View\View.php(213): include('APPPATH\\Views\\layoutUser\\v_wrapper.php')
11 SYSTEMPATH\View\View.php(216): CodeIgniter\View\View->CodeIgniter\View\{closure}()
12 SYSTEMPATH\Common.php(1137): CodeIgniter\View\View->render('layoutUser/v_wrapper', [], true)
13 APPPATH\Controllers\Home.php(35): view('layoutUser/v_wrapper', [...])
14 SYSTEMPATH\CodeIgniter.php(904): App\Controllers\Home->Layanan('19')
15 SYSTEMPATH\CodeIgniter.php(457): CodeIgniter\CodeIgniter->runController(Object(App\Controllers\Home))
16 SYSTEMPATH\CodeIgniter.php(340): CodeIgniter\CodeIgniter->handleRequest(null, Object(Config\Cache), false)
17 FCPATH\index.php(67): CodeIgniter\CodeIgniter->run()
18 SYSTEMPATH\Commands\Server\rewrite.php(43): require_once('FCPATH\\index.php')
