CRITICAL - 2022-09-17 05:00:33 --> syntax error, unexpected token ")"
in APPPATH\Views\layoutAdmin\v_nav.php on line 16.
 1 SYSTEMPATH\View\View.php(216): CodeIgniter\View\View->CodeIgniter\View\{closure}()
 2 SYSTEMPATH\Common.php(1137): CodeIgniter\View\View->render('layoutAdmin/v_nav.php', [], true)
 3 APPPATH\Views\layoutAdmin\v_wrapper.php(4): view('layoutAdmin/v_nav.php')
 4 SYSTEMPATH\View\View.php(213): include('APPPATH\\Views\\layoutAdmin\\v_wrapper.php')
 5 SYSTEMPATH\View\View.php(216): CodeIgniter\View\View->CodeIgniter\View\{closure}()
 6 SYSTEMPATH\Common.php(1137): CodeIgniter\View\View->render('layoutAdmin/v_wrapper', [], true)
 7 APPPATH\Controllers\Admin\HomeAdmin.php(26): view('layoutAdmin/v_wrapper', [...])
 8 SYSTEMPATH\CodeIgniter.php(904): App\Controllers\Admin\HomeAdmin->index()
 9 SYSTEMPATH\CodeIgniter.php(457): CodeIgniter\CodeIgniter->runController(Object(App\Controllers\Admin\HomeAdmin))
10 SYSTEMPATH\CodeIgniter.php(340): CodeIgniter\CodeIgniter->handleRequest(null, Object(Config\Cache), false)
11 FCPATH\index.php(67): CodeIgniter\CodeIgniter->run()
12 SYSTEMPATH\Commands\Server\rewrite.php(43): require_once('FCPATH\\index.php')
CRITICAL - 2022-09-17 05:00:49 --> syntax error, unexpected token ")"
in APPPATH\Views\layoutAdmin\v_nav.php on line 16.
 1 SYSTEMPATH\View\View.php(216): CodeIgniter\View\View->CodeIgniter\View\{closure}()
 2 SYSTEMPATH\Common.php(1137): CodeIgniter\View\View->render('layoutAdmin/v_nav.php', [], true)
 3 APPPATH\Views\layoutAdmin\v_wrapper.php(4): view('layoutAdmin/v_nav.php')
 4 SYSTEMPATH\View\View.php(213): include('APPPATH\\Views\\layoutAdmin\\v_wrapper.php')
 5 SYSTEMPATH\View\View.php(216): CodeIgniter\View\View->CodeIgniter\View\{closure}()
 6 SYSTEMPATH\Common.php(1137): CodeIgniter\View\View->render('layoutAdmin/v_wrapper', [], true)
 7 APPPATH\Controllers\Admin\HomeAdmin.php(26): view('layoutAdmin/v_wrapper', [...])
 8 SYSTEMPATH\CodeIgniter.php(904): App\Controllers\Admin\HomeAdmin->index()
 9 SYSTEMPATH\CodeIgniter.php(457): CodeIgniter\CodeIgniter->runController(Object(App\Controllers\Admin\HomeAdmin))
10 SYSTEMPATH\CodeIgniter.php(340): CodeIgniter\CodeIgniter->handleRequest(null, Object(Config\Cache), false)
11 FCPATH\index.php(67): CodeIgniter\CodeIgniter->run()
12 SYSTEMPATH\Commands\Server\rewrite.php(43): require_once('FCPATH\\index.php')
CRITICAL - 2022-09-17 05:01:06 --> syntax error, unexpected token ")"
in APPPATH\Views\layoutAdmin\v_nav.php on line 16.
 1 SYSTEMPATH\View\View.php(216): CodeIgniter\View\View->CodeIgniter\View\{closure}()
 2 SYSTEMPATH\Common.php(1137): CodeIgniter\View\View->render('layoutAdmin/v_nav.php', [], true)
 3 APPPATH\Views\layoutAdmin\v_wrapper.php(4): view('layoutAdmin/v_nav.php')
 4 SYSTEMPATH\View\View.php(213): include('APPPATH\\Views\\layoutAdmin\\v_wrapper.php')
 5 SYSTEMPATH\View\View.php(216): CodeIgniter\View\View->CodeIgniter\View\{closure}()
 6 SYSTEMPATH\Common.php(1137): CodeIgniter\View\View->render('layoutAdmin/v_wrapper', [], true)
 7 APPPATH\Controllers\Admin\HomeAdmin.php(26): view('layoutAdmin/v_wrapper', [...])
 8 SYSTEMPATH\CodeIgniter.php(904): App\Controllers\Admin\HomeAdmin->index()
 9 SYSTEMPATH\CodeIgniter.php(457): CodeIgniter\CodeIgniter->runController(Object(App\Controllers\Admin\HomeAdmin))
10 SYSTEMPATH\CodeIgniter.php(340): CodeIgniter\CodeIgniter->handleRequest(null, Object(Config\Cache), false)
11 FCPATH\index.php(67): CodeIgniter\CodeIgniter->run()
12 SYSTEMPATH\Commands\Server\rewrite.php(43): require_once('FCPATH\\index.php')
CRITICAL - 2022-09-17 05:15:32 --> Undefined property: CodeIgniter\View\View::$url
in APPPATH\Views\layoutAdmin\v_nav.php on line 30.
 1 APPPATH\Views\layoutAdmin\v_nav.php(30): CodeIgniter\Debug\Exceptions->errorHandler(2, 'Undefined property: CodeIgniter\\View\\View::$url', 'APPPATH\\Views\\layoutAdmin\\v_nav.php', 30)
 2 SYSTEMPATH\View\View.php(213): include('APPPATH\\Views\\layoutAdmin\\v_nav.php')
 3 SYSTEMPATH\View\View.php(216): CodeIgniter\View\View->CodeIgniter\View\{closure}()
 4 SYSTEMPATH\Common.php(1137): CodeIgniter\View\View->render('layoutAdmin/v_nav.php', [], true)
 5 APPPATH\Views\layoutAdmin\v_wrapper.php(4): view('layoutAdmin/v_nav.php')
 6 SYSTEMPATH\View\View.php(213): include('APPPATH\\Views\\layoutAdmin\\v_wrapper.php')
 7 SYSTEMPATH\View\View.php(216): CodeIgniter\View\View->CodeIgniter\View\{closure}()
 8 SYSTEMPATH\Common.php(1137): CodeIgniter\View\View->render('layoutAdmin/v_wrapper', [], true)
 9 APPPATH\Controllers\Admin\HomeAdmin.php(203): view('layoutAdmin/v_wrapper', [...])
10 SYSTEMPATH\CodeIgniter.php(904): App\Controllers\Admin\HomeAdmin->TambahGaleriLayanan()
11 SYSTEMPATH\CodeIgniter.php(457): CodeIgniter\CodeIgniter->runController(Object(App\Controllers\Admin\HomeAdmin))
12 SYSTEMPATH\CodeIgniter.php(340): CodeIgniter\CodeIgniter->handleRequest(null, Object(Config\Cache), false)
13 FCPATH\index.php(67): CodeIgniter\CodeIgniter->run()
14 SYSTEMPATH\Commands\Server\rewrite.php(43): require_once('FCPATH\\index.php')
CRITICAL - 2022-09-17 05:32:03 --> Undefined property: CodeIgniter\View\View::$uri
in APPPATH\Views\layoutAdmin\v_nav.php on line 30.
 1 APPPATH\Views\layoutAdmin\v_nav.php(30): CodeIgniter\Debug\Exceptions->errorHandler(2, 'Undefined property: CodeIgniter\\View\\View::$uri', 'APPPATH\\Views\\layoutAdmin\\v_nav.php', 30)
 2 SYSTEMPATH\View\View.php(213): include('APPPATH\\Views\\layoutAdmin\\v_nav.php')
 3 SYSTEMPATH\View\View.php(216): CodeIgniter\View\View->CodeIgniter\View\{closure}()
 4 SYSTEMPATH\Common.php(1137): CodeIgniter\View\View->render('layoutAdmin/v_nav.php', [], true)
 5 APPPATH\Views\layoutAdmin\v_wrapper.php(4): view('layoutAdmin/v_nav.php')
 6 SYSTEMPATH\View\View.php(213): include('APPPATH\\Views\\layoutAdmin\\v_wrapper.php')
 7 SYSTEMPATH\View\View.php(216): CodeIgniter\View\View->CodeIgniter\View\{closure}()
 8 SYSTEMPATH\Common.php(1137): CodeIgniter\View\View->render('layoutAdmin/v_wrapper', [], true)
 9 APPPATH\Controllers\Admin\HomeAdmin.php(203): view('layoutAdmin/v_wrapper', [...])
10 SYSTEMPATH\CodeIgniter.php(904): App\Controllers\Admin\HomeAdmin->TambahGaleriLayanan()
11 SYSTEMPATH\CodeIgniter.php(457): CodeIgniter\CodeIgniter->runController(Object(App\Controllers\Admin\HomeAdmin))
12 SYSTEMPATH\CodeIgniter.php(340): CodeIgniter\CodeIgniter->handleRequest(null, Object(Config\Cache), false)
13 FCPATH\index.php(67): CodeIgniter\CodeIgniter->run()
14 SYSTEMPATH\Commands\Server\rewrite.php(43): require_once('FCPATH\\index.php')
CRITICAL - 2022-09-17 05:32:51 --> Undefined property: CodeIgniter\View\View::$uri
in APPPATH\Views\layoutAdmin\v_nav.php on line 30.
 1 APPPATH\Views\layoutAdmin\v_nav.php(30): CodeIgniter\Debug\Exceptions->errorHandler(2, 'Undefined property: CodeIgniter\\View\\View::$uri', 'APPPATH\\Views\\layoutAdmin\\v_nav.php', 30)
 2 SYSTEMPATH\View\View.php(213): include('APPPATH\\Views\\layoutAdmin\\v_nav.php')
 3 SYSTEMPATH\View\View.php(216): CodeIgniter\View\View->CodeIgniter\View\{closure}()
 4 SYSTEMPATH\Common.php(1137): CodeIgniter\View\View->render('layoutAdmin/v_nav.php', [], true)
 5 APPPATH\Views\layoutAdmin\v_wrapper.php(4): view('layoutAdmin/v_nav.php')
 6 SYSTEMPATH\View\View.php(213): include('APPPATH\\Views\\layoutAdmin\\v_wrapper.php')
 7 SYSTEMPATH\View\View.php(216): CodeIgniter\View\View->CodeIgniter\View\{closure}()
 8 SYSTEMPATH\Common.php(1137): CodeIgniter\View\View->render('layoutAdmin/v_wrapper', [], true)
 9 APPPATH\Controllers\Admin\HomeAdmin.php(203): view('layoutAdmin/v_wrapper', [...])
10 SYSTEMPATH\CodeIgniter.php(904): App\Controllers\Admin\HomeAdmin->TambahGaleriLayanan()
11 SYSTEMPATH\CodeIgniter.php(457): CodeIgniter\CodeIgniter->runController(Object(App\Controllers\Admin\HomeAdmin))
12 SYSTEMPATH\CodeIgniter.php(340): CodeIgniter\CodeIgniter->handleRequest(null, Object(Config\Cache), false)
13 FCPATH\index.php(67): CodeIgniter\CodeIgniter->run()
14 SYSTEMPATH\Commands\Server\rewrite.php(43): require_once('FCPATH\\index.php')
CRITICAL - 2022-09-17 05:34:44 --> Undefined property: CodeIgniter\View\View::$uri
in APPPATH\Views\layoutAdmin\v_nav.php on line 30.
 1 APPPATH\Views\layoutAdmin\v_nav.php(30): CodeIgniter\Debug\Exceptions->errorHandler(2, 'Undefined property: CodeIgniter\\View\\View::$uri', 'APPPATH\\Views\\layoutAdmin\\v_nav.php', 30)
 2 SYSTEMPATH\View\View.php(213): include('APPPATH\\Views\\layoutAdmin\\v_nav.php')
 3 SYSTEMPATH\View\View.php(216): CodeIgniter\View\View->CodeIgniter\View\{closure}()
 4 SYSTEMPATH\Common.php(1137): CodeIgniter\View\View->render('layoutAdmin/v_nav.php', [], true)
 5 APPPATH\Views\layoutAdmin\v_wrapper.php(4): view('layoutAdmin/v_nav.php')
 6 SYSTEMPATH\View\View.php(213): include('APPPATH\\Views\\layoutAdmin\\v_wrapper.php')
 7 SYSTEMPATH\View\View.php(216): CodeIgniter\View\View->CodeIgniter\View\{closure}()
 8 SYSTEMPATH\Common.php(1137): CodeIgniter\View\View->render('layoutAdmin/v_wrapper', [], true)
 9 APPPATH\Controllers\Admin\HomeAdmin.php(203): view('layoutAdmin/v_wrapper', [...])
10 SYSTEMPATH\CodeIgniter.php(904): App\Controllers\Admin\HomeAdmin->TambahGaleriLayanan()
11 SYSTEMPATH\CodeIgniter.php(457): CodeIgniter\CodeIgniter->runController(Object(App\Controllers\Admin\HomeAdmin))
12 SYSTEMPATH\CodeIgniter.php(340): CodeIgniter\CodeIgniter->handleRequest(null, Object(Config\Cache), false)
13 FCPATH\index.php(67): CodeIgniter\CodeIgniter->run()
14 SYSTEMPATH\Commands\Server\rewrite.php(43): require_once('FCPATH\\index.php')
CRITICAL - 2022-09-17 08:01:49 --> Undefined variable $menu
in APPPATH\Views\layoutAdmin\v_nav.php on line 21.
 1 APPPATH\Views\layoutAdmin\v_nav.php(21): CodeIgniter\Debug\Exceptions->errorHandler(2, 'Undefined variable $menu', 'APPPATH\\Views\\layoutAdmin\\v_nav.php', 21)
 2 SYSTEMPATH\View\View.php(213): include('APPPATH\\Views\\layoutAdmin\\v_nav.php')
 3 SYSTEMPATH\View\View.php(216): CodeIgniter\View\View->CodeIgniter\View\{closure}()
 4 SYSTEMPATH\Common.php(1137): CodeIgniter\View\View->render('layoutAdmin/v_nav.php', [], true)
 5 APPPATH\Views\layoutAdmin\v_wrapper.php(4): view('layoutAdmin/v_nav.php')
 6 SYSTEMPATH\View\View.php(213): include('APPPATH\\Views\\layoutAdmin\\v_wrapper.php')
 7 SYSTEMPATH\View\View.php(216): CodeIgniter\View\View->CodeIgniter\View\{closure}()
 8 SYSTEMPATH\Common.php(1137): CodeIgniter\View\View->render('layoutAdmin/v_wrapper', [], true)
 9 APPPATH\Controllers\Admin\HomeAdmin.php(140): view('layoutAdmin/v_wrapper', [...])
10 SYSTEMPATH\CodeIgniter.php(904): App\Controllers\Admin\HomeAdmin->EditLayanan('19')
11 SYSTEMPATH\CodeIgniter.php(457): CodeIgniter\CodeIgniter->runController(Object(App\Controllers\Admin\HomeAdmin))
12 SYSTEMPATH\CodeIgniter.php(340): CodeIgniter\CodeIgniter->handleRequest(null, Object(Config\Cache), false)
13 FCPATH\index.php(67): CodeIgniter\CodeIgniter->run()
14 SYSTEMPATH\Commands\Server\rewrite.php(43): require_once('FCPATH\\index.php')
CRITICAL - 2022-09-17 08:36:26 --> Undefined array key "id_layanan"
in APPPATH\Views\admin\v_klien.php on line 45.
 1 APPPATH\Views\admin\v_klien.php(45): CodeIgniter\Debug\Exceptions->errorHandler(2, 'Undefined array key "id_layanan"', 'APPPATH\\Views\\admin\\v_klien.php', 45)
 2 SYSTEMPATH\View\View.php(213): include('APPPATH\\Views\\admin\\v_klien.php')
 3 SYSTEMPATH\View\View.php(216): CodeIgniter\View\View->CodeIgniter\View\{closure}()
 4 SYSTEMPATH\Common.php(1137): CodeIgniter\View\View->render('admin/v_klien', [], true)
 5 APPPATH\Views\layoutAdmin\v_content.php(4): view('admin/v_klien')
 6 SYSTEMPATH\View\View.php(213): include('APPPATH\\Views\\layoutAdmin\\v_content.php')
 7 SYSTEMPATH\View\View.php(216): CodeIgniter\View\View->CodeIgniter\View\{closure}()
 8 SYSTEMPATH\Common.php(1137): CodeIgniter\View\View->render('layoutAdmin/v_content.php', [], true)
 9 APPPATH\Views\layoutAdmin\v_wrapper.php(5): view('layoutAdmin/v_content.php')
10 SYSTEMPATH\View\View.php(213): include('APPPATH\\Views\\layoutAdmin\\v_wrapper.php')
11 SYSTEMPATH\View\View.php(216): CodeIgniter\View\View->CodeIgniter\View\{closure}()
12 SYSTEMPATH\Common.php(1137): CodeIgniter\View\View->render('layoutAdmin/v_wrapper', [], true)
13 APPPATH\Controllers\Admin\Klien.php(48): view('layoutAdmin/v_wrapper', [...])
14 SYSTEMPATH\CodeIgniter.php(904): App\Controllers\Admin\Klien->DaftarKlien()
15 SYSTEMPATH\CodeIgniter.php(457): CodeIgniter\CodeIgniter->runController(Object(App\Controllers\Admin\Klien))
16 SYSTEMPATH\CodeIgniter.php(340): CodeIgniter\CodeIgniter->handleRequest(null, Object(Config\Cache), false)
17 FCPATH\index.php(67): CodeIgniter\CodeIgniter->run()
18 SYSTEMPATH\Commands\Server\rewrite.php(43): require_once('FCPATH\\index.php')
CRITICAL - 2022-09-17 08:37:26 --> pagination_klien is not a valid Pager template.
in SYSTEMPATH\Pager\Pager.php on line 120.
 1 SYSTEMPATH\Pager\Pager.php(120): CodeIgniter\Pager\Exceptions\PagerException::forInvalidTemplate('pagination_klien')
 2 SYSTEMPATH\Pager\Pager.php(83): CodeIgniter\Pager\Pager->displayLinks('klien', 'pagination_klien')
 3 APPPATH\Views\admin\v_klien.php(62): CodeIgniter\Pager\Pager->links('klien', 'pagination_klien')
 4 SYSTEMPATH\View\View.php(213): include('APPPATH\\Views\\admin\\v_klien.php')
 5 SYSTEMPATH\View\View.php(216): CodeIgniter\View\View->CodeIgniter\View\{closure}()
 6 SYSTEMPATH\Common.php(1137): CodeIgniter\View\View->render('admin/v_klien', [], true)
 7 APPPATH\Views\layoutAdmin\v_content.php(4): view('admin/v_klien')
 8 SYSTEMPATH\View\View.php(213): include('APPPATH\\Views\\layoutAdmin\\v_content.php')
 9 SYSTEMPATH\View\View.php(216): CodeIgniter\View\View->CodeIgniter\View\{closure}()
10 SYSTEMPATH\Common.php(1137): CodeIgniter\View\View->render('layoutAdmin/v_content.php', [], true)
11 APPPATH\Views\layoutAdmin\v_wrapper.php(5): view('layoutAdmin/v_content.php')
12 SYSTEMPATH\View\View.php(213): include('APPPATH\\Views\\layoutAdmin\\v_wrapper.php')
13 SYSTEMPATH\View\View.php(216): CodeIgniter\View\View->CodeIgniter\View\{closure}()
14 SYSTEMPATH\Common.php(1137): CodeIgniter\View\View->render('layoutAdmin/v_wrapper', [], true)
15 APPPATH\Controllers\Admin\Klien.php(48): view('layoutAdmin/v_wrapper', [...])
16 SYSTEMPATH\CodeIgniter.php(904): App\Controllers\Admin\Klien->DaftarKlien()
17 SYSTEMPATH\CodeIgniter.php(457): CodeIgniter\CodeIgniter->runController(Object(App\Controllers\Admin\Klien))
18 SYSTEMPATH\CodeIgniter.php(340): CodeIgniter\CodeIgniter->handleRequest(null, Object(Config\Cache), false)
19 FCPATH\index.php(67): CodeIgniter\CodeIgniter->run()
20 SYSTEMPATH\Commands\Server\rewrite.php(43): require_once('FCPATH\\index.php')
CRITICAL - 2022-09-17 08:43:56 --> Undefined property: App\Controllers\Admin\Klien::$klienModel
in APPPATH\Controllers\Admin\Klien.php on line 59.
 1 APPPATH\Controllers\Admin\Klien.php(59): CodeIgniter\Debug\Exceptions->errorHandler(2, 'Undefined property: App\\Controllers\\Admin\\Klien::$klienModel', 'APPPATH\\Controllers\\Admin\\Klien.php', 59)
 2 SYSTEMPATH\CodeIgniter.php(904): App\Controllers\Admin\Klien->TambahKlien()
 3 SYSTEMPATH\CodeIgniter.php(457): CodeIgniter\CodeIgniter->runController(Object(App\Controllers\Admin\Klien))
 4 SYSTEMPATH\CodeIgniter.php(340): CodeIgniter\CodeIgniter->handleRequest(null, Object(Config\Cache), false)
 5 FCPATH\index.php(67): CodeIgniter\CodeIgniter->run()
 6 SYSTEMPATH\Commands\Server\rewrite.php(43): require_once('FCPATH\\index.php')
