CRITICAL - 2023-09-25 22:19:37 --> preg_match(): Compilation failed: unmatched closing parenthesis at offset 25
in SYSTEMPATH\Router\Router.php on line 418.
 1 [internal function]: CodeIgniter\Debug\Exceptions->errorHandler(2, 'preg_match(): Compilation failed: unmatched closing parenthesis at offset 25', 'SYSTEMPATH\\Router\\Router.php', 418)
 2 SYSTEMPATH\Router\Router.php(418): preg_match('#^setting/updatePerusahaan)$#u', 'admin/uploads/1666937321_49727275b84b56dbe844.png', [])
 3 SYSTEMPATH\Router\Router.php(181): CodeIgniter\Router\Router->checkRoutes('admin/uploads/1666937321_49727275b84b56dbe844.png')
 4 SYSTEMPATH\CodeIgniter.php(779): CodeIgniter\Router\Router->handle('admin/uploads/1666937321_49727275b84b56dbe844.png')
 5 SYSTEMPATH\CodeIgniter.php(406): CodeIgniter\CodeIgniter->tryToRouteIt(Object(CodeIgniter\Router\RouteCollection))
 6 SYSTEMPATH\CodeIgniter.php(340): CodeIgniter\CodeIgniter->handleRequest(null, Object(Config\Cache), false)
 7 FCPATH\index.php(67): CodeIgniter\CodeIgniter->run()
 8 SYSTEMPATH\Commands\Server\rewrite.php(43): require_once('FCPATH\\index.php')
CRITICAL - 2023-09-25 22:19:38 --> preg_match(): Compilation failed: unmatched closing parenthesis at offset 25
in SYSTEMPATH\Router\Router.php on line 418.
 1 [internal function]: CodeIgniter\Debug\Exceptions->errorHandler(2, 'preg_match(): Compilation failed: unmatched closing parenthesis at offset 25', 'SYSTEMPATH\\Router\\Router.php', 418)
 2 SYSTEMPATH\Router\Router.php(418): preg_match('#^setting/updatePerusahaan)$#u', 'admin/uploads/1663258205_70a2091b8000b12d0805.png', [])
 3 SYSTEMPATH\Router\Router.php(181): CodeIgniter\Router\Router->checkRoutes('admin/uploads/1663258205_70a2091b8000b12d0805.png')
 4 SYSTEMPATH\CodeIgniter.php(779): CodeIgniter\Router\Router->handle('admin/uploads/1663258205_70a2091b8000b12d0805.png')
 5 SYSTEMPATH\CodeIgniter.php(406): CodeIgniter\CodeIgniter->tryToRouteIt(Object(CodeIgniter\Router\RouteCollection))
 6 SYSTEMPATH\CodeIgniter.php(340): CodeIgniter\CodeIgniter->handleRequest(null, Object(Config\Cache), false)
 7 FCPATH\index.php(67): CodeIgniter\CodeIgniter->run()
 8 SYSTEMPATH\Commands\Server\rewrite.php(43): require_once('FCPATH\\index.php')
CRITICAL - 2023-09-25 22:19:38 --> preg_match(): Compilation failed: unmatched closing parenthesis at offset 25
in SYSTEMPATH\Router\Router.php on line 418.
 1 [internal function]: CodeIgniter\Debug\Exceptions->errorHandler(2, 'preg_match(): Compilation failed: unmatched closing parenthesis at offset 25', 'SYSTEMPATH\\Router\\Router.php', 418)
 2 SYSTEMPATH\Router\Router.php(418): preg_match('#^setting/updatePerusahaan)$#u', 'admin/uploads/1666996151_d403be11e647a49108ea.png', [])
 3 SYSTEMPATH\Router\Router.php(181): CodeIgniter\Router\Router->checkRoutes('admin/uploads/1666996151_d403be11e647a49108ea.png')
 4 SYSTEMPATH\CodeIgniter.php(779): CodeIgniter\Router\Router->handle('admin/uploads/1666996151_d403be11e647a49108ea.png')
 5 SYSTEMPATH\CodeIgniter.php(406): CodeIgniter\CodeIgniter->tryToRouteIt(Object(CodeIgniter\Router\RouteCollection))
 6 SYSTEMPATH\CodeIgniter.php(340): CodeIgniter\CodeIgniter->handleRequest(null, Object(Config\Cache), false)
 7 FCPATH\index.php(67): CodeIgniter\CodeIgniter->run()
 8 SYSTEMPATH\Commands\Server\rewrite.php(43): require_once('FCPATH\\index.php')
CRITICAL - 2023-09-25 22:19:39 --> preg_match(): Compilation failed: unmatched closing parenthesis at offset 25
in SYSTEMPATH\Router\Router.php on line 418.
 1 [internal function]: CodeIgniter\Debug\Exceptions->errorHandler(2, 'preg_match(): Compilation failed: unmatched closing parenthesis at offset 25', 'SYSTEMPATH\\Router\\Router.php', 418)
 2 SYSTEMPATH\Router\Router.php(418): preg_match('#^setting/updatePerusahaan)$#u', 'admin/uploads/1663978445_4e0e07e5549e5779aaaa.jpg', [])
 3 SYSTEMPATH\Router\Router.php(181): CodeIgniter\Router\Router->checkRoutes('admin/uploads/1663978445_4e0e07e5549e5779aaaa.jpg')
 4 SYSTEMPATH\CodeIgniter.php(779): CodeIgniter\Router\Router->handle('admin/uploads/1663978445_4e0e07e5549e5779aaaa.jpg')
 5 SYSTEMPATH\CodeIgniter.php(406): CodeIgniter\CodeIgniter->tryToRouteIt(Object(CodeIgniter\Router\RouteCollection))
 6 SYSTEMPATH\CodeIgniter.php(340): CodeIgniter\CodeIgniter->handleRequest(null, Object(Config\Cache), false)
 7 FCPATH\index.php(67): CodeIgniter\CodeIgniter->run()
 8 SYSTEMPATH\Commands\Server\rewrite.php(43): require_once('FCPATH\\index.php')
CRITICAL - 2023-09-25 22:19:39 --> preg_match(): Compilation failed: unmatched closing parenthesis at offset 25
in SYSTEMPATH\Router\Router.php on line 418.
 1 [internal function]: CodeIgniter\Debug\Exceptions->errorHandler(2, 'preg_match(): Compilation failed: unmatched closing parenthesis at offset 25', 'SYSTEMPATH\\Router\\Router.php', 418)
 2 SYSTEMPATH\Router\Router.php(418): preg_match('#^setting/updatePerusahaan)$#u', 'admin/uploads/1663978986_97ef46c6e034f73713ff.jpg', [])
 3 SYSTEMPATH\Router\Router.php(181): CodeIgniter\Router\Router->checkRoutes('admin/uploads/1663978986_97ef46c6e034f73713ff.jpg')
 4 SYSTEMPATH\CodeIgniter.php(779): CodeIgniter\Router\Router->handle('admin/uploads/1663978986_97ef46c6e034f73713ff.jpg')
 5 SYSTEMPATH\CodeIgniter.php(406): CodeIgniter\CodeIgniter->tryToRouteIt(Object(CodeIgniter\Router\RouteCollection))
 6 SYSTEMPATH\CodeIgniter.php(340): CodeIgniter\CodeIgniter->handleRequest(null, Object(Config\Cache), false)
 7 FCPATH\index.php(67): CodeIgniter\CodeIgniter->run()
 8 SYSTEMPATH\Commands\Server\rewrite.php(43): require_once('FCPATH\\index.php')
CRITICAL - 2023-09-25 22:19:39 --> preg_match(): Compilation failed: unmatched closing parenthesis at offset 25
in SYSTEMPATH\Router\Router.php on line 418.
 1 [internal function]: CodeIgniter\Debug\Exceptions->errorHandler(2, 'preg_match(): Compilation failed: unmatched closing parenthesis at offset 25', 'SYSTEMPATH\\Router\\Router.php', 418)
 2 SYSTEMPATH\Router\Router.php(418): preg_match('#^setting/updatePerusahaan)$#u', 'admin/uploads/1663979004_eb8621845a6ba26b3f6e.png', [])
 3 SYSTEMPATH\Router\Router.php(181): CodeIgniter\Router\Router->checkRoutes('admin/uploads/1663979004_eb8621845a6ba26b3f6e.png')
 4 SYSTEMPATH\CodeIgniter.php(779): CodeIgniter\Router\Router->handle('admin/uploads/1663979004_eb8621845a6ba26b3f6e.png')
 5 SYSTEMPATH\CodeIgniter.php(406): CodeIgniter\CodeIgniter->tryToRouteIt(Object(CodeIgniter\Router\RouteCollection))
 6 SYSTEMPATH\CodeIgniter.php(340): CodeIgniter\CodeIgniter->handleRequest(null, Object(Config\Cache), false)
 7 FCPATH\index.php(67): CodeIgniter\CodeIgniter->run()
 8 SYSTEMPATH\Commands\Server\rewrite.php(43): require_once('FCPATH\\index.php')
CRITICAL - 2023-09-25 22:19:40 --> preg_match(): Compilation failed: unmatched closing parenthesis at offset 25
in SYSTEMPATH\Router\Router.php on line 418.
 1 [internal function]: CodeIgniter\Debug\Exceptions->errorHandler(2, 'preg_match(): Compilation failed: unmatched closing parenthesis at offset 25', 'SYSTEMPATH\\Router\\Router.php', 418)
 2 SYSTEMPATH\Router\Router.php(418): preg_match('#^setting/updatePerusahaan)$#u', 'admin/uploads/1663979036_2ed6264f9d54e07a8d57.jpg', [])
 3 SYSTEMPATH\Router\Router.php(181): CodeIgniter\Router\Router->checkRoutes('admin/uploads/1663979036_2ed6264f9d54e07a8d57.jpg')
 4 SYSTEMPATH\CodeIgniter.php(779): CodeIgniter\Router\Router->handle('admin/uploads/1663979036_2ed6264f9d54e07a8d57.jpg')
 5 SYSTEMPATH\CodeIgniter.php(406): CodeIgniter\CodeIgniter->tryToRouteIt(Object(CodeIgniter\Router\RouteCollection))
 6 SYSTEMPATH\CodeIgniter.php(340): CodeIgniter\CodeIgniter->handleRequest(null, Object(Config\Cache), false)
 7 FCPATH\index.php(67): CodeIgniter\CodeIgniter->run()
 8 SYSTEMPATH\Commands\Server\rewrite.php(43): require_once('FCPATH\\index.php')
CRITICAL - 2023-09-25 22:19:40 --> preg_match(): Compilation failed: unmatched closing parenthesis at offset 25
in SYSTEMPATH\Router\Router.php on line 418.
 1 [internal function]: CodeIgniter\Debug\Exceptions->errorHandler(2, 'preg_match(): Compilation failed: unmatched closing parenthesis at offset 25', 'SYSTEMPATH\\Router\\Router.php', 418)
 2 SYSTEMPATH\Router\Router.php(418): preg_match('#^setting/updatePerusahaan)$#u', 'admin/uploads/1663979059_64418fcf60bdd402994c.jpg', [])
 3 SYSTEMPATH\Router\Router.php(181): CodeIgniter\Router\Router->checkRoutes('admin/uploads/1663979059_64418fcf60bdd402994c.jpg')
 4 SYSTEMPATH\CodeIgniter.php(779): CodeIgniter\Router\Router->handle('admin/uploads/1663979059_64418fcf60bdd402994c.jpg')
 5 SYSTEMPATH\CodeIgniter.php(406): CodeIgniter\CodeIgniter->tryToRouteIt(Object(CodeIgniter\Router\RouteCollection))
 6 SYSTEMPATH\CodeIgniter.php(340): CodeIgniter\CodeIgniter->handleRequest(null, Object(Config\Cache), false)
 7 FCPATH\index.php(67): CodeIgniter\CodeIgniter->run()
 8 SYSTEMPATH\Commands\Server\rewrite.php(43): require_once('FCPATH\\index.php')
CRITICAL - 2023-09-25 22:20:26 --> Trying to access array offset on value of type null
in APPPATH\Controllers\Admin\Admin.php on line 73.
 1 APPPATH\Controllers\Admin\Admin.php(73): CodeIgniter\Debug\Exceptions->errorHandler(2, 'Trying to access array offset on value of type null', 'APPPATH\\Controllers\\Admin\\Admin.php', 73)
 2 SYSTEMPATH\CodeIgniter.php(904): App\Controllers\Admin\Admin->login()
 3 SYSTEMPATH\CodeIgniter.php(457): CodeIgniter\CodeIgniter->runController(Object(App\Controllers\Admin\Admin))
 4 SYSTEMPATH\CodeIgniter.php(340): CodeIgniter\CodeIgniter->handleRequest(null, Object(Config\Cache), false)
 5 FCPATH\index.php(67): CodeIgniter\CodeIgniter->run()
 6 SYSTEMPATH\Commands\Server\rewrite.php(43): require_once('FCPATH\\index.php')
CRITICAL - 2023-09-25 22:20:51 --> Trying to access array offset on value of type null
in APPPATH\Controllers\Admin\Admin.php on line 73.
 1 APPPATH\Controllers\Admin\Admin.php(73): CodeIgniter\Debug\Exceptions->errorHandler(2, 'Trying to access array offset on value of type null', 'APPPATH\\Controllers\\Admin\\Admin.php', 73)
 2 SYSTEMPATH\CodeIgniter.php(904): App\Controllers\Admin\Admin->login()
 3 SYSTEMPATH\CodeIgniter.php(457): CodeIgniter\CodeIgniter->runController(Object(App\Controllers\Admin\Admin))
 4 SYSTEMPATH\CodeIgniter.php(340): CodeIgniter\CodeIgniter->handleRequest(null, Object(Config\Cache), false)
 5 FCPATH\index.php(67): CodeIgniter\CodeIgniter->run()
 6 SYSTEMPATH\Commands\Server\rewrite.php(43): require_once('FCPATH\\index.php')
ERROR - 2023-09-25 22:21:32 --> mysqli_sql_exception: Table 'kreasiaiweb.perusahaan' doesn't exist in C:\xampp\htdocs\kreasiaiweb\vendor\codeigniter4\framework\system\Database\MySQLi\Connection.php:292
Stack trace:
#0 C:\xampp\htdocs\kreasiaiweb\vendor\codeigniter4\framework\system\Database\MySQLi\Connection.php(292): mysqli->query('SELECT *\nFROM `...', 0)
#1 C:\xampp\htdocs\kreasiaiweb\vendor\codeigniter4\framework\system\Database\BaseConnection.php(693): CodeIgniter\Database\MySQLi\Connection->execute('SELECT *\nFROM `...')
#2 C:\xampp\htdocs\kreasiaiweb\vendor\codeigniter4\framework\system\Database\BaseConnection.php(620): CodeIgniter\Database\BaseConnection->simpleQuery('SELECT *\nFROM `...')
#3 C:\xampp\htdocs\kreasiaiweb\vendor\codeigniter4\framework\system\Database\BaseBuilder.php(1585): CodeIgniter\Database\BaseConnection->query('SELECT *\nFROM `...', Array, false)
#4 C:\xampp\htdocs\kreasiaiweb\app\Models\PerusahaanModel.php(13): CodeIgniter\Database\BaseBuilder->get()
#5 C:\xampp\htdocs\kreasiaiweb\app\Controllers\Admin\HomeAdmin.php(49): App\Models\PerusahaanModel->DetailData()
#6 C:\xampp\htdocs\kreasiaiweb\vendor\codeigniter4\framework\system\CodeIgniter.php(904): App\Controllers\Admin\HomeAdmin->Layanan()
#7 C:\xampp\htdocs\kreasiaiweb\vendor\codeigniter4\framework\system\CodeIgniter.php(457): CodeIgniter\CodeIgniter->runController(Object(App\Controllers\Admin\HomeAdmin))
#8 C:\xampp\htdocs\kreasiaiweb\vendor\codeigniter4\framework\system\CodeIgniter.php(340): CodeIgniter\CodeIgniter->handleRequest(NULL, Object(Config\Cache), false)
#9 C:\xampp\htdocs\kreasiaiweb\public\index.php(67): CodeIgniter\CodeIgniter->run()
#10 C:\xampp\htdocs\kreasiaiweb\vendor\codeigniter4\framework\system\Commands\Server\rewrite.php(43): require_once('C:\\xampp\\htdocs...')
#11 {main}
CRITICAL - 2023-09-25 22:21:32 --> Table 'kreasiaiweb.perusahaan' doesn't exist
in SYSTEMPATH\Database\MySQLi\Connection.php on line 292.
 1 SYSTEMPATH\Database\MySQLi\Connection.php(292): mysqli->query('SELECT *
FROM `perusahaan`
WHERE `id_perusahaan` = 1', 0)
 2 SYSTEMPATH\Database\BaseConnection.php(693): CodeIgniter\Database\MySQLi\Connection->execute('SELECT *
FROM `perusahaan`
WHERE `id_perusahaan` = 1')
 3 SYSTEMPATH\Database\BaseConnection.php(620): CodeIgniter\Database\BaseConnection->simpleQuery('SELECT *
FROM `perusahaan`
WHERE `id_perusahaan` = 1')
 4 SYSTEMPATH\Database\BaseBuilder.php(1585): CodeIgniter\Database\BaseConnection->query('SELECT *
FROM `perusahaan`
WHERE `id_perusahaan` = :id_perusahaan:', [...], false)
 5 APPPATH\Models\PerusahaanModel.php(13): CodeIgniter\Database\BaseBuilder->get()
 6 APPPATH\Controllers\Admin\HomeAdmin.php(49): App\Models\PerusahaanModel->DetailData()
 7 SYSTEMPATH\CodeIgniter.php(904): App\Controllers\Admin\HomeAdmin->Layanan()
 8 SYSTEMPATH\CodeIgniter.php(457): CodeIgniter\CodeIgniter->runController(Object(App\Controllers\Admin\HomeAdmin))
 9 SYSTEMPATH\CodeIgniter.php(340): CodeIgniter\CodeIgniter->handleRequest(null, Object(Config\Cache), false)
10 FCPATH\index.php(67): CodeIgniter\CodeIgniter->run()
11 SYSTEMPATH\Commands\Server\rewrite.php(43): require_once('FCPATH\\index.php')
ERROR - 2023-09-25 22:23:22 --> mysqli_sql_exception: Duplicate entry 'shofiudin_wafa' for key 'username' in C:\xampp\htdocs\kreasiaiweb\vendor\codeigniter4\framework\system\Database\MySQLi\Connection.php:292
Stack trace:
#0 C:\xampp\htdocs\kreasiaiweb\vendor\codeigniter4\framework\system\Database\MySQLi\Connection.php(292): mysqli->query('INSERT INTO `ad...', 0)
#1 C:\xampp\htdocs\kreasiaiweb\vendor\codeigniter4\framework\system\Database\BaseConnection.php(693): CodeIgniter\Database\MySQLi\Connection->execute('INSERT INTO `ad...')
#2 C:\xampp\htdocs\kreasiaiweb\vendor\codeigniter4\framework\system\Database\BaseConnection.php(620): CodeIgniter\Database\BaseConnection->simpleQuery('INSERT INTO `ad...')
#3 C:\xampp\htdocs\kreasiaiweb\vendor\codeigniter4\framework\system\Database\BaseBuilder.php(1916): CodeIgniter\Database\BaseConnection->query('INSERT INTO `ad...', Array, false)
#4 C:\xampp\htdocs\kreasiaiweb\app\Database\Seeds\Admin.php(18): CodeIgniter\Database\BaseBuilder->insert(Array)
#5 C:\xampp\htdocs\kreasiaiweb\vendor\codeigniter4\framework\system\Database\Seeder.php(145): App\Database\Seeds\Admin->run()
#6 C:\xampp\htdocs\kreasiaiweb\vendor\codeigniter4\framework\system\Commands\Database\Seed.php(77): CodeIgniter\Database\Seeder->call('App\\Database\\Se...')
#7 C:\xampp\htdocs\kreasiaiweb\vendor\codeigniter4\framework\system\CLI\Commands.php(63): CodeIgniter\Commands\Database\Seed->run(Array)
#8 C:\xampp\htdocs\kreasiaiweb\vendor\codeigniter4\framework\system\CLI\CommandRunner.php(65): CodeIgniter\CLI\Commands->run('db:seed', Array)
#9 C:\xampp\htdocs\kreasiaiweb\vendor\codeigniter4\framework\system\CLI\CommandRunner.php(51): CodeIgniter\CLI\CommandRunner->index(Array)
#10 C:\xampp\htdocs\kreasiaiweb\vendor\codeigniter4\framework\system\CodeIgniter.php(897): CodeIgniter\CLI\CommandRunner->_remap('index', Array)
#11 C:\xampp\htdocs\kreasiaiweb\vendor\codeigniter4\framework\system\CodeIgniter.php(457): CodeIgniter\CodeIgniter->runController(Object(CodeIgniter\CLI\CommandRunner))
#12 C:\xampp\htdocs\kreasiaiweb\vendor\codeigniter4\framework\system\CodeIgniter.php(336): CodeIgniter\CodeIgniter->handleRequest(NULL, Object(Config\Cache), false)
#13 C:\xampp\htdocs\kreasiaiweb\vendor\codeigniter4\framework\system\CLI\Console.php(48): CodeIgniter\CodeIgniter->run()
#14 C:\xampp\htdocs\kreasiaiweb\spark(98): CodeIgniter\CLI\Console->run()
#15 {main}
CRITICAL - 2023-09-25 22:24:00 --> preg_match(): Compilation failed: unmatched closing parenthesis at offset 25
in SYSTEMPATH\Router\Router.php on line 418.
 1 [internal function]: CodeIgniter\Debug\Exceptions->errorHandler(2, 'preg_match(): Compilation failed: unmatched closing parenthesis at offset 25', 'SYSTEMPATH\\Router\\Router.php', 418)
 2 SYSTEMPATH\Router\Router.php(418): preg_match('#^setting/updatePerusahaan)$#u', 'homeadmin/dist/img/user3-128x128.jpg', [])
 3 SYSTEMPATH\Router\Router.php(181): CodeIgniter\Router\Router->checkRoutes('homeadmin/dist/img/user3-128x128.jpg')
 4 SYSTEMPATH\CodeIgniter.php(779): CodeIgniter\Router\Router->handle('homeadmin/dist/img/user3-128x128.jpg')
 5 SYSTEMPATH\CodeIgniter.php(406): CodeIgniter\CodeIgniter->tryToRouteIt(Object(CodeIgniter\Router\RouteCollection))
 6 SYSTEMPATH\CodeIgniter.php(340): CodeIgniter\CodeIgniter->handleRequest(null, Object(Config\Cache), false)
 7 FCPATH\index.php(67): CodeIgniter\CodeIgniter->run()
 8 SYSTEMPATH\Commands\Server\rewrite.php(43): require_once('FCPATH\\index.php')
CRITICAL - 2023-09-25 22:24:00 --> preg_match(): Compilation failed: unmatched closing parenthesis at offset 25
in SYSTEMPATH\Router\Router.php on line 418.
 1 [internal function]: CodeIgniter\Debug\Exceptions->errorHandler(2, 'preg_match(): Compilation failed: unmatched closing parenthesis at offset 25', 'SYSTEMPATH\\Router\\Router.php', 418)
 2 SYSTEMPATH\Router\Router.php(418): preg_match('#^setting/updatePerusahaan)$#u', 'uploads/1666996151_d403be11e647a49108ea.png', [])
 3 SYSTEMPATH\Router\Router.php(181): CodeIgniter\Router\Router->checkRoutes('uploads/1666996151_d403be11e647a49108ea.png')
 4 SYSTEMPATH\CodeIgniter.php(779): CodeIgniter\Router\Router->handle('uploads/1666996151_d403be11e647a49108ea.png')
 5 SYSTEMPATH\CodeIgniter.php(406): CodeIgniter\CodeIgniter->tryToRouteIt(Object(CodeIgniter\Router\RouteCollection))
 6 SYSTEMPATH\CodeIgniter.php(340): CodeIgniter\CodeIgniter->handleRequest(null, Object(Config\Cache), false)
 7 FCPATH\index.php(67): CodeIgniter\CodeIgniter->run()
 8 SYSTEMPATH\Commands\Server\rewrite.php(43): require_once('FCPATH\\index.php')
CRITICAL - 2023-09-25 22:24:01 --> preg_match(): Compilation failed: unmatched closing parenthesis at offset 25
in SYSTEMPATH\Router\Router.php on line 418.
 1 [internal function]: CodeIgniter\Debug\Exceptions->errorHandler(2, 'preg_match(): Compilation failed: unmatched closing parenthesis at offset 25', 'SYSTEMPATH\\Router\\Router.php', 418)
 2 SYSTEMPATH\Router\Router.php(418): preg_match('#^setting/updatePerusahaan)$#u', 'homeadmin/dist/img/user8-128x128.jpg', [])
 3 SYSTEMPATH\Router\Router.php(181): CodeIgniter\Router\Router->checkRoutes('homeadmin/dist/img/user8-128x128.jpg')
 4 SYSTEMPATH\CodeIgniter.php(779): CodeIgniter\Router\Router->handle('homeadmin/dist/img/user8-128x128.jpg')
 5 SYSTEMPATH\CodeIgniter.php(406): CodeIgniter\CodeIgniter->tryToRouteIt(Object(CodeIgniter\Router\RouteCollection))
 6 SYSTEMPATH\CodeIgniter.php(340): CodeIgniter\CodeIgniter->handleRequest(null, Object(Config\Cache), false)
 7 FCPATH\index.php(67): CodeIgniter\CodeIgniter->run()
 8 SYSTEMPATH\Commands\Server\rewrite.php(43): require_once('FCPATH\\index.php')
CRITICAL - 2023-09-25 22:24:01 --> preg_match(): Compilation failed: unmatched closing parenthesis at offset 25
in SYSTEMPATH\Router\Router.php on line 418.
 1 [internal function]: CodeIgniter\Debug\Exceptions->errorHandler(2, 'preg_match(): Compilation failed: unmatched closing parenthesis at offset 25', 'SYSTEMPATH\\Router\\Router.php', 418)
 2 SYSTEMPATH\Router\Router.php(418): preg_match('#^setting/updatePerusahaan)$#u', 'homeadmin/dist/img/user1-128x128.jpg', [])
 3 SYSTEMPATH\Router\Router.php(181): CodeIgniter\Router\Router->checkRoutes('homeadmin/dist/img/user1-128x128.jpg')
 4 SYSTEMPATH\CodeIgniter.php(779): CodeIgniter\Router\Router->handle('homeadmin/dist/img/user1-128x128.jpg')
 5 SYSTEMPATH\CodeIgniter.php(406): CodeIgniter\CodeIgniter->tryToRouteIt(Object(CodeIgniter\Router\RouteCollection))
 6 SYSTEMPATH\CodeIgniter.php(340): CodeIgniter\CodeIgniter->handleRequest(null, Object(Config\Cache), false)
 7 FCPATH\index.php(67): CodeIgniter\CodeIgniter->run()
 8 SYSTEMPATH\Commands\Server\rewrite.php(43): require_once('FCPATH\\index.php')
CRITICAL - 2023-09-25 22:24:12 --> preg_match(): Compilation failed: unmatched closing parenthesis at offset 25
in SYSTEMPATH\Router\Router.php on line 418.
 1 [internal function]: CodeIgniter\Debug\Exceptions->errorHandler(2, 'preg_match(): Compilation failed: unmatched closing parenthesis at offset 25', 'SYSTEMPATH\\Router\\Router.php', 418)
 2 SYSTEMPATH\Router\Router.php(418): preg_match('#^setting/updatePerusahaan)$#u', 'admin/uploads/1666937321_49727275b84b56dbe844.png', [])
 3 SYSTEMPATH\Router\Router.php(181): CodeIgniter\Router\Router->checkRoutes('admin/uploads/1666937321_49727275b84b56dbe844.png')
 4 SYSTEMPATH\CodeIgniter.php(779): CodeIgniter\Router\Router->handle('admin/uploads/1666937321_49727275b84b56dbe844.png')
 5 SYSTEMPATH\CodeIgniter.php(406): CodeIgniter\CodeIgniter->tryToRouteIt(Object(CodeIgniter\Router\RouteCollection))
 6 SYSTEMPATH\CodeIgniter.php(340): CodeIgniter\CodeIgniter->handleRequest(null, Object(Config\Cache), false)
 7 FCPATH\index.php(67): CodeIgniter\CodeIgniter->run()
 8 SYSTEMPATH\Commands\Server\rewrite.php(43): require_once('FCPATH\\index.php')
CRITICAL - 2023-09-25 22:24:12 --> preg_match(): Compilation failed: unmatched closing parenthesis at offset 25
in SYSTEMPATH\Router\Router.php on line 418.
 1 [internal function]: CodeIgniter\Debug\Exceptions->errorHandler(2, 'preg_match(): Compilation failed: unmatched closing parenthesis at offset 25', 'SYSTEMPATH\\Router\\Router.php', 418)
 2 SYSTEMPATH\Router\Router.php(418): preg_match('#^setting/updatePerusahaan)$#u', 'admin/uploads/1663258205_70a2091b8000b12d0805.png', [])
 3 SYSTEMPATH\Router\Router.php(181): CodeIgniter\Router\Router->checkRoutes('admin/uploads/1663258205_70a2091b8000b12d0805.png')
 4 SYSTEMPATH\CodeIgniter.php(779): CodeIgniter\Router\Router->handle('admin/uploads/1663258205_70a2091b8000b12d0805.png')
 5 SYSTEMPATH\CodeIgniter.php(406): CodeIgniter\CodeIgniter->tryToRouteIt(Object(CodeIgniter\Router\RouteCollection))
 6 SYSTEMPATH\CodeIgniter.php(340): CodeIgniter\CodeIgniter->handleRequest(null, Object(Config\Cache), false)
 7 FCPATH\index.php(67): CodeIgniter\CodeIgniter->run()
 8 SYSTEMPATH\Commands\Server\rewrite.php(43): require_once('FCPATH\\index.php')
CRITICAL - 2023-09-25 22:24:12 --> preg_match(): Compilation failed: unmatched closing parenthesis at offset 25
in SYSTEMPATH\Router\Router.php on line 418.
 1 [internal function]: CodeIgniter\Debug\Exceptions->errorHandler(2, 'preg_match(): Compilation failed: unmatched closing parenthesis at offset 25', 'SYSTEMPATH\\Router\\Router.php', 418)
 2 SYSTEMPATH\Router\Router.php(418): preg_match('#^setting/updatePerusahaan)$#u', 'admin/uploads/1666996151_d403be11e647a49108ea.png', [])
 3 SYSTEMPATH\Router\Router.php(181): CodeIgniter\Router\Router->checkRoutes('admin/uploads/1666996151_d403be11e647a49108ea.png')
 4 SYSTEMPATH\CodeIgniter.php(779): CodeIgniter\Router\Router->handle('admin/uploads/1666996151_d403be11e647a49108ea.png')
 5 SYSTEMPATH\CodeIgniter.php(406): CodeIgniter\CodeIgniter->tryToRouteIt(Object(CodeIgniter\Router\RouteCollection))
 6 SYSTEMPATH\CodeIgniter.php(340): CodeIgniter\CodeIgniter->handleRequest(null, Object(Config\Cache), false)
 7 FCPATH\index.php(67): CodeIgniter\CodeIgniter->run()
 8 SYSTEMPATH\Commands\Server\rewrite.php(43): require_once('FCPATH\\index.php')
CRITICAL - 2023-09-25 22:24:13 --> preg_match(): Compilation failed: unmatched closing parenthesis at offset 25
in SYSTEMPATH\Router\Router.php on line 418.
 1 [internal function]: CodeIgniter\Debug\Exceptions->errorHandler(2, 'preg_match(): Compilation failed: unmatched closing parenthesis at offset 25', 'SYSTEMPATH\\Router\\Router.php', 418)
 2 SYSTEMPATH\Router\Router.php(418): preg_match('#^setting/updatePerusahaan)$#u', 'admin/uploads/1663978445_4e0e07e5549e5779aaaa.jpg', [])
 3 SYSTEMPATH\Router\Router.php(181): CodeIgniter\Router\Router->checkRoutes('admin/uploads/1663978445_4e0e07e5549e5779aaaa.jpg')
 4 SYSTEMPATH\CodeIgniter.php(779): CodeIgniter\Router\Router->handle('admin/uploads/1663978445_4e0e07e5549e5779aaaa.jpg')
 5 SYSTEMPATH\CodeIgniter.php(406): CodeIgniter\CodeIgniter->tryToRouteIt(Object(CodeIgniter\Router\RouteCollection))
 6 SYSTEMPATH\CodeIgniter.php(340): CodeIgniter\CodeIgniter->handleRequest(null, Object(Config\Cache), false)
 7 FCPATH\index.php(67): CodeIgniter\CodeIgniter->run()
 8 SYSTEMPATH\Commands\Server\rewrite.php(43): require_once('FCPATH\\index.php')
CRITICAL - 2023-09-25 22:24:13 --> preg_match(): Compilation failed: unmatched closing parenthesis at offset 25
in SYSTEMPATH\Router\Router.php on line 418.
 1 [internal function]: CodeIgniter\Debug\Exceptions->errorHandler(2, 'preg_match(): Compilation failed: unmatched closing parenthesis at offset 25', 'SYSTEMPATH\\Router\\Router.php', 418)
 2 SYSTEMPATH\Router\Router.php(418): preg_match('#^setting/updatePerusahaan)$#u', 'admin/uploads/1663978986_97ef46c6e034f73713ff.jpg', [])
 3 SYSTEMPATH\Router\Router.php(181): CodeIgniter\Router\Router->checkRoutes('admin/uploads/1663978986_97ef46c6e034f73713ff.jpg')
 4 SYSTEMPATH\CodeIgniter.php(779): CodeIgniter\Router\Router->handle('admin/uploads/1663978986_97ef46c6e034f73713ff.jpg')
 5 SYSTEMPATH\CodeIgniter.php(406): CodeIgniter\CodeIgniter->tryToRouteIt(Object(CodeIgniter\Router\RouteCollection))
 6 SYSTEMPATH\CodeIgniter.php(340): CodeIgniter\CodeIgniter->handleRequest(null, Object(Config\Cache), false)
 7 FCPATH\index.php(67): CodeIgniter\CodeIgniter->run()
 8 SYSTEMPATH\Commands\Server\rewrite.php(43): require_once('FCPATH\\index.php')
CRITICAL - 2023-09-25 22:24:13 --> preg_match(): Compilation failed: unmatched closing parenthesis at offset 25
in SYSTEMPATH\Router\Router.php on line 418.
 1 [internal function]: CodeIgniter\Debug\Exceptions->errorHandler(2, 'preg_match(): Compilation failed: unmatched closing parenthesis at offset 25', 'SYSTEMPATH\\Router\\Router.php', 418)
 2 SYSTEMPATH\Router\Router.php(418): preg_match('#^setting/updatePerusahaan)$#u', 'admin/uploads/1663979004_eb8621845a6ba26b3f6e.png', [])
 3 SYSTEMPATH\Router\Router.php(181): CodeIgniter\Router\Router->checkRoutes('admin/uploads/1663979004_eb8621845a6ba26b3f6e.png')
 4 SYSTEMPATH\CodeIgniter.php(779): CodeIgniter\Router\Router->handle('admin/uploads/1663979004_eb8621845a6ba26b3f6e.png')
 5 SYSTEMPATH\CodeIgniter.php(406): CodeIgniter\CodeIgniter->tryToRouteIt(Object(CodeIgniter\Router\RouteCollection))
 6 SYSTEMPATH\CodeIgniter.php(340): CodeIgniter\CodeIgniter->handleRequest(null, Object(Config\Cache), false)
 7 FCPATH\index.php(67): CodeIgniter\CodeIgniter->run()
 8 SYSTEMPATH\Commands\Server\rewrite.php(43): require_once('FCPATH\\index.php')
CRITICAL - 2023-09-25 22:24:13 --> preg_match(): Compilation failed: unmatched closing parenthesis at offset 25
in SYSTEMPATH\Router\Router.php on line 418.
 1 [internal function]: CodeIgniter\Debug\Exceptions->errorHandler(2, 'preg_match(): Compilation failed: unmatched closing parenthesis at offset 25', 'SYSTEMPATH\\Router\\Router.php', 418)
 2 SYSTEMPATH\Router\Router.php(418): preg_match('#^setting/updatePerusahaan)$#u', 'admin/uploads/1663979036_2ed6264f9d54e07a8d57.jpg', [])
 3 SYSTEMPATH\Router\Router.php(181): CodeIgniter\Router\Router->checkRoutes('admin/uploads/1663979036_2ed6264f9d54e07a8d57.jpg')
 4 SYSTEMPATH\CodeIgniter.php(779): CodeIgniter\Router\Router->handle('admin/uploads/1663979036_2ed6264f9d54e07a8d57.jpg')
 5 SYSTEMPATH\CodeIgniter.php(406): CodeIgniter\CodeIgniter->tryToRouteIt(Object(CodeIgniter\Router\RouteCollection))
 6 SYSTEMPATH\CodeIgniter.php(340): CodeIgniter\CodeIgniter->handleRequest(null, Object(Config\Cache), false)
 7 FCPATH\index.php(67): CodeIgniter\CodeIgniter->run()
 8 SYSTEMPATH\Commands\Server\rewrite.php(43): require_once('FCPATH\\index.php')
CRITICAL - 2023-09-25 22:24:13 --> preg_match(): Compilation failed: unmatched closing parenthesis at offset 25
in SYSTEMPATH\Router\Router.php on line 418.
 1 [internal function]: CodeIgniter\Debug\Exceptions->errorHandler(2, 'preg_match(): Compilation failed: unmatched closing parenthesis at offset 25', 'SYSTEMPATH\\Router\\Router.php', 418)
 2 SYSTEMPATH\Router\Router.php(418): preg_match('#^setting/updatePerusahaan)$#u', 'admin/uploads/1663979059_64418fcf60bdd402994c.jpg', [])
 3 SYSTEMPATH\Router\Router.php(181): CodeIgniter\Router\Router->checkRoutes('admin/uploads/1663979059_64418fcf60bdd402994c.jpg')
 4 SYSTEMPATH\CodeIgniter.php(779): CodeIgniter\Router\Router->handle('admin/uploads/1663979059_64418fcf60bdd402994c.jpg')
 5 SYSTEMPATH\CodeIgniter.php(406): CodeIgniter\CodeIgniter->tryToRouteIt(Object(CodeIgniter\Router\RouteCollection))
 6 SYSTEMPATH\CodeIgniter.php(340): CodeIgniter\CodeIgniter->handleRequest(null, Object(Config\Cache), false)
 7 FCPATH\index.php(67): CodeIgniter\CodeIgniter->run()
 8 SYSTEMPATH\Commands\Server\rewrite.php(43): require_once('FCPATH\\index.php')
