CRITICAL - 2022-09-12 07:57:03 --> Cannot use object of type stdClass as array
in APPPATH\Views\admin\v_galerilayanan.php on line 16.
 1 SYSTEMPATH\View\View.php(213): include()
 2 SYSTEMPATH\View\View.php(216): CodeIgniter\View\View->CodeIgniter\View\{closure}()
 3 SYSTEMPATH\Common.php(1137): CodeIgniter\View\View->render('admin/v_galerilayanan', [], true)
 4 APPPATH\Views\layoutAdmin\v_content.php(4): view('admin/v_galerilayanan')
 5 SYSTEMPATH\View\View.php(213): include('APPPATH\\Views\\layoutAdmin\\v_content.php')
 6 SYSTEMPATH\View\View.php(216): CodeIgniter\View\View->CodeIgniter\View\{closure}()
 7 SYSTEMPATH\Common.php(1137): CodeIgniter\View\View->render('layoutAdmin/v_content.php', [], true)
 8 APPPATH\Views\layoutAdmin\v_wrapper.php(5): view('layoutAdmin/v_content.php')
 9 SYSTEMPATH\View\View.php(213): include('APPPATH\\Views\\layoutAdmin\\v_wrapper.php')
10 SYSTEMPATH\View\View.php(216): CodeIgniter\View\View->CodeIgniter\View\{closure}()
11 SYSTEMPATH\Common.php(1137): CodeIgniter\View\View->render('layoutAdmin/v_wrapper', [], true)
12 APPPATH\Controllers\Admin\HomeAdmin.php(194): view('layoutAdmin/v_wrapper', [...])
13 SYSTEMPATH\CodeIgniter.php(904): App\Controllers\Admin\HomeAdmin->GaleriLayanan('1')
14 SYSTEMPATH\CodeIgniter.php(457): CodeIgniter\CodeIgniter->runController(Object(App\Controllers\Admin\HomeAdmin))
15 SYSTEMPATH\CodeIgniter.php(340): CodeIgniter\CodeIgniter->handleRequest(null, Object(Config\Cache), false)
16 FCPATH\index.php(67): CodeIgniter\CodeIgniter->run()
17 SYSTEMPATH\Commands\Server\rewrite.php(43): require_once('FCPATH\\index.php')
CRITICAL - 2022-09-12 08:16:23 --> Attempt to read property "id_layanan" on array
in APPPATH\Views\admin\v_tambahgalerilayanan.php on line 25.
 1 APPPATH\Views\admin\v_tambahgalerilayanan.php(25): CodeIgniter\Debug\Exceptions->errorHandler(2, 'Attempt to read property "id_layanan" on array', 'APPPATH\\Views\\admin\\v_tambahgalerilayanan.php', 25)
 2 SYSTEMPATH\View\View.php(213): include('APPPATH\\Views\\admin\\v_tambahgalerilayanan.php')
 3 SYSTEMPATH\View\View.php(216): CodeIgniter\View\View->CodeIgniter\View\{closure}()
 4 SYSTEMPATH\Common.php(1137): CodeIgniter\View\View->render('admin/v_tambahgalerilayanan', [], true)
 5 APPPATH\Views\layoutAdmin\v_content.php(4): view('admin/v_tambahgalerilayanan')
 6 SYSTEMPATH\View\View.php(213): include('APPPATH\\Views\\layoutAdmin\\v_content.php')
 7 SYSTEMPATH\View\View.php(216): CodeIgniter\View\View->CodeIgniter\View\{closure}()
 8 SYSTEMPATH\Common.php(1137): CodeIgniter\View\View->render('layoutAdmin/v_content.php', [], true)
 9 APPPATH\Views\layoutAdmin\v_wrapper.php(5): view('layoutAdmin/v_content.php')
10 SYSTEMPATH\View\View.php(213): include('APPPATH\\Views\\layoutAdmin\\v_wrapper.php')
11 SYSTEMPATH\View\View.php(216): CodeIgniter\View\View->CodeIgniter\View\{closure}()
12 SYSTEMPATH\Common.php(1137): CodeIgniter\View\View->render('layoutAdmin/v_wrapper', [], true)
13 APPPATH\Controllers\Admin\HomeAdmin.php(203): view('layoutAdmin/v_wrapper', [...])
14 SYSTEMPATH\CodeIgniter.php(904): App\Controllers\Admin\HomeAdmin->TambahGaleriLayanan()
15 SYSTEMPATH\CodeIgniter.php(457): CodeIgniter\CodeIgniter->runController(Object(App\Controllers\Admin\HomeAdmin))
16 SYSTEMPATH\CodeIgniter.php(340): CodeIgniter\CodeIgniter->handleRequest(null, Object(Config\Cache), false)
17 FCPATH\index.php(67): CodeIgniter\CodeIgniter->run()
18 SYSTEMPATH\Commands\Server\rewrite.php(43): require_once('FCPATH\\index.php')
CRITICAL - 2022-09-12 08:37:01 --> Attempt to read property "id_layanan" on array
in APPPATH\Views\admin\v_tambahgalerilayanan.php on line 25.
 1 APPPATH\Views\admin\v_tambahgalerilayanan.php(25): CodeIgniter\Debug\Exceptions->errorHandler(2, 'Attempt to read property "id_layanan" on array', 'APPPATH\\Views\\admin\\v_tambahgalerilayanan.php', 25)
 2 SYSTEMPATH\View\View.php(213): include('APPPATH\\Views\\admin\\v_tambahgalerilayanan.php')
 3 SYSTEMPATH\View\View.php(216): CodeIgniter\View\View->CodeIgniter\View\{closure}()
 4 SYSTEMPATH\Common.php(1137): CodeIgniter\View\View->render('admin/v_tambahgalerilayanan', [], true)
 5 APPPATH\Views\layoutAdmin\v_content.php(4): view('admin/v_tambahgalerilayanan')
 6 SYSTEMPATH\View\View.php(213): include('APPPATH\\Views\\layoutAdmin\\v_content.php')
 7 SYSTEMPATH\View\View.php(216): CodeIgniter\View\View->CodeIgniter\View\{closure}()
 8 SYSTEMPATH\Common.php(1137): CodeIgniter\View\View->render('layoutAdmin/v_content.php', [], true)
 9 APPPATH\Views\layoutAdmin\v_wrapper.php(5): view('layoutAdmin/v_content.php')
10 SYSTEMPATH\View\View.php(213): include('APPPATH\\Views\\layoutAdmin\\v_wrapper.php')
11 SYSTEMPATH\View\View.php(216): CodeIgniter\View\View->CodeIgniter\View\{closure}()
12 SYSTEMPATH\Common.php(1137): CodeIgniter\View\View->render('layoutAdmin/v_wrapper', [], true)
13 APPPATH\Controllers\Admin\HomeAdmin.php(203): view('layoutAdmin/v_wrapper', [...])
14 SYSTEMPATH\CodeIgniter.php(904): App\Controllers\Admin\HomeAdmin->TambahGaleriLayanan()
15 SYSTEMPATH\CodeIgniter.php(457): CodeIgniter\CodeIgniter->runController(Object(App\Controllers\Admin\HomeAdmin))
16 SYSTEMPATH\CodeIgniter.php(340): CodeIgniter\CodeIgniter->handleRequest(null, Object(Config\Cache), false)
17 FCPATH\index.php(67): CodeIgniter\CodeIgniter->run()
18 SYSTEMPATH\Commands\Server\rewrite.php(43): require_once('FCPATH\\index.php')
CRITICAL - 2022-09-12 08:41:18 --> Attempt to read property "id_layanan" on array
in APPPATH\Views\admin\v_tambahgalerilayanan.php on line 25.
 1 APPPATH\Views\admin\v_tambahgalerilayanan.php(25): CodeIgniter\Debug\Exceptions->errorHandler(2, 'Attempt to read property "id_layanan" on array', 'APPPATH\\Views\\admin\\v_tambahgalerilayanan.php', 25)
 2 SYSTEMPATH\View\View.php(213): include('APPPATH\\Views\\admin\\v_tambahgalerilayanan.php')
 3 SYSTEMPATH\View\View.php(216): CodeIgniter\View\View->CodeIgniter\View\{closure}()
 4 SYSTEMPATH\Common.php(1137): CodeIgniter\View\View->render('admin/v_tambahgalerilayanan', [], true)
 5 APPPATH\Views\layoutAdmin\v_content.php(4): view('admin/v_tambahgalerilayanan')
 6 SYSTEMPATH\View\View.php(213): include('APPPATH\\Views\\layoutAdmin\\v_content.php')
 7 SYSTEMPATH\View\View.php(216): CodeIgniter\View\View->CodeIgniter\View\{closure}()
 8 SYSTEMPATH\Common.php(1137): CodeIgniter\View\View->render('layoutAdmin/v_content.php', [], true)
 9 APPPATH\Views\layoutAdmin\v_wrapper.php(5): view('layoutAdmin/v_content.php')
10 SYSTEMPATH\View\View.php(213): include('APPPATH\\Views\\layoutAdmin\\v_wrapper.php')
11 SYSTEMPATH\View\View.php(216): CodeIgniter\View\View->CodeIgniter\View\{closure}()
12 SYSTEMPATH\Common.php(1137): CodeIgniter\View\View->render('layoutAdmin/v_wrapper', [], true)
13 APPPATH\Controllers\Admin\HomeAdmin.php(203): view('layoutAdmin/v_wrapper', [...])
14 SYSTEMPATH\CodeIgniter.php(904): App\Controllers\Admin\HomeAdmin->TambahGaleriLayanan()
15 SYSTEMPATH\CodeIgniter.php(457): CodeIgniter\CodeIgniter->runController(Object(App\Controllers\Admin\HomeAdmin))
16 SYSTEMPATH\CodeIgniter.php(340): CodeIgniter\CodeIgniter->handleRequest(null, Object(Config\Cache), false)
17 FCPATH\index.php(67): CodeIgniter\CodeIgniter->run()
18 SYSTEMPATH\Commands\Server\rewrite.php(43): require_once('FCPATH\\index.php')
CRITICAL - 2022-09-12 08:41:21 --> Attempt to read property "id_layanan" on array
in APPPATH\Views\admin\v_tambahgalerilayanan.php on line 25.
 1 APPPATH\Views\admin\v_tambahgalerilayanan.php(25): CodeIgniter\Debug\Exceptions->errorHandler(2, 'Attempt to read property "id_layanan" on array', 'APPPATH\\Views\\admin\\v_tambahgalerilayanan.php', 25)
 2 SYSTEMPATH\View\View.php(213): include('APPPATH\\Views\\admin\\v_tambahgalerilayanan.php')
 3 SYSTEMPATH\View\View.php(216): CodeIgniter\View\View->CodeIgniter\View\{closure}()
 4 SYSTEMPATH\Common.php(1137): CodeIgniter\View\View->render('admin/v_tambahgalerilayanan', [], true)
 5 APPPATH\Views\layoutAdmin\v_content.php(4): view('admin/v_tambahgalerilayanan')
 6 SYSTEMPATH\View\View.php(213): include('APPPATH\\Views\\layoutAdmin\\v_content.php')
 7 SYSTEMPATH\View\View.php(216): CodeIgniter\View\View->CodeIgniter\View\{closure}()
 8 SYSTEMPATH\Common.php(1137): CodeIgniter\View\View->render('layoutAdmin/v_content.php', [], true)
 9 APPPATH\Views\layoutAdmin\v_wrapper.php(5): view('layoutAdmin/v_content.php')
10 SYSTEMPATH\View\View.php(213): include('APPPATH\\Views\\layoutAdmin\\v_wrapper.php')
11 SYSTEMPATH\View\View.php(216): CodeIgniter\View\View->CodeIgniter\View\{closure}()
12 SYSTEMPATH\Common.php(1137): CodeIgniter\View\View->render('layoutAdmin/v_wrapper', [], true)
13 APPPATH\Controllers\Admin\HomeAdmin.php(203): view('layoutAdmin/v_wrapper', [...])
14 SYSTEMPATH\CodeIgniter.php(904): App\Controllers\Admin\HomeAdmin->TambahGaleriLayanan()
15 SYSTEMPATH\CodeIgniter.php(457): CodeIgniter\CodeIgniter->runController(Object(App\Controllers\Admin\HomeAdmin))
16 SYSTEMPATH\CodeIgniter.php(340): CodeIgniter\CodeIgniter->handleRequest(null, Object(Config\Cache), false)
17 FCPATH\index.php(67): CodeIgniter\CodeIgniter->run()
18 SYSTEMPATH\Commands\Server\rewrite.php(43): require_once('FCPATH\\index.php')
CRITICAL - 2022-09-12 08:43:43 --> Attempt to read property "id_layanan" on array
in APPPATH\Views\admin\v_tambahgalerilayanan.php on line 25.
 1 APPPATH\Views\admin\v_tambahgalerilayanan.php(25): CodeIgniter\Debug\Exceptions->errorHandler(2, 'Attempt to read property "id_layanan" on array', 'APPPATH\\Views\\admin\\v_tambahgalerilayanan.php', 25)
 2 SYSTEMPATH\View\View.php(213): include('APPPATH\\Views\\admin\\v_tambahgalerilayanan.php')
 3 SYSTEMPATH\View\View.php(216): CodeIgniter\View\View->CodeIgniter\View\{closure}()
 4 SYSTEMPATH\Common.php(1137): CodeIgniter\View\View->render('admin/v_tambahgalerilayanan', [], true)
 5 APPPATH\Views\layoutAdmin\v_content.php(4): view('admin/v_tambahgalerilayanan')
 6 SYSTEMPATH\View\View.php(213): include('APPPATH\\Views\\layoutAdmin\\v_content.php')
 7 SYSTEMPATH\View\View.php(216): CodeIgniter\View\View->CodeIgniter\View\{closure}()
 8 SYSTEMPATH\Common.php(1137): CodeIgniter\View\View->render('layoutAdmin/v_content.php', [], true)
 9 APPPATH\Views\layoutAdmin\v_wrapper.php(5): view('layoutAdmin/v_content.php')
10 SYSTEMPATH\View\View.php(213): include('APPPATH\\Views\\layoutAdmin\\v_wrapper.php')
11 SYSTEMPATH\View\View.php(216): CodeIgniter\View\View->CodeIgniter\View\{closure}()
12 SYSTEMPATH\Common.php(1137): CodeIgniter\View\View->render('layoutAdmin/v_wrapper', [], true)
13 APPPATH\Controllers\Admin\HomeAdmin.php(203): view('layoutAdmin/v_wrapper', [...])
14 SYSTEMPATH\CodeIgniter.php(904): App\Controllers\Admin\HomeAdmin->TambahGaleriLayanan()
15 SYSTEMPATH\CodeIgniter.php(457): CodeIgniter\CodeIgniter->runController(Object(App\Controllers\Admin\HomeAdmin))
16 SYSTEMPATH\CodeIgniter.php(340): CodeIgniter\CodeIgniter->handleRequest(null, Object(Config\Cache), false)
17 FCPATH\index.php(67): CodeIgniter\CodeIgniter->run()
18 SYSTEMPATH\Commands\Server\rewrite.php(43): require_once('FCPATH\\index.php')
CRITICAL - 2022-09-12 08:49:37 --> Call to undefined method CodeIgniter\Database\MySQLi\Connection::order_by()
in APPPATH\Models\LayananModel.php on line 20.
 1 APPPATH\Controllers\Admin\HomeAdmin.php(201): App\Models\LayananModel->getLayanan()
 2 SYSTEMPATH\CodeIgniter.php(904): App\Controllers\Admin\HomeAdmin->TambahGaleriLayanan()
 3 SYSTEMPATH\CodeIgniter.php(457): CodeIgniter\CodeIgniter->runController(Object(App\Controllers\Admin\HomeAdmin))
 4 SYSTEMPATH\CodeIgniter.php(340): CodeIgniter\CodeIgniter->handleRequest(null, Object(Config\Cache), false)
 5 FCPATH\index.php(67): CodeIgniter\CodeIgniter->run()
 6 SYSTEMPATH\Commands\Server\rewrite.php(43): require_once('FCPATH\\index.php')
CRITICAL - 2022-09-12 08:50:11 --> Attempt to read property "id_layanan" on array
in APPPATH\Views\admin\v_tambahgalerilayanan.php on line 25.
 1 APPPATH\Views\admin\v_tambahgalerilayanan.php(25): CodeIgniter\Debug\Exceptions->errorHandler(2, 'Attempt to read property "id_layanan" on array', 'APPPATH\\Views\\admin\\v_tambahgalerilayanan.php', 25)
 2 SYSTEMPATH\View\View.php(213): include('APPPATH\\Views\\admin\\v_tambahgalerilayanan.php')
 3 SYSTEMPATH\View\View.php(216): CodeIgniter\View\View->CodeIgniter\View\{closure}()
 4 SYSTEMPATH\Common.php(1137): CodeIgniter\View\View->render('admin/v_tambahgalerilayanan', [], true)
 5 APPPATH\Views\layoutAdmin\v_content.php(4): view('admin/v_tambahgalerilayanan')
 6 SYSTEMPATH\View\View.php(213): include('APPPATH\\Views\\layoutAdmin\\v_content.php')
 7 SYSTEMPATH\View\View.php(216): CodeIgniter\View\View->CodeIgniter\View\{closure}()
 8 SYSTEMPATH\Common.php(1137): CodeIgniter\View\View->render('layoutAdmin/v_content.php', [], true)
 9 APPPATH\Views\layoutAdmin\v_wrapper.php(5): view('layoutAdmin/v_content.php')
10 SYSTEMPATH\View\View.php(213): include('APPPATH\\Views\\layoutAdmin\\v_wrapper.php')
11 SYSTEMPATH\View\View.php(216): CodeIgniter\View\View->CodeIgniter\View\{closure}()
12 SYSTEMPATH\Common.php(1137): CodeIgniter\View\View->render('layoutAdmin/v_wrapper', [], true)
13 APPPATH\Controllers\Admin\HomeAdmin.php(203): view('layoutAdmin/v_wrapper', [...])
14 SYSTEMPATH\CodeIgniter.php(904): App\Controllers\Admin\HomeAdmin->TambahGaleriLayanan()
15 SYSTEMPATH\CodeIgniter.php(457): CodeIgniter\CodeIgniter->runController(Object(App\Controllers\Admin\HomeAdmin))
16 SYSTEMPATH\CodeIgniter.php(340): CodeIgniter\CodeIgniter->handleRequest(null, Object(Config\Cache), false)
17 FCPATH\index.php(67): CodeIgniter\CodeIgniter->run()
18 SYSTEMPATH\Commands\Server\rewrite.php(43): require_once('FCPATH\\index.php')
CRITICAL - 2022-09-12 08:56:42 --> Attempt to read property "id_layanan" on array
in APPPATH\Views\admin\v_tambahgalerilayanan.php on line 25.
 1 APPPATH\Views\admin\v_tambahgalerilayanan.php(25): CodeIgniter\Debug\Exceptions->errorHandler(2, 'Attempt to read property "id_layanan" on array', 'APPPATH\\Views\\admin\\v_tambahgalerilayanan.php', 25)
 2 SYSTEMPATH\View\View.php(213): include('APPPATH\\Views\\admin\\v_tambahgalerilayanan.php')
 3 SYSTEMPATH\View\View.php(216): CodeIgniter\View\View->CodeIgniter\View\{closure}()
 4 SYSTEMPATH\Common.php(1137): CodeIgniter\View\View->render('admin/v_tambahgalerilayanan', [], true)
 5 APPPATH\Views\layoutAdmin\v_content.php(4): view('admin/v_tambahgalerilayanan')
 6 SYSTEMPATH\View\View.php(213): include('APPPATH\\Views\\layoutAdmin\\v_content.php')
 7 SYSTEMPATH\View\View.php(216): CodeIgniter\View\View->CodeIgniter\View\{closure}()
 8 SYSTEMPATH\Common.php(1137): CodeIgniter\View\View->render('layoutAdmin/v_content.php', [], true)
 9 APPPATH\Views\layoutAdmin\v_wrapper.php(5): view('layoutAdmin/v_content.php')
10 SYSTEMPATH\View\View.php(213): include('APPPATH\\Views\\layoutAdmin\\v_wrapper.php')
11 SYSTEMPATH\View\View.php(216): CodeIgniter\View\View->CodeIgniter\View\{closure}()
12 SYSTEMPATH\Common.php(1137): CodeIgniter\View\View->render('layoutAdmin/v_wrapper', [], true)
13 APPPATH\Controllers\Admin\HomeAdmin.php(204): view('layoutAdmin/v_wrapper', [...])
14 SYSTEMPATH\CodeIgniter.php(904): App\Controllers\Admin\HomeAdmin->TambahGaleriLayanan()
15 SYSTEMPATH\CodeIgniter.php(457): CodeIgniter\CodeIgniter->runController(Object(App\Controllers\Admin\HomeAdmin))
16 SYSTEMPATH\CodeIgniter.php(340): CodeIgniter\CodeIgniter->handleRequest(null, Object(Config\Cache), false)
17 FCPATH\index.php(67): CodeIgniter\CodeIgniter->run()
18 SYSTEMPATH\Commands\Server\rewrite.php(43): require_once('FCPATH\\index.php')
CRITICAL - 2022-09-12 08:57:51 --> Attempt to read property "id_layanan" on array
in APPPATH\Views\admin\v_tambahgalerilayanan.php on line 25.
 1 APPPATH\Views\admin\v_tambahgalerilayanan.php(25): CodeIgniter\Debug\Exceptions->errorHandler(2, 'Attempt to read property "id_layanan" on array', 'APPPATH\\Views\\admin\\v_tambahgalerilayanan.php', 25)
 2 SYSTEMPATH\View\View.php(213): include('APPPATH\\Views\\admin\\v_tambahgalerilayanan.php')
 3 SYSTEMPATH\View\View.php(216): CodeIgniter\View\View->CodeIgniter\View\{closure}()
 4 SYSTEMPATH\Common.php(1137): CodeIgniter\View\View->render('admin/v_tambahgalerilayanan', [], true)
 5 APPPATH\Views\layoutAdmin\v_content.php(4): view('admin/v_tambahgalerilayanan')
 6 SYSTEMPATH\View\View.php(213): include('APPPATH\\Views\\layoutAdmin\\v_content.php')
 7 SYSTEMPATH\View\View.php(216): CodeIgniter\View\View->CodeIgniter\View\{closure}()
 8 SYSTEMPATH\Common.php(1137): CodeIgniter\View\View->render('layoutAdmin/v_content.php', [], true)
 9 APPPATH\Views\layoutAdmin\v_wrapper.php(5): view('layoutAdmin/v_content.php')
10 SYSTEMPATH\View\View.php(213): include('APPPATH\\Views\\layoutAdmin\\v_wrapper.php')
11 SYSTEMPATH\View\View.php(216): CodeIgniter\View\View->CodeIgniter\View\{closure}()
12 SYSTEMPATH\Common.php(1137): CodeIgniter\View\View->render('layoutAdmin/v_wrapper', [], true)
13 APPPATH\Controllers\Admin\HomeAdmin.php(204): view('layoutAdmin/v_wrapper', [...])
14 SYSTEMPATH\CodeIgniter.php(904): App\Controllers\Admin\HomeAdmin->TambahGaleriLayanan()
15 SYSTEMPATH\CodeIgniter.php(457): CodeIgniter\CodeIgniter->runController(Object(App\Controllers\Admin\HomeAdmin))
16 SYSTEMPATH\CodeIgniter.php(340): CodeIgniter\CodeIgniter->handleRequest(null, Object(Config\Cache), false)
17 FCPATH\index.php(67): CodeIgniter\CodeIgniter->run()
18 SYSTEMPATH\Commands\Server\rewrite.php(43): require_once('FCPATH\\index.php')
CRITICAL - 2022-09-12 09:03:44 --> Too few arguments to function App\Models\LayananModel::getLayanan(), 0 passed in C:\xampp\htdocs\kreasiaiweb\app\Controllers\Admin\HomeAdmin.php on line 201 and exactly 1 expected
in APPPATH\Models\LayananModel.php on line 14.
 1 APPPATH\Controllers\Admin\HomeAdmin.php(201): App\Models\LayananModel->getLayanan()
 2 SYSTEMPATH\CodeIgniter.php(904): App\Controllers\Admin\HomeAdmin->TambahGaleriLayanan()
 3 SYSTEMPATH\CodeIgniter.php(457): CodeIgniter\CodeIgniter->runController(Object(App\Controllers\Admin\HomeAdmin))
 4 SYSTEMPATH\CodeIgniter.php(340): CodeIgniter\CodeIgniter->handleRequest(null, Object(Config\Cache), false)
 5 FCPATH\index.php(67): CodeIgniter\CodeIgniter->run()
 6 SYSTEMPATH\Commands\Server\rewrite.php(43): require_once('FCPATH\\index.php')
CRITICAL - 2022-09-12 09:08:23 --> Too few arguments to function App\Models\LayananModel::getLayanan(), 0 passed in C:\xampp\htdocs\kreasiaiweb\app\Controllers\Admin\HomeAdmin.php on line 201 and exactly 1 expected
in APPPATH\Models\LayananModel.php on line 14.
 1 APPPATH\Controllers\Admin\HomeAdmin.php(201): App\Models\LayananModel->getLayanan()
 2 SYSTEMPATH\CodeIgniter.php(904): App\Controllers\Admin\HomeAdmin->TambahGaleriLayanan()
 3 SYSTEMPATH\CodeIgniter.php(457): CodeIgniter\CodeIgniter->runController(Object(App\Controllers\Admin\HomeAdmin))
 4 SYSTEMPATH\CodeIgniter.php(340): CodeIgniter\CodeIgniter->handleRequest(null, Object(Config\Cache), false)
 5 FCPATH\index.php(67): CodeIgniter\CodeIgniter->run()
 6 SYSTEMPATH\Commands\Server\rewrite.php(43): require_once('FCPATH\\index.php')
CRITICAL - 2022-09-12 09:08:33 --> Attempt to read property "id_layanan" on array
in APPPATH\Views\admin\v_tambahgalerilayanan.php on line 25.
 1 APPPATH\Views\admin\v_tambahgalerilayanan.php(25): CodeIgniter\Debug\Exceptions->errorHandler(2, 'Attempt to read property "id_layanan" on array', 'APPPATH\\Views\\admin\\v_tambahgalerilayanan.php', 25)
 2 SYSTEMPATH\View\View.php(213): include('APPPATH\\Views\\admin\\v_tambahgalerilayanan.php')
 3 SYSTEMPATH\View\View.php(216): CodeIgniter\View\View->CodeIgniter\View\{closure}()
 4 SYSTEMPATH\Common.php(1137): CodeIgniter\View\View->render('admin/v_tambahgalerilayanan', [], true)
 5 APPPATH\Views\layoutAdmin\v_content.php(4): view('admin/v_tambahgalerilayanan')
 6 SYSTEMPATH\View\View.php(213): include('APPPATH\\Views\\layoutAdmin\\v_content.php')
 7 SYSTEMPATH\View\View.php(216): CodeIgniter\View\View->CodeIgniter\View\{closure}()
 8 SYSTEMPATH\Common.php(1137): CodeIgniter\View\View->render('layoutAdmin/v_content.php', [], true)
 9 APPPATH\Views\layoutAdmin\v_wrapper.php(5): view('layoutAdmin/v_content.php')
10 SYSTEMPATH\View\View.php(213): include('APPPATH\\Views\\layoutAdmin\\v_wrapper.php')
11 SYSTEMPATH\View\View.php(216): CodeIgniter\View\View->CodeIgniter\View\{closure}()
12 SYSTEMPATH\Common.php(1137): CodeIgniter\View\View->render('layoutAdmin/v_wrapper', [], true)
13 APPPATH\Controllers\Admin\HomeAdmin.php(204): view('layoutAdmin/v_wrapper', [...])
14 SYSTEMPATH\CodeIgniter.php(904): App\Controllers\Admin\HomeAdmin->TambahGaleriLayanan()
15 SYSTEMPATH\CodeIgniter.php(457): CodeIgniter\CodeIgniter->runController(Object(App\Controllers\Admin\HomeAdmin))
16 SYSTEMPATH\CodeIgniter.php(340): CodeIgniter\CodeIgniter->handleRequest(null, Object(Config\Cache), false)
17 FCPATH\index.php(67): CodeIgniter\CodeIgniter->run()
18 SYSTEMPATH\Commands\Server\rewrite.php(43): require_once('FCPATH\\index.php')
CRITICAL - 2022-09-12 10:12:13 --> Array to string conversion
in APPPATH\Models\LayananModel.php on line 50.
 1 APPPATH\Models\LayananModel.php(50): CodeIgniter\Debug\Exceptions->errorHandler(2, 'Array to string conversion', 'APPPATH\\Models\\LayananModel.php', 50)
 2 APPPATH\Controllers\Admin\HomeAdmin.php(190): App\Models\LayananModel->getGaleri('2')
 3 SYSTEMPATH\CodeIgniter.php(904): App\Controllers\Admin\HomeAdmin->GaleriLayanan('2')
 4 SYSTEMPATH\CodeIgniter.php(457): CodeIgniter\CodeIgniter->runController(Object(App\Controllers\Admin\HomeAdmin))
 5 SYSTEMPATH\CodeIgniter.php(340): CodeIgniter\CodeIgniter->handleRequest(null, Object(Config\Cache), false)
 6 FCPATH\index.php(67): CodeIgniter\CodeIgniter->run()
 7 SYSTEMPATH\Commands\Server\rewrite.php(43): require_once('FCPATH\\index.php')
CRITICAL - 2022-09-12 10:13:56 --> Undefined variable $layanan
in APPPATH\Views\admin\v_galerilayanan.php on line 7.
 1 APPPATH\Views\admin\v_galerilayanan.php(7): CodeIgniter\Debug\Exceptions->errorHandler(2, 'Undefined variable $layanan', 'APPPATH\\Views\\admin\\v_galerilayanan.php', 7)
 2 SYSTEMPATH\View\View.php(213): include('APPPATH\\Views\\admin\\v_galerilayanan.php')
 3 SYSTEMPATH\View\View.php(216): CodeIgniter\View\View->CodeIgniter\View\{closure}()
 4 SYSTEMPATH\Common.php(1137): CodeIgniter\View\View->render('admin/v_galerilayanan', [], true)
 5 APPPATH\Views\layoutAdmin\v_content.php(4): view('admin/v_galerilayanan')
 6 SYSTEMPATH\View\View.php(213): include('APPPATH\\Views\\layoutAdmin\\v_content.php')
 7 SYSTEMPATH\View\View.php(216): CodeIgniter\View\View->CodeIgniter\View\{closure}()
 8 SYSTEMPATH\Common.php(1137): CodeIgniter\View\View->render('layoutAdmin/v_content.php', [], true)
 9 APPPATH\Views\layoutAdmin\v_wrapper.php(5): view('layoutAdmin/v_content.php')
10 SYSTEMPATH\View\View.php(213): include('APPPATH\\Views\\layoutAdmin\\v_wrapper.php')
11 SYSTEMPATH\View\View.php(216): CodeIgniter\View\View->CodeIgniter\View\{closure}()
12 SYSTEMPATH\Common.php(1137): CodeIgniter\View\View->render('layoutAdmin/v_wrapper', [], true)
13 APPPATH\Controllers\Admin\HomeAdmin.php(192): view('layoutAdmin/v_wrapper', [...])
14 SYSTEMPATH\CodeIgniter.php(904): App\Controllers\Admin\HomeAdmin->GaleriLayanan('2')
15 SYSTEMPATH\CodeIgniter.php(457): CodeIgniter\CodeIgniter->runController(Object(App\Controllers\Admin\HomeAdmin))
16 SYSTEMPATH\CodeIgniter.php(340): CodeIgniter\CodeIgniter->handleRequest(null, Object(Config\Cache), false)
17 FCPATH\index.php(67): CodeIgniter\CodeIgniter->run()
18 SYSTEMPATH\Commands\Server\rewrite.php(43): require_once('FCPATH\\index.php')
CRITICAL - 2022-09-12 10:15:03 --> Undefined variable $layanan
in APPPATH\Views\admin\v_galerilayanan.php on line 7.
 1 APPPATH\Views\admin\v_galerilayanan.php(7): CodeIgniter\Debug\Exceptions->errorHandler(2, 'Undefined variable $layanan', 'APPPATH\\Views\\admin\\v_galerilayanan.php', 7)
 2 SYSTEMPATH\View\View.php(213): include('APPPATH\\Views\\admin\\v_galerilayanan.php')
 3 SYSTEMPATH\View\View.php(216): CodeIgniter\View\View->CodeIgniter\View\{closure}()
 4 SYSTEMPATH\Common.php(1137): CodeIgniter\View\View->render('admin/v_galerilayanan', [], true)
 5 APPPATH\Views\layoutAdmin\v_content.php(4): view('admin/v_galerilayanan')
 6 SYSTEMPATH\View\View.php(213): include('APPPATH\\Views\\layoutAdmin\\v_content.php')
 7 SYSTEMPATH\View\View.php(216): CodeIgniter\View\View->CodeIgniter\View\{closure}()
 8 SYSTEMPATH\Common.php(1137): CodeIgniter\View\View->render('layoutAdmin/v_content.php', [], true)
 9 APPPATH\Views\layoutAdmin\v_wrapper.php(5): view('layoutAdmin/v_content.php')
10 SYSTEMPATH\View\View.php(213): include('APPPATH\\Views\\layoutAdmin\\v_wrapper.php')
11 SYSTEMPATH\View\View.php(216): CodeIgniter\View\View->CodeIgniter\View\{closure}()
12 SYSTEMPATH\Common.php(1137): CodeIgniter\View\View->render('layoutAdmin/v_wrapper', [], true)
13 APPPATH\Controllers\Admin\HomeAdmin.php(192): view('layoutAdmin/v_wrapper', [...])
14 SYSTEMPATH\CodeIgniter.php(904): App\Controllers\Admin\HomeAdmin->GaleriLayanan('2')
15 SYSTEMPATH\CodeIgniter.php(457): CodeIgniter\CodeIgniter->runController(Object(App\Controllers\Admin\HomeAdmin))
16 SYSTEMPATH\CodeIgniter.php(340): CodeIgniter\CodeIgniter->handleRequest(null, Object(Config\Cache), false)
17 FCPATH\index.php(67): CodeIgniter\CodeIgniter->run()
18 SYSTEMPATH\Commands\Server\rewrite.php(43): require_once('FCPATH\\index.php')
CRITICAL - 2022-09-12 10:15:15 --> Undefined variable $layanan
in APPPATH\Views\admin\v_galerilayanan.php on line 7.
 1 APPPATH\Views\admin\v_galerilayanan.php(7): CodeIgniter\Debug\Exceptions->errorHandler(2, 'Undefined variable $layanan', 'APPPATH\\Views\\admin\\v_galerilayanan.php', 7)
 2 SYSTEMPATH\View\View.php(213): include('APPPATH\\Views\\admin\\v_galerilayanan.php')
 3 SYSTEMPATH\View\View.php(216): CodeIgniter\View\View->CodeIgniter\View\{closure}()
 4 SYSTEMPATH\Common.php(1137): CodeIgniter\View\View->render('admin/v_galerilayanan', [], true)
 5 APPPATH\Views\layoutAdmin\v_content.php(4): view('admin/v_galerilayanan')
 6 SYSTEMPATH\View\View.php(213): include('APPPATH\\Views\\layoutAdmin\\v_content.php')
 7 SYSTEMPATH\View\View.php(216): CodeIgniter\View\View->CodeIgniter\View\{closure}()
 8 SYSTEMPATH\Common.php(1137): CodeIgniter\View\View->render('layoutAdmin/v_content.php', [], true)
 9 APPPATH\Views\layoutAdmin\v_wrapper.php(5): view('layoutAdmin/v_content.php')
10 SYSTEMPATH\View\View.php(213): include('APPPATH\\Views\\layoutAdmin\\v_wrapper.php')
11 SYSTEMPATH\View\View.php(216): CodeIgniter\View\View->CodeIgniter\View\{closure}()
12 SYSTEMPATH\Common.php(1137): CodeIgniter\View\View->render('layoutAdmin/v_wrapper', [], true)
13 APPPATH\Controllers\Admin\HomeAdmin.php(192): view('layoutAdmin/v_wrapper', [...])
14 SYSTEMPATH\CodeIgniter.php(904): App\Controllers\Admin\HomeAdmin->GaleriLayanan('2')
15 SYSTEMPATH\CodeIgniter.php(457): CodeIgniter\CodeIgniter->runController(Object(App\Controllers\Admin\HomeAdmin))
16 SYSTEMPATH\CodeIgniter.php(340): CodeIgniter\CodeIgniter->handleRequest(null, Object(Config\Cache), false)
17 FCPATH\index.php(67): CodeIgniter\CodeIgniter->run()
18 SYSTEMPATH\Commands\Server\rewrite.php(43): require_once('FCPATH\\index.php')
CRITICAL - 2022-09-12 10:15:32 --> Undefined array key "nama_layanan"
in APPPATH\Views\admin\v_galerilayanan.php on line 7.
 1 APPPATH\Views\admin\v_galerilayanan.php(7): CodeIgniter\Debug\Exceptions->errorHandler(2, 'Undefined array key "nama_layanan"', 'APPPATH\\Views\\admin\\v_galerilayanan.php', 7)
 2 SYSTEMPATH\View\View.php(213): include('APPPATH\\Views\\admin\\v_galerilayanan.php')
 3 SYSTEMPATH\View\View.php(216): CodeIgniter\View\View->CodeIgniter\View\{closure}()
 4 SYSTEMPATH\Common.php(1137): CodeIgniter\View\View->render('admin/v_galerilayanan', [], true)
 5 APPPATH\Views\layoutAdmin\v_content.php(4): view('admin/v_galerilayanan')
 6 SYSTEMPATH\View\View.php(213): include('APPPATH\\Views\\layoutAdmin\\v_content.php')
 7 SYSTEMPATH\View\View.php(216): CodeIgniter\View\View->CodeIgniter\View\{closure}()
 8 SYSTEMPATH\Common.php(1137): CodeIgniter\View\View->render('layoutAdmin/v_content.php', [], true)
 9 APPPATH\Views\layoutAdmin\v_wrapper.php(5): view('layoutAdmin/v_content.php')
10 SYSTEMPATH\View\View.php(213): include('APPPATH\\Views\\layoutAdmin\\v_wrapper.php')
11 SYSTEMPATH\View\View.php(216): CodeIgniter\View\View->CodeIgniter\View\{closure}()
12 SYSTEMPATH\Common.php(1137): CodeIgniter\View\View->render('layoutAdmin/v_wrapper', [], true)
13 APPPATH\Controllers\Admin\HomeAdmin.php(192): view('layoutAdmin/v_wrapper', [...])
14 SYSTEMPATH\CodeIgniter.php(904): App\Controllers\Admin\HomeAdmin->GaleriLayanan('2')
15 SYSTEMPATH\CodeIgniter.php(457): CodeIgniter\CodeIgniter->runController(Object(App\Controllers\Admin\HomeAdmin))
16 SYSTEMPATH\CodeIgniter.php(340): CodeIgniter\CodeIgniter->handleRequest(null, Object(Config\Cache), false)
17 FCPATH\index.php(67): CodeIgniter\CodeIgniter->run()
18 SYSTEMPATH\Commands\Server\rewrite.php(43): require_once('FCPATH\\index.php')
CRITICAL - 2022-09-12 10:16:06 --> Undefined array key "id_layanan"
in APPPATH\Views\admin\v_galerilayanan.php on line 7.
 1 APPPATH\Views\admin\v_galerilayanan.php(7): CodeIgniter\Debug\Exceptions->errorHandler(2, 'Undefined array key "id_layanan"', 'APPPATH\\Views\\admin\\v_galerilayanan.php', 7)
 2 SYSTEMPATH\View\View.php(213): include('APPPATH\\Views\\admin\\v_galerilayanan.php')
 3 SYSTEMPATH\View\View.php(216): CodeIgniter\View\View->CodeIgniter\View\{closure}()
 4 SYSTEMPATH\Common.php(1137): CodeIgniter\View\View->render('admin/v_galerilayanan', [], true)
 5 APPPATH\Views\layoutAdmin\v_content.php(4): view('admin/v_galerilayanan')
 6 SYSTEMPATH\View\View.php(213): include('APPPATH\\Views\\layoutAdmin\\v_content.php')
 7 SYSTEMPATH\View\View.php(216): CodeIgniter\View\View->CodeIgniter\View\{closure}()
 8 SYSTEMPATH\Common.php(1137): CodeIgniter\View\View->render('layoutAdmin/v_content.php', [], true)
 9 APPPATH\Views\layoutAdmin\v_wrapper.php(5): view('layoutAdmin/v_content.php')
10 SYSTEMPATH\View\View.php(213): include('APPPATH\\Views\\layoutAdmin\\v_wrapper.php')
11 SYSTEMPATH\View\View.php(216): CodeIgniter\View\View->CodeIgniter\View\{closure}()
12 SYSTEMPATH\Common.php(1137): CodeIgniter\View\View->render('layoutAdmin/v_wrapper', [], true)
13 APPPATH\Controllers\Admin\HomeAdmin.php(192): view('layoutAdmin/v_wrapper', [...])
14 SYSTEMPATH\CodeIgniter.php(904): App\Controllers\Admin\HomeAdmin->GaleriLayanan('2')
15 SYSTEMPATH\CodeIgniter.php(457): CodeIgniter\CodeIgniter->runController(Object(App\Controllers\Admin\HomeAdmin))
16 SYSTEMPATH\CodeIgniter.php(340): CodeIgniter\CodeIgniter->handleRequest(null, Object(Config\Cache), false)
17 FCPATH\index.php(67): CodeIgniter\CodeIgniter->run()
18 SYSTEMPATH\Commands\Server\rewrite.php(43): require_once('FCPATH\\index.php')
CRITICAL - 2022-09-12 10:16:48 --> Undefined array key "id_layanan"
in APPPATH\Views\admin\v_galerilayanan.php on line 7.
 1 APPPATH\Views\admin\v_galerilayanan.php(7): CodeIgniter\Debug\Exceptions->errorHandler(2, 'Undefined array key "id_layanan"', 'APPPATH\\Views\\admin\\v_galerilayanan.php', 7)
 2 SYSTEMPATH\View\View.php(213): include('APPPATH\\Views\\admin\\v_galerilayanan.php')
 3 SYSTEMPATH\View\View.php(216): CodeIgniter\View\View->CodeIgniter\View\{closure}()
 4 SYSTEMPATH\Common.php(1137): CodeIgniter\View\View->render('admin/v_galerilayanan', [], true)
 5 APPPATH\Views\layoutAdmin\v_content.php(4): view('admin/v_galerilayanan')
 6 SYSTEMPATH\View\View.php(213): include('APPPATH\\Views\\layoutAdmin\\v_content.php')
 7 SYSTEMPATH\View\View.php(216): CodeIgniter\View\View->CodeIgniter\View\{closure}()
 8 SYSTEMPATH\Common.php(1137): CodeIgniter\View\View->render('layoutAdmin/v_content.php', [], true)
 9 APPPATH\Views\layoutAdmin\v_wrapper.php(5): view('layoutAdmin/v_content.php')
10 SYSTEMPATH\View\View.php(213): include('APPPATH\\Views\\layoutAdmin\\v_wrapper.php')
11 SYSTEMPATH\View\View.php(216): CodeIgniter\View\View->CodeIgniter\View\{closure}()
12 SYSTEMPATH\Common.php(1137): CodeIgniter\View\View->render('layoutAdmin/v_wrapper', [], true)
13 APPPATH\Controllers\Admin\HomeAdmin.php(192): view('layoutAdmin/v_wrapper', [...])
14 SYSTEMPATH\CodeIgniter.php(904): App\Controllers\Admin\HomeAdmin->GaleriLayanan('2')
15 SYSTEMPATH\CodeIgniter.php(457): CodeIgniter\CodeIgniter->runController(Object(App\Controllers\Admin\HomeAdmin))
16 SYSTEMPATH\CodeIgniter.php(340): CodeIgniter\CodeIgniter->handleRequest(null, Object(Config\Cache), false)
17 FCPATH\index.php(67): CodeIgniter\CodeIgniter->run()
18 SYSTEMPATH\Commands\Server\rewrite.php(43): require_once('FCPATH\\index.php')
ERROR - 2022-09-12 10:52:09 --> mysqli_sql_exception: Column 'id_layanan' in where clause is ambiguous in C:\xampp\htdocs\kreasiaiweb\vendor\codeigniter4\framework\system\Database\MySQLi\Connection.php:292
Stack trace:
#0 C:\xampp\htdocs\kreasiaiweb\vendor\codeigniter4\framework\system\Database\MySQLi\Connection.php(292): mysqli->query('SELECT *\nFROM `...', 0)
#1 C:\xampp\htdocs\kreasiaiweb\vendor\codeigniter4\framework\system\Database\BaseConnection.php(693): CodeIgniter\Database\MySQLi\Connection->execute('SELECT *\nFROM `...')
#2 C:\xampp\htdocs\kreasiaiweb\vendor\codeigniter4\framework\system\Database\BaseConnection.php(620): CodeIgniter\Database\BaseConnection->simpleQuery('SELECT *\nFROM `...')
#3 C:\xampp\htdocs\kreasiaiweb\vendor\codeigniter4\framework\system\Database\BaseBuilder.php(1585): CodeIgniter\Database\BaseConnection->query('SELECT *\nFROM `...', Array, false)
#4 C:\xampp\htdocs\kreasiaiweb\app\Models\LayananModel.php(49): CodeIgniter\Database\BaseBuilder->get()
#5 C:\xampp\htdocs\kreasiaiweb\app\Controllers\Admin\HomeAdmin.php(191): App\Models\LayananModel->getGaleri('2')
#6 C:\xampp\htdocs\kreasiaiweb\vendor\codeigniter4\framework\system\CodeIgniter.php(904): App\Controllers\Admin\HomeAdmin->GaleriLayanan('2')
#7 C:\xampp\htdocs\kreasiaiweb\vendor\codeigniter4\framework\system\CodeIgniter.php(457): CodeIgniter\CodeIgniter->runController(Object(App\Controllers\Admin\HomeAdmin))
#8 C:\xampp\htdocs\kreasiaiweb\vendor\codeigniter4\framework\system\CodeIgniter.php(340): CodeIgniter\CodeIgniter->handleRequest(NULL, Object(Config\Cache), false)
#9 C:\xampp\htdocs\kreasiaiweb\public\index.php(67): CodeIgniter\CodeIgniter->run()
#10 C:\xampp\htdocs\kreasiaiweb\vendor\codeigniter4\framework\system\Commands\Server\rewrite.php(43): require_once('C:\\xampp\\htdocs...')
#11 {main}
CRITICAL - 2022-09-12 10:52:09 --> Column 'id_layanan' in where clause is ambiguous
in SYSTEMPATH\Database\MySQLi\Connection.php on line 292.
 1 SYSTEMPATH\Database\MySQLi\Connection.php(292): mysqli->query('SELECT *
FROM `galeri_layanan`
JOIN `layanan` ON `layanan`.`id_layanan`=`galeri_layanan`.`id_layanan`
WHERE `id_layanan` = \'2\'', 0)
 2 SYSTEMPATH\Database\BaseConnection.php(693): CodeIgniter\Database\MySQLi\Connection->execute('SELECT *
FROM `galeri_layanan`
JOIN `layanan` ON `layanan`.`id_layanan`=`galeri_layanan`.`id_layanan`
WHERE `id_layanan` = \'2\'')
 3 SYSTEMPATH\Database\BaseConnection.php(620): CodeIgniter\Database\BaseConnection->simpleQuery('SELECT *
FROM `galeri_layanan`
JOIN `layanan` ON `layanan`.`id_layanan`=`galeri_layanan`.`id_layanan`
WHERE `id_layanan` = \'2\'')
 4 SYSTEMPATH\Database\BaseBuilder.php(1585): CodeIgniter\Database\BaseConnection->query('SELECT *
FROM `galeri_layanan`
JOIN `layanan` ON `layanan`.`id_layanan`=`galeri_layanan`.`id_layanan`
WHERE `id_layanan` = :id_layanan:', [...], false)
 5 APPPATH\Models\LayananModel.php(49): CodeIgniter\Database\BaseBuilder->get()
 6 APPPATH\Controllers\Admin\HomeAdmin.php(191): App\Models\LayananModel->getGaleri('2')
 7 SYSTEMPATH\CodeIgniter.php(904): App\Controllers\Admin\HomeAdmin->GaleriLayanan('2')
 8 SYSTEMPATH\CodeIgniter.php(457): CodeIgniter\CodeIgniter->runController(Object(App\Controllers\Admin\HomeAdmin))
 9 SYSTEMPATH\CodeIgniter.php(340): CodeIgniter\CodeIgniter->handleRequest(null, Object(Config\Cache), false)
10 FCPATH\index.php(67): CodeIgniter\CodeIgniter->run()
11 SYSTEMPATH\Commands\Server\rewrite.php(43): require_once('FCPATH\\index.php')
