CRITICAL - 2023-10-14 19:11:04 --> Allowed fields must be specified for model: App\Models\PerusahaanModel
in SYSTEMPATH\BaseModel.php on line 1139.
 1 SYSTEMPATH\BaseModel.php(1139): CodeIgniter\Database\Exceptions\DataException::forInvalidAllowedFields('App\\Models\\PerusahaanModel')
 2 SYSTEMPATH\BaseModel.php(713): CodeIgniter\BaseModel->doProtectFields([...])
 3 SYSTEMPATH\Model.php(666): CodeIgniter\BaseModel->insert([...], false)
 4 SYSTEMPATH\BaseModel.php(658): CodeIgniter\Model->insert([...], false)
 5 APPPATH\Controllers\Admin\Setting.php(180): CodeIgniter\BaseModel->save([...])
 6 SYSTEMPATH\CodeIgniter.php(904): App\Controllers\Admin\Setting->SaveSosmed()
 7 SYSTEMPATH\CodeIgniter.php(457): CodeIgniter\CodeIgniter->runController(Object(App\Controllers\Admin\Setting))
 8 SYSTEMPATH\CodeIgniter.php(340): CodeIgniter\CodeIgniter->handleRequest(null, Object(Config\Cache), false)
 9 FCPATH\index.php(67): CodeIgniter\CodeIgniter->run()
10 SYSTEMPATH\Commands\Server\rewrite.php(43): require_once('FCPATH\\index.php')
CRITICAL - 2023-10-14 19:14:11 --> Allowed fields must be specified for model: App\Models\PerusahaanModel
in SYSTEMPATH\BaseModel.php on line 1139.
 1 SYSTEMPATH\BaseModel.php(1139): CodeIgniter\Database\Exceptions\DataException::forInvalidAllowedFields('App\\Models\\PerusahaanModel')
 2 SYSTEMPATH\BaseModel.php(713): CodeIgniter\BaseModel->doProtectFields([...])
 3 SYSTEMPATH\Model.php(666): CodeIgniter\BaseModel->insert([...], false)
 4 SYSTEMPATH\BaseModel.php(658): CodeIgniter\Model->insert([...], false)
 5 APPPATH\Controllers\Admin\Setting.php(172): CodeIgniter\BaseModel->save([...])
 6 SYSTEMPATH\CodeIgniter.php(904): App\Controllers\Admin\Setting->SaveSosmed()
 7 SYSTEMPATH\CodeIgniter.php(457): CodeIgniter\CodeIgniter->runController(Object(App\Controllers\Admin\Setting))
 8 SYSTEMPATH\CodeIgniter.php(340): CodeIgniter\CodeIgniter->handleRequest(null, Object(Config\Cache), false)
 9 FCPATH\index.php(67): CodeIgniter\CodeIgniter->run()
10 SYSTEMPATH\Commands\Server\rewrite.php(43): require_once('FCPATH\\index.php')
ERROR - 2023-10-14 20:45:12 --> mysqli_sql_exception: Column 'logo_sosmed' cannot be null in D:\project\kreasiaiweb\vendor\codeigniter4\framework\system\Database\MySQLi\Connection.php:292
Stack trace:
#0 D:\project\kreasiaiweb\vendor\codeigniter4\framework\system\Database\MySQLi\Connection.php(292): mysqli->query('INSERT INTO `so...', 0)
#1 D:\project\kreasiaiweb\vendor\codeigniter4\framework\system\Database\BaseConnection.php(693): CodeIgniter\Database\MySQLi\Connection->execute('INSERT INTO `so...')
#2 D:\project\kreasiaiweb\vendor\codeigniter4\framework\system\Database\BaseConnection.php(620): CodeIgniter\Database\BaseConnection->simpleQuery('INSERT INTO `so...')
#3 D:\project\kreasiaiweb\vendor\codeigniter4\framework\system\Database\BaseBuilder.php(1916): CodeIgniter\Database\BaseConnection->query('INSERT INTO `so...', Array, false)
#4 D:\project\kreasiaiweb\app\Models\PerusahaanModel.php(28): CodeIgniter\Database\BaseBuilder->insert(Array)
#5 D:\project\kreasiaiweb\app\Controllers\Admin\Setting.php(175): App\Models\PerusahaanModel->InsertData(Array)
#6 D:\project\kreasiaiweb\vendor\codeigniter4\framework\system\CodeIgniter.php(904): App\Controllers\Admin\Setting->SaveSosmed()
#7 D:\project\kreasiaiweb\vendor\codeigniter4\framework\system\CodeIgniter.php(457): CodeIgniter\CodeIgniter->runController(Object(App\Controllers\Admin\Setting))
#8 D:\project\kreasiaiweb\vendor\codeigniter4\framework\system\CodeIgniter.php(340): CodeIgniter\CodeIgniter->handleRequest(NULL, Object(Config\Cache), false)
#9 D:\project\kreasiaiweb\public\index.php(67): CodeIgniter\CodeIgniter->run()
#10 D:\project\kreasiaiweb\vendor\codeigniter4\framework\system\Commands\Server\rewrite.php(43): require_once('D:\\project\\krea...')
#11 {main}
CRITICAL - 2023-10-14 20:45:12 --> Column 'logo_sosmed' cannot be null
in SYSTEMPATH\Database\MySQLi\Connection.php on line 292.
 1 SYSTEMPATH\Database\MySQLi\Connection.php(292): mysqli->query('INSERT INTO `sosmed` (`nama_sosmed`, `alamat_sosmed`, `logo_sosmed`) VALUES (\'youtube\', \'KreasiAI\', NULL)', 0)
 2 SYSTEMPATH\Database\BaseConnection.php(693): CodeIgniter\Database\MySQLi\Connection->execute('INSERT INTO `sosmed` (`nama_sosmed`, `alamat_sosmed`, `logo_sosmed`) VALUES (\'youtube\', \'KreasiAI\', NULL)')
 3 SYSTEMPATH\Database\BaseConnection.php(620): CodeIgniter\Database\BaseConnection->simpleQuery('INSERT INTO `sosmed` (`nama_sosmed`, `alamat_sosmed`, `logo_sosmed`) VALUES (\'youtube\', \'KreasiAI\', NULL)')
 4 SYSTEMPATH\Database\BaseBuilder.php(1916): CodeIgniter\Database\BaseConnection->query('INSERT INTO `sosmed` (`nama_sosmed`, `alamat_sosmed`, `logo_sosmed`) VALUES (:nama_sosmed:, :alamat_sosmed:, :logo_sosmed:)', [...], false)
 5 APPPATH\Models\PerusahaanModel.php(28): CodeIgniter\Database\BaseBuilder->insert([...])
 6 APPPATH\Controllers\Admin\Setting.php(175): App\Models\PerusahaanModel->InsertData([...])
 7 SYSTEMPATH\CodeIgniter.php(904): App\Controllers\Admin\Setting->SaveSosmed()
 8 SYSTEMPATH\CodeIgniter.php(457): CodeIgniter\CodeIgniter->runController(Object(App\Controllers\Admin\Setting))
 9 SYSTEMPATH\CodeIgniter.php(340): CodeIgniter\CodeIgniter->handleRequest(null, Object(Config\Cache), false)
10 FCPATH\index.php(67): CodeIgniter\CodeIgniter->run()
11 SYSTEMPATH\Commands\Server\rewrite.php(43): require_once('FCPATH\\index.php')
CRITICAL - 2023-10-14 21:07:52 --> Undefined property: App\Controllers\Admin\Setting::$KlienModel
in APPPATH\Controllers\Admin\Setting.php on line 226.
 1 APPPATH\Controllers\Admin\Setting.php(226): CodeIgniter\Debug\Exceptions->errorHandler(2, 'Undefined property: App\\Controllers\\Admin\\Setting::$KlienModel', 'APPPATH\\Controllers\\Admin\\Setting.php', 226)
 2 SYSTEMPATH\CodeIgniter.php(904): App\Controllers\Admin\Setting->UpdateSosmed('2')
 3 SYSTEMPATH\CodeIgniter.php(457): CodeIgniter\CodeIgniter->runController(Object(App\Controllers\Admin\Setting))
 4 SYSTEMPATH\CodeIgniter.php(340): CodeIgniter\CodeIgniter->handleRequest(null, Object(Config\Cache), false)
 5 FCPATH\index.php(67): CodeIgniter\CodeIgniter->run()
 6 SYSTEMPATH\Commands\Server\rewrite.php(43): require_once('FCPATH\\index.php')
CRITICAL - 2023-10-14 21:08:29 --> Undefined property: App\Controllers\Admin\Setting::$KlienModel
in APPPATH\Controllers\Admin\Setting.php on line 226.
 1 APPPATH\Controllers\Admin\Setting.php(226): CodeIgniter\Debug\Exceptions->errorHandler(2, 'Undefined property: App\\Controllers\\Admin\\Setting::$KlienModel', 'APPPATH\\Controllers\\Admin\\Setting.php', 226)
 2 SYSTEMPATH\CodeIgniter.php(904): App\Controllers\Admin\Setting->UpdateSosmed('2')
 3 SYSTEMPATH\CodeIgniter.php(457): CodeIgniter\CodeIgniter->runController(Object(App\Controllers\Admin\Setting))
 4 SYSTEMPATH\CodeIgniter.php(340): CodeIgniter\CodeIgniter->handleRequest(null, Object(Config\Cache), false)
 5 FCPATH\index.php(67): CodeIgniter\CodeIgniter->run()
 6 SYSTEMPATH\Commands\Server\rewrite.php(43): require_once('FCPATH\\index.php')
CRITICAL - 2023-10-14 21:08:43 --> Undefined property: App\Controllers\Admin\Setting::$KlienModel
in APPPATH\Controllers\Admin\Setting.php on line 226.
 1 APPPATH\Controllers\Admin\Setting.php(226): CodeIgniter\Debug\Exceptions->errorHandler(2, 'Undefined property: App\\Controllers\\Admin\\Setting::$KlienModel', 'APPPATH\\Controllers\\Admin\\Setting.php', 226)
 2 SYSTEMPATH\CodeIgniter.php(904): App\Controllers\Admin\Setting->UpdateSosmed('2')
 3 SYSTEMPATH\CodeIgniter.php(457): CodeIgniter\CodeIgniter->runController(Object(App\Controllers\Admin\Setting))
 4 SYSTEMPATH\CodeIgniter.php(340): CodeIgniter\CodeIgniter->handleRequest(null, Object(Config\Cache), false)
 5 FCPATH\index.php(67): CodeIgniter\CodeIgniter->run()
 6 SYSTEMPATH\Commands\Server\rewrite.php(43): require_once('FCPATH\\index.php')
CRITICAL - 2023-10-14 21:09:10 --> Undefined array key "id_sosmed"
in APPPATH\Models\PerusahaanModel.php on line 39.
 1 APPPATH\Models\PerusahaanModel.php(39): CodeIgniter\Debug\Exceptions->errorHandler(2, 'Undefined array key "id_sosmed"', 'APPPATH\\Models\\PerusahaanModel.php', 39)
 2 APPPATH\Controllers\Admin\Setting.php(226): App\Models\PerusahaanModel->UpdateSosmed([...], '2')
 3 SYSTEMPATH\CodeIgniter.php(904): App\Controllers\Admin\Setting->UpdateSosmed('2')
 4 SYSTEMPATH\CodeIgniter.php(457): CodeIgniter\CodeIgniter->runController(Object(App\Controllers\Admin\Setting))
 5 SYSTEMPATH\CodeIgniter.php(340): CodeIgniter\CodeIgniter->handleRequest(null, Object(Config\Cache), false)
 6 FCPATH\index.php(67): CodeIgniter\CodeIgniter->run()
 7 SYSTEMPATH\Commands\Server\rewrite.php(43): require_once('FCPATH\\index.php')
CRITICAL - 2023-10-14 21:10:10 --> Undefined array key "id_sosmed"
in APPPATH\Models\PerusahaanModel.php on line 39.
 1 APPPATH\Models\PerusahaanModel.php(39): CodeIgniter\Debug\Exceptions->errorHandler(2, 'Undefined array key "id_sosmed"', 'APPPATH\\Models\\PerusahaanModel.php', 39)
 2 APPPATH\Controllers\Admin\Setting.php(226): App\Models\PerusahaanModel->UpdateSosmed([...])
 3 SYSTEMPATH\CodeIgniter.php(904): App\Controllers\Admin\Setting->UpdateSosmed('2')
 4 SYSTEMPATH\CodeIgniter.php(457): CodeIgniter\CodeIgniter->runController(Object(App\Controllers\Admin\Setting))
 5 SYSTEMPATH\CodeIgniter.php(340): CodeIgniter\CodeIgniter->handleRequest(null, Object(Config\Cache), false)
 6 FCPATH\index.php(67): CodeIgniter\CodeIgniter->run()
 7 SYSTEMPATH\Commands\Server\rewrite.php(43): require_once('FCPATH\\index.php')
CRITICAL - 2023-10-14 21:11:12 --> Undefined array key "id_sosmed"
in APPPATH\Models\PerusahaanModel.php on line 39.
 1 APPPATH\Models\PerusahaanModel.php(39): CodeIgniter\Debug\Exceptions->errorHandler(2, 'Undefined array key "id_sosmed"', 'APPPATH\\Models\\PerusahaanModel.php', 39)
 2 APPPATH\Controllers\Admin\Setting.php(226): App\Models\PerusahaanModel->UpdateSosmed([...])
 3 SYSTEMPATH\CodeIgniter.php(904): App\Controllers\Admin\Setting->UpdateSosmed('2')
 4 SYSTEMPATH\CodeIgniter.php(457): CodeIgniter\CodeIgniter->runController(Object(App\Controllers\Admin\Setting))
 5 SYSTEMPATH\CodeIgniter.php(340): CodeIgniter\CodeIgniter->handleRequest(null, Object(Config\Cache), false)
 6 FCPATH\index.php(67): CodeIgniter\CodeIgniter->run()
 7 SYSTEMPATH\Commands\Server\rewrite.php(43): require_once('FCPATH\\index.php')
CRITICAL - 2023-10-14 21:20:10 --> You must set the database table to be used with your query.
in SYSTEMPATH\Database\BaseConnection.php on line 872.
 1 SYSTEMPATH\Model.php(586): CodeIgniter\Database\BaseConnection->table(null)
 2 SYSTEMPATH\Model.php(763): CodeIgniter\Model->builder()
 3 APPPATH\Controllers\Admin\Setting.php(133): CodeIgniter\Model->__call('getPaket', [...])
 4 SYSTEMPATH\CodeIgniter.php(904): App\Controllers\Admin\Setting->Sosmed()
 5 SYSTEMPATH\CodeIgniter.php(457): CodeIgniter\CodeIgniter->runController(Object(App\Controllers\Admin\Setting))
 6 SYSTEMPATH\CodeIgniter.php(340): CodeIgniter\CodeIgniter->handleRequest(null, Object(Config\Cache), false)
 7 FCPATH\index.php(67): CodeIgniter\CodeIgniter->run()
 8 SYSTEMPATH\Commands\Server\rewrite.php(43): require_once('FCPATH\\index.php')
CRITICAL - 2023-10-14 21:21:57 --> unlink(admin/uploads/1663979059_64418fcf60bdd402994c.jpg): No such file or directory
in APPPATH\Controllers\Admin\Klien.php on line 50.
 1 [internal function]: CodeIgniter\Debug\Exceptions->errorHandler(2, 'unlink(admin/uploads/1663979059_64418fcf60bdd402994c.jpg): No such file or directory', 'APPPATH\\Controllers\\Admin\\Klien.php', 50)
 2 APPPATH\Controllers\Admin\Klien.php(50): unlink('admin/uploads/1663979059_64418fcf60bdd402994c.jpg')
 3 SYSTEMPATH\CodeIgniter.php(904): App\Controllers\Admin\Klien->DaftarKlien()
 4 SYSTEMPATH\CodeIgniter.php(457): CodeIgniter\CodeIgniter->runController(Object(App\Controllers\Admin\Klien))
 5 SYSTEMPATH\CodeIgniter.php(340): CodeIgniter\CodeIgniter->handleRequest(null, Object(Config\Cache), false)
 6 FCPATH\index.php(67): CodeIgniter\CodeIgniter->run()
 7 SYSTEMPATH\Commands\Server\rewrite.php(43): require_once('FCPATH\\index.php')
CRITICAL - 2023-10-14 21:24:01 --> You must set the database table to be used with your query.
in SYSTEMPATH\Database\BaseConnection.php on line 872.
 1 SYSTEMPATH\Model.php(586): CodeIgniter\Database\BaseConnection->table(null)
 2 SYSTEMPATH\Model.php(763): CodeIgniter\Model->builder()
 3 APPPATH\Controllers\Admin\Setting.php(133): CodeIgniter\Model->__call('getPaket', [...])
 4 SYSTEMPATH\CodeIgniter.php(904): App\Controllers\Admin\Setting->Sosmed()
 5 SYSTEMPATH\CodeIgniter.php(457): CodeIgniter\CodeIgniter->runController(Object(App\Controllers\Admin\Setting))
 6 SYSTEMPATH\CodeIgniter.php(340): CodeIgniter\CodeIgniter->handleRequest(null, Object(Config\Cache), false)
 7 FCPATH\index.php(67): CodeIgniter\CodeIgniter->run()
 8 SYSTEMPATH\Commands\Server\rewrite.php(43): require_once('FCPATH\\index.php')
CRITICAL - 2023-10-14 21:26:03 --> Undefined array key "id_sosmed"
in APPPATH\Controllers\Admin\Setting.php on line 134.
 1 APPPATH\Controllers\Admin\Setting.php(134): CodeIgniter\Debug\Exceptions->errorHandler(2, 'Undefined array key "id_sosmed"', 'APPPATH\\Controllers\\Admin\\Setting.php', 134)
 2 SYSTEMPATH\CodeIgniter.php(904): App\Controllers\Admin\Setting->Sosmed()
 3 SYSTEMPATH\CodeIgniter.php(457): CodeIgniter\CodeIgniter->runController(Object(App\Controllers\Admin\Setting))
 4 SYSTEMPATH\CodeIgniter.php(340): CodeIgniter\CodeIgniter->handleRequest(null, Object(Config\Cache), false)
 5 FCPATH\index.php(67): CodeIgniter\CodeIgniter->run()
 6 SYSTEMPATH\Commands\Server\rewrite.php(43): require_once('FCPATH\\index.php')
CRITICAL - 2023-10-14 21:34:49 --> You must set the database table to be used with your query.
in SYSTEMPATH\Database\BaseConnection.php on line 872.
 1 SYSTEMPATH\Model.php(586): CodeIgniter\Database\BaseConnection->table(null)
 2 SYSTEMPATH\Model.php(763): CodeIgniter\Model->builder()
 3 APPPATH\Controllers\Admin\Setting.php(236): CodeIgniter\Model->__call('DeleteData', [...])
 4 SYSTEMPATH\CodeIgniter.php(904): App\Controllers\Admin\Setting->DeleteSosmed('4')
 5 SYSTEMPATH\CodeIgniter.php(457): CodeIgniter\CodeIgniter->runController(Object(App\Controllers\Admin\Setting))
 6 SYSTEMPATH\CodeIgniter.php(340): CodeIgniter\CodeIgniter->handleRequest(null, Object(Config\Cache), false)
 7 FCPATH\index.php(67): CodeIgniter\CodeIgniter->run()
 8 SYSTEMPATH\Commands\Server\rewrite.php(43): require_once('FCPATH\\index.php')
CRITICAL - 2023-10-14 21:52:37 --> Undefined variable $detail_layanan
in APPPATH\Views\layoutAdmin\v_nav.php on line 47.
 1 APPPATH\Views\layoutAdmin\v_nav.php(47): CodeIgniter\Debug\Exceptions->errorHandler(2, 'Undefined variable $detail_layanan', 'APPPATH\\Views\\layoutAdmin\\v_nav.php', 47)
 2 SYSTEMPATH\View\View.php(213): include('APPPATH\\Views\\layoutAdmin\\v_nav.php')
 3 SYSTEMPATH\View\View.php(216): CodeIgniter\View\View->CodeIgniter\View\{closure}()
 4 SYSTEMPATH\Common.php(1137): CodeIgniter\View\View->render('layoutAdmin/v_nav.php', [], true)
 5 APPPATH\Views\layoutAdmin\v_wrapper.php(4): view('layoutAdmin/v_nav.php')
 6 SYSTEMPATH\View\View.php(213): include('APPPATH\\Views\\layoutAdmin\\v_wrapper.php')
 7 SYSTEMPATH\View\View.php(216): CodeIgniter\View\View->CodeIgniter\View\{closure}()
 8 SYSTEMPATH\Common.php(1137): CodeIgniter\View\View->render('layoutAdmin/v_wrapper', [], true)
 9 APPPATH\Controllers\Admin\HomeAdmin.php(95): view('layoutAdmin/v_wrapper', [...])
10 SYSTEMPATH\CodeIgniter.php(904): App\Controllers\Admin\HomeAdmin->Layanan()
11 SYSTEMPATH\CodeIgniter.php(457): CodeIgniter\CodeIgniter->runController(Object(App\Controllers\Admin\HomeAdmin))
12 SYSTEMPATH\CodeIgniter.php(340): CodeIgniter\CodeIgniter->handleRequest(null, Object(Config\Cache), false)
13 FCPATH\index.php(67): CodeIgniter\CodeIgniter->run()
14 SYSTEMPATH\Commands\Server\rewrite.php(43): require_once('FCPATH\\index.php')
CRITICAL - 2023-10-14 21:53:07 --> Undefined variable $detail_layanan
in APPPATH\Views\layoutAdmin\v_nav.php on line 47.
 1 APPPATH\Views\layoutAdmin\v_nav.php(47): CodeIgniter\Debug\Exceptions->errorHandler(2, 'Undefined variable $detail_layanan', 'APPPATH\\Views\\layoutAdmin\\v_nav.php', 47)
 2 SYSTEMPATH\View\View.php(213): include('APPPATH\\Views\\layoutAdmin\\v_nav.php')
 3 SYSTEMPATH\View\View.php(216): CodeIgniter\View\View->CodeIgniter\View\{closure}()
 4 SYSTEMPATH\Common.php(1137): CodeIgniter\View\View->render('layoutAdmin/v_nav.php', [], true)
 5 APPPATH\Views\layoutAdmin\v_wrapper.php(4): view('layoutAdmin/v_nav.php')
 6 SYSTEMPATH\View\View.php(213): include('APPPATH\\Views\\layoutAdmin\\v_wrapper.php')
 7 SYSTEMPATH\View\View.php(216): CodeIgniter\View\View->CodeIgniter\View\{closure}()
 8 SYSTEMPATH\Common.php(1137): CodeIgniter\View\View->render('layoutAdmin/v_wrapper', [], true)
 9 APPPATH\Controllers\Admin\HomeAdmin.php(95): view('layoutAdmin/v_wrapper', [...])
10 SYSTEMPATH\CodeIgniter.php(904): App\Controllers\Admin\HomeAdmin->Layanan()
11 SYSTEMPATH\CodeIgniter.php(457): CodeIgniter\CodeIgniter->runController(Object(App\Controllers\Admin\HomeAdmin))
12 SYSTEMPATH\CodeIgniter.php(340): CodeIgniter\CodeIgniter->handleRequest(null, Object(Config\Cache), false)
13 FCPATH\index.php(67): CodeIgniter\CodeIgniter->run()
14 SYSTEMPATH\Commands\Server\rewrite.php(43): require_once('FCPATH\\index.php')
CRITICAL - 2023-10-14 22:11:04 --> Undefined property: App\Controllers\Home::$perusahaanModel
in APPPATH\Controllers\Home.php on line 40.
 1 APPPATH\Controllers\Home.php(40): CodeIgniter\Debug\Exceptions->errorHandler(2, 'Undefined property: App\\Controllers\\Home::$perusahaanModel', 'APPPATH\\Controllers\\Home.php', 40)
 2 SYSTEMPATH\CodeIgniter.php(904): App\Controllers\Home->Layanan('19')
 3 SYSTEMPATH\CodeIgniter.php(457): CodeIgniter\CodeIgniter->runController(Object(App\Controllers\Home))
 4 SYSTEMPATH\CodeIgniter.php(340): CodeIgniter\CodeIgniter->handleRequest(null, Object(Config\Cache), false)
 5 FCPATH\index.php(67): CodeIgniter\CodeIgniter->run()
 6 SYSTEMPATH\Commands\Server\rewrite.php(43): require_once('FCPATH\\index.php')
CRITICAL - 2023-10-14 22:13:18 --> Undefined property: App\Controllers\Home::$perusahaanModel
in APPPATH\Controllers\Home.php on line 40.
 1 APPPATH\Controllers\Home.php(40): CodeIgniter\Debug\Exceptions->errorHandler(2, 'Undefined property: App\\Controllers\\Home::$perusahaanModel', 'APPPATH\\Controllers\\Home.php', 40)
 2 SYSTEMPATH\CodeIgniter.php(904): App\Controllers\Home->Layanan('19')
 3 SYSTEMPATH\CodeIgniter.php(457): CodeIgniter\CodeIgniter->runController(Object(App\Controllers\Home))
 4 SYSTEMPATH\CodeIgniter.php(340): CodeIgniter\CodeIgniter->handleRequest(null, Object(Config\Cache), false)
 5 FCPATH\index.php(67): CodeIgniter\CodeIgniter->run()
 6 SYSTEMPATH\Commands\Server\rewrite.php(43): require_once('FCPATH\\index.php')
CRITICAL - 2023-10-14 22:13:33 --> Undefined property: App\Controllers\Home::$perusahaanModel
in APPPATH\Controllers\Home.php on line 40.
 1 APPPATH\Controllers\Home.php(40): CodeIgniter\Debug\Exceptions->errorHandler(2, 'Undefined property: App\\Controllers\\Home::$perusahaanModel', 'APPPATH\\Controllers\\Home.php', 40)
 2 SYSTEMPATH\CodeIgniter.php(904): App\Controllers\Home->Layanan('19')
 3 SYSTEMPATH\CodeIgniter.php(457): CodeIgniter\CodeIgniter->runController(Object(App\Controllers\Home))
 4 SYSTEMPATH\CodeIgniter.php(340): CodeIgniter\CodeIgniter->handleRequest(null, Object(Config\Cache), false)
 5 FCPATH\index.php(67): CodeIgniter\CodeIgniter->run()
 6 SYSTEMPATH\Commands\Server\rewrite.php(43): require_once('FCPATH\\index.php')
CRITICAL - 2023-10-14 22:14:45 --> Undefined property: App\Controllers\Home::$perusahaanModel
in APPPATH\Controllers\Home.php on line 40.
 1 APPPATH\Controllers\Home.php(40): CodeIgniter\Debug\Exceptions->errorHandler(2, 'Undefined property: App\\Controllers\\Home::$perusahaanModel', 'APPPATH\\Controllers\\Home.php', 40)
 2 SYSTEMPATH\CodeIgniter.php(904): App\Controllers\Home->Layanan('19')
 3 SYSTEMPATH\CodeIgniter.php(457): CodeIgniter\CodeIgniter->runController(Object(App\Controllers\Home))
 4 SYSTEMPATH\CodeIgniter.php(340): CodeIgniter\CodeIgniter->handleRequest(null, Object(Config\Cache), false)
 5 FCPATH\index.php(67): CodeIgniter\CodeIgniter->run()
 6 SYSTEMPATH\Commands\Server\rewrite.php(43): require_once('FCPATH\\index.php')
CRITICAL - 2023-10-14 22:16:31 --> Undefined variable $perusahaan
in APPPATH\Views\layoutUser\v_head.php on line 8.
 1 APPPATH\Views\layoutUser\v_head.php(8): CodeIgniter\Debug\Exceptions->errorHandler(2, 'Undefined variable $perusahaan', 'APPPATH\\Views\\layoutUser\\v_head.php', 8)
 2 SYSTEMPATH\View\View.php(213): include('APPPATH\\Views\\layoutUser\\v_head.php')
 3 SYSTEMPATH\View\View.php(216): CodeIgniter\View\View->CodeIgniter\View\{closure}()
 4 SYSTEMPATH\Common.php(1137): CodeIgniter\View\View->render('layoutUser/v_head.php', [], true)
 5 APPPATH\Views\layoutUser\v_wrapper.php(2): view('layoutUser/v_head.php')
 6 SYSTEMPATH\View\View.php(213): include('APPPATH\\Views\\layoutUser\\v_wrapper.php')
 7 SYSTEMPATH\View\View.php(216): CodeIgniter\View\View->CodeIgniter\View\{closure}()
 8 SYSTEMPATH\Common.php(1137): CodeIgniter\View\View->render('layoutUser/v_wrapper', [], true)
 9 APPPATH\Controllers\Home.php(46): view('layoutUser/v_wrapper', [...])
10 SYSTEMPATH\CodeIgniter.php(904): App\Controllers\Home->Layanan('19')
11 SYSTEMPATH\CodeIgniter.php(457): CodeIgniter\CodeIgniter->runController(Object(App\Controllers\Home))
12 SYSTEMPATH\CodeIgniter.php(340): CodeIgniter\CodeIgniter->handleRequest(null, Object(Config\Cache), false)
13 FCPATH\index.php(67): CodeIgniter\CodeIgniter->run()
14 SYSTEMPATH\Commands\Server\rewrite.php(43): require_once('FCPATH\\index.php')
CRITICAL - 2023-10-14 22:18:57 --> Undefined variable $menu
in APPPATH\Views\layoutUser\v_head.php on line 10.
 1 APPPATH\Views\layoutUser\v_head.php(10): CodeIgniter\Debug\Exceptions->errorHandler(2, 'Undefined variable $menu', 'APPPATH\\Views\\layoutUser\\v_head.php', 10)
 2 SYSTEMPATH\View\View.php(213): include('APPPATH\\Views\\layoutUser\\v_head.php')
 3 SYSTEMPATH\View\View.php(216): CodeIgniter\View\View->CodeIgniter\View\{closure}()
 4 SYSTEMPATH\Common.php(1137): CodeIgniter\View\View->render('layoutUser/v_head.php', [], true)
 5 APPPATH\Views\layoutUser\v_wrapper.php(2): view('layoutUser/v_head.php')
 6 SYSTEMPATH\View\View.php(213): include('APPPATH\\Views\\layoutUser\\v_wrapper.php')
 7 SYSTEMPATH\View\View.php(216): CodeIgniter\View\View->CodeIgniter\View\{closure}()
 8 SYSTEMPATH\Common.php(1137): CodeIgniter\View\View->render('layoutUser/v_wrapper', [], true)
 9 APPPATH\Controllers\Home.php(44): view('layoutUser/v_wrapper', [...])
10 SYSTEMPATH\CodeIgniter.php(904): App\Controllers\Home->Layanan('19')
11 SYSTEMPATH\CodeIgniter.php(457): CodeIgniter\CodeIgniter->runController(Object(App\Controllers\Home))
12 SYSTEMPATH\CodeIgniter.php(340): CodeIgniter\CodeIgniter->handleRequest(null, Object(Config\Cache), false)
13 FCPATH\index.php(67): CodeIgniter\CodeIgniter->run()
14 SYSTEMPATH\Commands\Server\rewrite.php(43): require_once('FCPATH\\index.php')
CRITICAL - 2023-10-14 22:21:13 --> Undefined variable $perusahaan
in APPPATH\Views\layoutUser\v_header.php on line 7.
 1 APPPATH\Views\layoutUser\v_header.php(7): CodeIgniter\Debug\Exceptions->errorHandler(2, 'Undefined variable $perusahaan', 'APPPATH\\Views\\layoutUser\\v_header.php', 7)
 2 SYSTEMPATH\View\View.php(213): include('APPPATH\\Views\\layoutUser\\v_header.php')
 3 SYSTEMPATH\View\View.php(216): CodeIgniter\View\View->CodeIgniter\View\{closure}()
 4 SYSTEMPATH\Common.php(1137): CodeIgniter\View\View->render('layoutUser/v_header.php', [], true)
 5 APPPATH\Views\layoutUser\v_wrapper.php(3): view('layoutUser/v_header.php')
 6 SYSTEMPATH\View\View.php(213): include('APPPATH\\Views\\layoutUser\\v_wrapper.php')
 7 SYSTEMPATH\View\View.php(216): CodeIgniter\View\View->CodeIgniter\View\{closure}()
 8 SYSTEMPATH\Common.php(1137): CodeIgniter\View\View->render('layoutUser/v_wrapper', [], true)
 9 APPPATH\Controllers\Home.php(47): view('layoutUser/v_wrapper', [...])
10 SYSTEMPATH\CodeIgniter.php(904): App\Controllers\Home->Layanan('19')
11 SYSTEMPATH\CodeIgniter.php(457): CodeIgniter\CodeIgniter->runController(Object(App\Controllers\Home))
12 SYSTEMPATH\CodeIgniter.php(340): CodeIgniter\CodeIgniter->handleRequest(null, Object(Config\Cache), false)
13 FCPATH\index.php(67): CodeIgniter\CodeIgniter->run()
14 SYSTEMPATH\Commands\Server\rewrite.php(43): require_once('FCPATH\\index.php')
CRITICAL - 2023-10-14 22:22:41 --> Cannot access offset of type string on string
in APPPATH\Views\layoutUser\v_header.php on line 20.
 1 SYSTEMPATH\View\View.php(213): include()
 2 SYSTEMPATH\View\View.php(216): CodeIgniter\View\View->CodeIgniter\View\{closure}()
 3 SYSTEMPATH\Common.php(1137): CodeIgniter\View\View->render('layoutUser/v_header.php', [], true)
 4 APPPATH\Views\layoutUser\v_wrapper.php(3): view('layoutUser/v_header.php')
 5 SYSTEMPATH\View\View.php(213): include('APPPATH\\Views\\layoutUser\\v_wrapper.php')
 6 SYSTEMPATH\View\View.php(216): CodeIgniter\View\View->CodeIgniter\View\{closure}()
 7 SYSTEMPATH\Common.php(1137): CodeIgniter\View\View->render('layoutUser/v_wrapper', [], true)
 8 APPPATH\Controllers\Home.php(47): view('layoutUser/v_wrapper', [...])
 9 SYSTEMPATH\CodeIgniter.php(904): App\Controllers\Home->Layanan('19')
10 SYSTEMPATH\CodeIgniter.php(457): CodeIgniter\CodeIgniter->runController(Object(App\Controllers\Home))
11 SYSTEMPATH\CodeIgniter.php(340): CodeIgniter\CodeIgniter->handleRequest(null, Object(Config\Cache), false)
12 FCPATH\index.php(67): CodeIgniter\CodeIgniter->run()
13 SYSTEMPATH\Commands\Server\rewrite.php(43): require_once('FCPATH\\index.php')
CRITICAL - 2023-10-14 22:28:54 --> Cannot access offset of type string on string
in APPPATH\Views\layoutUser\v_footer.php on line 32.
 1 SYSTEMPATH\View\View.php(213): include()
 2 SYSTEMPATH\View\View.php(216): CodeIgniter\View\View->CodeIgniter\View\{closure}()
 3 SYSTEMPATH\Common.php(1137): CodeIgniter\View\View->render('layoutUser/v_footer.php', [], true)
 4 APPPATH\Views\layoutUser\v_wrapper.php(5): view('layoutUser/v_footer.php')
 5 SYSTEMPATH\View\View.php(213): include('APPPATH\\Views\\layoutUser\\v_wrapper.php')
 6 SYSTEMPATH\View\View.php(216): CodeIgniter\View\View->CodeIgniter\View\{closure}()
 7 SYSTEMPATH\Common.php(1137): CodeIgniter\View\View->render('layoutUser/v_wrapper', [], true)
 8 APPPATH\Controllers\Home.php(47): view('layoutUser/v_wrapper', [...])
 9 SYSTEMPATH\CodeIgniter.php(904): App\Controllers\Home->Layanan('19')
10 SYSTEMPATH\CodeIgniter.php(457): CodeIgniter\CodeIgniter->runController(Object(App\Controllers\Home))
11 SYSTEMPATH\CodeIgniter.php(340): CodeIgniter\CodeIgniter->handleRequest(null, Object(Config\Cache), false)
12 FCPATH\index.php(67): CodeIgniter\CodeIgniter->run()
13 SYSTEMPATH\Commands\Server\rewrite.php(43): require_once('FCPATH\\index.php')
CRITICAL - 2023-10-14 22:31:35 --> Cannot access offset of type string on string
in APPPATH\Views\layoutUser\v_footer.php on line 32.
 1 SYSTEMPATH\View\View.php(213): include()
 2 SYSTEMPATH\View\View.php(216): CodeIgniter\View\View->CodeIgniter\View\{closure}()
 3 SYSTEMPATH\Common.php(1137): CodeIgniter\View\View->render('layoutUser/v_footer.php', [], true)
 4 APPPATH\Views\layoutUser\v_wrapper.php(5): view('layoutUser/v_footer.php')
 5 SYSTEMPATH\View\View.php(213): include('APPPATH\\Views\\layoutUser\\v_wrapper.php')
 6 SYSTEMPATH\View\View.php(216): CodeIgniter\View\View->CodeIgniter\View\{closure}()
 7 SYSTEMPATH\Common.php(1137): CodeIgniter\View\View->render('layoutUser/v_wrapper', [], true)
 8 APPPATH\Controllers\Home.php(47): view('layoutUser/v_wrapper', [...])
 9 SYSTEMPATH\CodeIgniter.php(904): App\Controllers\Home->Layanan('19')
10 SYSTEMPATH\CodeIgniter.php(457): CodeIgniter\CodeIgniter->runController(Object(App\Controllers\Home))
11 SYSTEMPATH\CodeIgniter.php(340): CodeIgniter\CodeIgniter->handleRequest(null, Object(Config\Cache), false)
12 FCPATH\index.php(67): CodeIgniter\CodeIgniter->run()
13 SYSTEMPATH\Commands\Server\rewrite.php(43): require_once('FCPATH\\index.php')
CRITICAL - 2023-10-14 22:32:06 --> Undefined variable $sosmed
in APPPATH\Views\layoutUser\v_footer.php on line 42.
 1 APPPATH\Views\layoutUser\v_footer.php(42): CodeIgniter\Debug\Exceptions->errorHandler(2, 'Undefined variable $sosmed', 'APPPATH\\Views\\layoutUser\\v_footer.php', 42)
 2 SYSTEMPATH\View\View.php(213): include('APPPATH\\Views\\layoutUser\\v_footer.php')
 3 SYSTEMPATH\View\View.php(216): CodeIgniter\View\View->CodeIgniter\View\{closure}()
 4 SYSTEMPATH\Common.php(1137): CodeIgniter\View\View->render('layoutUser/v_footer.php', [], true)
 5 APPPATH\Views\layoutUser\v_wrapper.php(5): view('layoutUser/v_footer.php')
 6 SYSTEMPATH\View\View.php(213): include('APPPATH\\Views\\layoutUser\\v_wrapper.php')
 7 SYSTEMPATH\View\View.php(216): CodeIgniter\View\View->CodeIgniter\View\{closure}()
 8 SYSTEMPATH\Common.php(1137): CodeIgniter\View\View->render('layoutUser/v_wrapper', [], true)
 9 APPPATH\Controllers\Home.php(47): view('layoutUser/v_wrapper', [...])
10 SYSTEMPATH\CodeIgniter.php(904): App\Controllers\Home->Layanan('19')
11 SYSTEMPATH\CodeIgniter.php(457): CodeIgniter\CodeIgniter->runController(Object(App\Controllers\Home))
12 SYSTEMPATH\CodeIgniter.php(340): CodeIgniter\CodeIgniter->handleRequest(null, Object(Config\Cache), false)
13 FCPATH\index.php(67): CodeIgniter\CodeIgniter->run()
14 SYSTEMPATH\Commands\Server\rewrite.php(43): require_once('FCPATH\\index.php')
CRITICAL - 2023-10-14 22:42:20 --> Trying to access array offset on value of type null
in APPPATH\Views\user\v_layanan.php on line 11.
 1 APPPATH\Views\user\v_layanan.php(11): CodeIgniter\Debug\Exceptions->errorHandler(2, 'Trying to access array offset on value of type null', 'APPPATH\\Views\\user\\v_layanan.php', 11)
 2 SYSTEMPATH\View\View.php(213): include('APPPATH\\Views\\user\\v_layanan.php')
 3 SYSTEMPATH\View\View.php(216): CodeIgniter\View\View->CodeIgniter\View\{closure}()
 4 SYSTEMPATH\Common.php(1137): CodeIgniter\View\View->render('user/v_layanan', [], true)
 5 APPPATH\Views\layoutUser\v_content.php(4): view('user/v_layanan')
 6 SYSTEMPATH\View\View.php(213): include('APPPATH\\Views\\layoutUser\\v_content.php')
 7 SYSTEMPATH\View\View.php(216): CodeIgniter\View\View->CodeIgniter\View\{closure}()
 8 SYSTEMPATH\Common.php(1137): CodeIgniter\View\View->render('layoutUser/v_content.php', [], true)
 9 APPPATH\Views\layoutUser\v_wrapper.php(4): view('layoutUser/v_content.php')
10 SYSTEMPATH\View\View.php(213): include('APPPATH\\Views\\layoutUser\\v_wrapper.php')
11 SYSTEMPATH\View\View.php(216): CodeIgniter\View\View->CodeIgniter\View\{closure}()
12 SYSTEMPATH\Common.php(1137): CodeIgniter\View\View->render('layoutUser/v_wrapper', [], true)
13 APPPATH\Controllers\Home.php(48): view('layoutUser/v_wrapper', [...])
14 SYSTEMPATH\CodeIgniter.php(904): App\Controllers\Home->Layanan('index.html')
15 SYSTEMPATH\CodeIgniter.php(457): CodeIgniter\CodeIgniter->runController(Object(App\Controllers\Home))
16 SYSTEMPATH\CodeIgniter.php(340): CodeIgniter\CodeIgniter->handleRequest(null, Object(Config\Cache), false)
17 FCPATH\index.php(67): CodeIgniter\CodeIgniter->run()
18 SYSTEMPATH\Commands\Server\rewrite.php(43): require_once('FCPATH\\index.php')
CRITICAL - 2023-10-14 22:42:34 --> Undefined variable $perusahaan
in APPPATH\Views\user\v_home.php on line 71.
 1 APPPATH\Views\user\v_home.php(71): CodeIgniter\Debug\Exceptions->errorHandler(2, 'Undefined variable $perusahaan', 'APPPATH\\Views\\user\\v_home.php', 71)
 2 SYSTEMPATH\View\View.php(213): include('APPPATH\\Views\\user\\v_home.php')
 3 SYSTEMPATH\View\View.php(216): CodeIgniter\View\View->CodeIgniter\View\{closure}()
 4 SYSTEMPATH\Common.php(1137): CodeIgniter\View\View->render('user/v_home', [], true)
 5 APPPATH\Views\layoutUser\v_content.php(4): view('user/v_home')
 6 SYSTEMPATH\View\View.php(213): include('APPPATH\\Views\\layoutUser\\v_content.php')
 7 SYSTEMPATH\View\View.php(216): CodeIgniter\View\View->CodeIgniter\View\{closure}()
 8 SYSTEMPATH\Common.php(1137): CodeIgniter\View\View->render('layoutUser/v_content.php', [], true)
 9 APPPATH\Views\layoutUser\v_wrapper.php(4): view('layoutUser/v_content.php')
10 SYSTEMPATH\View\View.php(213): include('APPPATH\\Views\\layoutUser\\v_wrapper.php')
11 SYSTEMPATH\View\View.php(216): CodeIgniter\View\View->CodeIgniter\View\{closure}()
12 SYSTEMPATH\Common.php(1137): CodeIgniter\View\View->render('layoutUser/v_wrapper', [], true)
13 APPPATH\Controllers\Home.php(32): view('layoutUser/v_wrapper', [...])
14 SYSTEMPATH\CodeIgniter.php(904): App\Controllers\Home->index()
15 SYSTEMPATH\CodeIgniter.php(457): CodeIgniter\CodeIgniter->runController(Object(App\Controllers\Home))
16 SYSTEMPATH\CodeIgniter.php(340): CodeIgniter\CodeIgniter->handleRequest(null, Object(Config\Cache), false)
17 FCPATH\index.php(67): CodeIgniter\CodeIgniter->run()
18 SYSTEMPATH\Commands\Server\rewrite.php(43): require_once('FCPATH\\index.php')
CRITICAL - 2023-10-14 22:47:47 --> Undefined variable $submenu
in APPPATH\Views\layoutUser\v_header.php on line 8.
 1 APPPATH\Views\layoutUser\v_header.php(8): CodeIgniter\Debug\Exceptions->errorHandler(2, 'Undefined variable $submenu', 'APPPATH\\Views\\layoutUser\\v_header.php', 8)
 2 SYSTEMPATH\View\View.php(213): include('APPPATH\\Views\\layoutUser\\v_header.php')
 3 SYSTEMPATH\View\View.php(216): CodeIgniter\View\View->CodeIgniter\View\{closure}()
 4 SYSTEMPATH\Common.php(1137): CodeIgniter\View\View->render('layoutUser/v_header.php', [], true)
 5 APPPATH\Views\layoutUser\v_wrapper.php(3): view('layoutUser/v_header.php')
 6 SYSTEMPATH\View\View.php(213): include('APPPATH\\Views\\layoutUser\\v_wrapper.php')
 7 SYSTEMPATH\View\View.php(216): CodeIgniter\View\View->CodeIgniter\View\{closure}()
 8 SYSTEMPATH\Common.php(1137): CodeIgniter\View\View->render('layoutUser/v_wrapper', [], true)
 9 APPPATH\Controllers\Home.php(33): view('layoutUser/v_wrapper', [...])
10 SYSTEMPATH\CodeIgniter.php(904): App\Controllers\Home->index()
11 SYSTEMPATH\CodeIgniter.php(457): CodeIgniter\CodeIgniter->runController(Object(App\Controllers\Home))
12 SYSTEMPATH\CodeIgniter.php(340): CodeIgniter\CodeIgniter->handleRequest(null, Object(Config\Cache), false)
13 FCPATH\index.php(67): CodeIgniter\CodeIgniter->run()
14 SYSTEMPATH\Commands\Server\rewrite.php(43): require_once('FCPATH\\index.php')
CRITICAL - 2023-10-14 22:52:43 --> Undefined variable $paketlayanan
in APPPATH\Views\user\v_layanan.php on line 29.
 1 APPPATH\Views\user\v_layanan.php(29): CodeIgniter\Debug\Exceptions->errorHandler(2, 'Undefined variable $paketlayanan', 'APPPATH\\Views\\user\\v_layanan.php', 29)
 2 SYSTEMPATH\View\View.php(213): include('APPPATH\\Views\\user\\v_layanan.php')
 3 SYSTEMPATH\View\View.php(216): CodeIgniter\View\View->CodeIgniter\View\{closure}()
 4 SYSTEMPATH\Common.php(1137): CodeIgniter\View\View->render('user/v_layanan', [], true)
 5 APPPATH\Views\layoutUser\v_content.php(4): view('user/v_layanan')
 6 SYSTEMPATH\View\View.php(213): include('APPPATH\\Views\\layoutUser\\v_content.php')
 7 SYSTEMPATH\View\View.php(216): CodeIgniter\View\View->CodeIgniter\View\{closure}()
 8 SYSTEMPATH\Common.php(1137): CodeIgniter\View\View->render('layoutUser/v_content.php', [], true)
 9 APPPATH\Views\layoutUser\v_wrapper.php(4): view('layoutUser/v_content.php')
10 SYSTEMPATH\View\View.php(213): include('APPPATH\\Views\\layoutUser\\v_wrapper.php')
11 SYSTEMPATH\View\View.php(216): CodeIgniter\View\View->CodeIgniter\View\{closure}()
12 SYSTEMPATH\Common.php(1137): CodeIgniter\View\View->render('layoutUser/v_wrapper', [], true)
13 APPPATH\Controllers\Home.php(50): view('layoutUser/v_wrapper', [...])
14 SYSTEMPATH\CodeIgniter.php(904): App\Controllers\Home->Layanan('19')
15 SYSTEMPATH\CodeIgniter.php(457): CodeIgniter\CodeIgniter->runController(Object(App\Controllers\Home))
16 SYSTEMPATH\CodeIgniter.php(340): CodeIgniter\CodeIgniter->handleRequest(null, Object(Config\Cache), false)
17 FCPATH\index.php(67): CodeIgniter\CodeIgniter->run()
18 SYSTEMPATH\Commands\Server\rewrite.php(43): require_once('FCPATH\\index.php')
CRITICAL - 2023-10-14 22:54:01 --> Undefined variable $paketlayanan
in APPPATH\Views\user\v_layanan.php on line 26.
 1 APPPATH\Views\user\v_layanan.php(26): CodeIgniter\Debug\Exceptions->errorHandler(2, 'Undefined variable $paketlayanan', 'APPPATH\\Views\\user\\v_layanan.php', 26)
 2 SYSTEMPATH\View\View.php(213): include('APPPATH\\Views\\user\\v_layanan.php')
 3 SYSTEMPATH\View\View.php(216): CodeIgniter\View\View->CodeIgniter\View\{closure}()
 4 SYSTEMPATH\Common.php(1137): CodeIgniter\View\View->render('user/v_layanan', [], true)
 5 APPPATH\Views\layoutUser\v_content.php(4): view('user/v_layanan')
 6 SYSTEMPATH\View\View.php(213): include('APPPATH\\Views\\layoutUser\\v_content.php')
 7 SYSTEMPATH\View\View.php(216): CodeIgniter\View\View->CodeIgniter\View\{closure}()
 8 SYSTEMPATH\Common.php(1137): CodeIgniter\View\View->render('layoutUser/v_content.php', [], true)
 9 APPPATH\Views\layoutUser\v_wrapper.php(4): view('layoutUser/v_content.php')
10 SYSTEMPATH\View\View.php(213): include('APPPATH\\Views\\layoutUser\\v_wrapper.php')
11 SYSTEMPATH\View\View.php(216): CodeIgniter\View\View->CodeIgniter\View\{closure}()
12 SYSTEMPATH\Common.php(1137): CodeIgniter\View\View->render('layoutUser/v_wrapper', [], true)
13 APPPATH\Controllers\Home.php(50): view('layoutUser/v_wrapper', [...])
14 SYSTEMPATH\CodeIgniter.php(904): App\Controllers\Home->Layanan('19')
15 SYSTEMPATH\CodeIgniter.php(457): CodeIgniter\CodeIgniter->runController(Object(App\Controllers\Home))
16 SYSTEMPATH\CodeIgniter.php(340): CodeIgniter\CodeIgniter->handleRequest(null, Object(Config\Cache), false)
17 FCPATH\index.php(67): CodeIgniter\CodeIgniter->run()
18 SYSTEMPATH\Commands\Server\rewrite.php(43): require_once('FCPATH\\index.php')
CRITICAL - 2023-10-14 23:01:25 --> Trying to access array offset on value of type null
in APPPATH\Views\user\v_layanan.php on line 11.
 1 APPPATH\Views\user\v_layanan.php(11): CodeIgniter\Debug\Exceptions->errorHandler(2, 'Trying to access array offset on value of type null', 'APPPATH\\Views\\user\\v_layanan.php', 11)
 2 SYSTEMPATH\View\View.php(213): include('APPPATH\\Views\\user\\v_layanan.php')
 3 SYSTEMPATH\View\View.php(216): CodeIgniter\View\View->CodeIgniter\View\{closure}()
 4 SYSTEMPATH\Common.php(1137): CodeIgniter\View\View->render('user/v_layanan', [], true)
 5 APPPATH\Views\layoutUser\v_content.php(4): view('user/v_layanan')
 6 SYSTEMPATH\View\View.php(213): include('APPPATH\\Views\\layoutUser\\v_content.php')
 7 SYSTEMPATH\View\View.php(216): CodeIgniter\View\View->CodeIgniter\View\{closure}()
 8 SYSTEMPATH\Common.php(1137): CodeIgniter\View\View->render('layoutUser/v_content.php', [], true)
 9 APPPATH\Views\layoutUser\v_wrapper.php(4): view('layoutUser/v_content.php')
10 SYSTEMPATH\View\View.php(213): include('APPPATH\\Views\\layoutUser\\v_wrapper.php')
11 SYSTEMPATH\View\View.php(216): CodeIgniter\View\View->CodeIgniter\View\{closure}()
12 SYSTEMPATH\Common.php(1137): CodeIgniter\View\View->render('layoutUser/v_wrapper', [], true)
13 APPPATH\Controllers\Home.php(50): view('layoutUser/v_wrapper', [...])
14 SYSTEMPATH\CodeIgniter.php(904): App\Controllers\Home->Layanan('index.html')
15 SYSTEMPATH\CodeIgniter.php(457): CodeIgniter\CodeIgniter->runController(Object(App\Controllers\Home))
16 SYSTEMPATH\CodeIgniter.php(340): CodeIgniter\CodeIgniter->handleRequest(null, Object(Config\Cache), false)
17 FCPATH\index.php(67): CodeIgniter\CodeIgniter->run()
18 SYSTEMPATH\Commands\Server\rewrite.php(43): require_once('FCPATH\\index.php')
CRITICAL - 2023-10-14 23:02:21 --> Trying to access array offset on value of type null
in APPPATH\Views\user\v_layanan.php on line 11.
 1 APPPATH\Views\user\v_layanan.php(11): CodeIgniter\Debug\Exceptions->errorHandler(2, 'Trying to access array offset on value of type null', 'APPPATH\\Views\\user\\v_layanan.php', 11)
 2 SYSTEMPATH\View\View.php(213): include('APPPATH\\Views\\user\\v_layanan.php')
 3 SYSTEMPATH\View\View.php(216): CodeIgniter\View\View->CodeIgniter\View\{closure}()
 4 SYSTEMPATH\Common.php(1137): CodeIgniter\View\View->render('user/v_layanan', [], true)
 5 APPPATH\Views\layoutUser\v_content.php(4): view('user/v_layanan')
 6 SYSTEMPATH\View\View.php(213): include('APPPATH\\Views\\layoutUser\\v_content.php')
 7 SYSTEMPATH\View\View.php(216): CodeIgniter\View\View->CodeIgniter\View\{closure}()
 8 SYSTEMPATH\Common.php(1137): CodeIgniter\View\View->render('layoutUser/v_content.php', [], true)
 9 APPPATH\Views\layoutUser\v_wrapper.php(4): view('layoutUser/v_content.php')
10 SYSTEMPATH\View\View.php(213): include('APPPATH\\Views\\layoutUser\\v_wrapper.php')
11 SYSTEMPATH\View\View.php(216): CodeIgniter\View\View->CodeIgniter\View\{closure}()
12 SYSTEMPATH\Common.php(1137): CodeIgniter\View\View->render('layoutUser/v_wrapper', [], true)
13 APPPATH\Controllers\Home.php(50): view('layoutUser/v_wrapper', [...])
14 SYSTEMPATH\CodeIgniter.php(904): App\Controllers\Home->Layanan('index.html')
15 SYSTEMPATH\CodeIgniter.php(457): CodeIgniter\CodeIgniter->runController(Object(App\Controllers\Home))
16 SYSTEMPATH\CodeIgniter.php(340): CodeIgniter\CodeIgniter->handleRequest(null, Object(Config\Cache), false)
17 FCPATH\index.php(67): CodeIgniter\CodeIgniter->run()
18 SYSTEMPATH\Commands\Server\rewrite.php(43): require_once('FCPATH\\index.php')
CRITICAL - 2023-10-14 23:02:23 --> Trying to access array offset on value of type null
in APPPATH\Views\user\v_layanan.php on line 11.
 1 APPPATH\Views\user\v_layanan.php(11): CodeIgniter\Debug\Exceptions->errorHandler(2, 'Trying to access array offset on value of type null', 'APPPATH\\Views\\user\\v_layanan.php', 11)
 2 SYSTEMPATH\View\View.php(213): include('APPPATH\\Views\\user\\v_layanan.php')
 3 SYSTEMPATH\View\View.php(216): CodeIgniter\View\View->CodeIgniter\View\{closure}()
 4 SYSTEMPATH\Common.php(1137): CodeIgniter\View\View->render('user/v_layanan', [], true)
 5 APPPATH\Views\layoutUser\v_content.php(4): view('user/v_layanan')
 6 SYSTEMPATH\View\View.php(213): include('APPPATH\\Views\\layoutUser\\v_content.php')
 7 SYSTEMPATH\View\View.php(216): CodeIgniter\View\View->CodeIgniter\View\{closure}()
 8 SYSTEMPATH\Common.php(1137): CodeIgniter\View\View->render('layoutUser/v_content.php', [], true)
 9 APPPATH\Views\layoutUser\v_wrapper.php(4): view('layoutUser/v_content.php')
10 SYSTEMPATH\View\View.php(213): include('APPPATH\\Views\\layoutUser\\v_wrapper.php')
11 SYSTEMPATH\View\View.php(216): CodeIgniter\View\View->CodeIgniter\View\{closure}()
12 SYSTEMPATH\Common.php(1137): CodeIgniter\View\View->render('layoutUser/v_wrapper', [], true)
13 APPPATH\Controllers\Home.php(50): view('layoutUser/v_wrapper', [...])
14 SYSTEMPATH\CodeIgniter.php(904): App\Controllers\Home->Layanan('index.html')
15 SYSTEMPATH\CodeIgniter.php(457): CodeIgniter\CodeIgniter->runController(Object(App\Controllers\Home))
16 SYSTEMPATH\CodeIgniter.php(340): CodeIgniter\CodeIgniter->handleRequest(null, Object(Config\Cache), false)
17 FCPATH\index.php(67): CodeIgniter\CodeIgniter->run()
18 SYSTEMPATH\Commands\Server\rewrite.php(43): require_once('FCPATH\\index.php')
CRITICAL - 2023-10-14 23:07:39 --> Trying to access array offset on value of type null
in APPPATH\Views\user\v_layanan.php on line 11.
 1 APPPATH\Views\user\v_layanan.php(11): CodeIgniter\Debug\Exceptions->errorHandler(2, 'Trying to access array offset on value of type null', 'APPPATH\\Views\\user\\v_layanan.php', 11)
 2 SYSTEMPATH\View\View.php(213): include('APPPATH\\Views\\user\\v_layanan.php')
 3 SYSTEMPATH\View\View.php(216): CodeIgniter\View\View->CodeIgniter\View\{closure}()
 4 SYSTEMPATH\Common.php(1137): CodeIgniter\View\View->render('user/v_layanan', [], true)
 5 APPPATH\Views\layoutUser\v_content.php(4): view('user/v_layanan')
 6 SYSTEMPATH\View\View.php(213): include('APPPATH\\Views\\layoutUser\\v_content.php')
 7 SYSTEMPATH\View\View.php(216): CodeIgniter\View\View->CodeIgniter\View\{closure}()
 8 SYSTEMPATH\Common.php(1137): CodeIgniter\View\View->render('layoutUser/v_content.php', [], true)
 9 APPPATH\Views\layoutUser\v_wrapper.php(4): view('layoutUser/v_content.php')
10 SYSTEMPATH\View\View.php(213): include('APPPATH\\Views\\layoutUser\\v_wrapper.php')
11 SYSTEMPATH\View\View.php(216): CodeIgniter\View\View->CodeIgniter\View\{closure}()
12 SYSTEMPATH\Common.php(1137): CodeIgniter\View\View->render('layoutUser/v_wrapper', [], true)
13 APPPATH\Controllers\Home.php(50): view('layoutUser/v_wrapper', [...])
14 SYSTEMPATH\CodeIgniter.php(904): App\Controllers\Home->Layanan('Jasa Pembuatan Website')
15 SYSTEMPATH\CodeIgniter.php(457): CodeIgniter\CodeIgniter->runController(Object(App\Controllers\Home))
16 SYSTEMPATH\CodeIgniter.php(340): CodeIgniter\CodeIgniter->handleRequest(null, Object(Config\Cache), false)
17 FCPATH\index.php(67): CodeIgniter\CodeIgniter->run()
18 SYSTEMPATH\Commands\Server\rewrite.php(43): require_once('FCPATH\\index.php')
CRITICAL - 2023-10-14 23:07:56 --> Trying to access array offset on value of type null
in APPPATH\Views\user\v_layanan.php on line 11.
 1 APPPATH\Views\user\v_layanan.php(11): CodeIgniter\Debug\Exceptions->errorHandler(2, 'Trying to access array offset on value of type null', 'APPPATH\\Views\\user\\v_layanan.php', 11)
 2 SYSTEMPATH\View\View.php(213): include('APPPATH\\Views\\user\\v_layanan.php')
 3 SYSTEMPATH\View\View.php(216): CodeIgniter\View\View->CodeIgniter\View\{closure}()
 4 SYSTEMPATH\Common.php(1137): CodeIgniter\View\View->render('user/v_layanan', [], true)
 5 APPPATH\Views\layoutUser\v_content.php(4): view('user/v_layanan')
 6 SYSTEMPATH\View\View.php(213): include('APPPATH\\Views\\layoutUser\\v_content.php')
 7 SYSTEMPATH\View\View.php(216): CodeIgniter\View\View->CodeIgniter\View\{closure}()
 8 SYSTEMPATH\Common.php(1137): CodeIgniter\View\View->render('layoutUser/v_content.php', [], true)
 9 APPPATH\Views\layoutUser\v_wrapper.php(4): view('layoutUser/v_content.php')
10 SYSTEMPATH\View\View.php(213): include('APPPATH\\Views\\layoutUser\\v_wrapper.php')
11 SYSTEMPATH\View\View.php(216): CodeIgniter\View\View->CodeIgniter\View\{closure}()
12 SYSTEMPATH\Common.php(1137): CodeIgniter\View\View->render('layoutUser/v_wrapper', [], true)
13 APPPATH\Controllers\Home.php(50): view('layoutUser/v_wrapper', [...])
14 SYSTEMPATH\CodeIgniter.php(904): App\Controllers\Home->Layanan('Jasa Pembuatan Website')
15 SYSTEMPATH\CodeIgniter.php(457): CodeIgniter\CodeIgniter->runController(Object(App\Controllers\Home))
16 SYSTEMPATH\CodeIgniter.php(340): CodeIgniter\CodeIgniter->handleRequest(null, Object(Config\Cache), false)
17 FCPATH\index.php(67): CodeIgniter\CodeIgniter->run()
18 SYSTEMPATH\Commands\Server\rewrite.php(43): require_once('FCPATH\\index.php')
