CRITICAL - 2023-10-26 17:23:36 --> Undefined variable $detail_layanan
in APPPATH\Views\layoutAdmin\v_nav.php on line 53.
 1 APPPATH\Views\layoutAdmin\v_nav.php(53): CodeIgniter\Debug\Exceptions->errorHandler(2, 'Undefined variable $detail_layanan', 'APPPATH\\Views\\layoutAdmin\\v_nav.php', 53)
 2 SYSTEMPATH\View\View.php(213): include('APPPATH\\Views\\layoutAdmin\\v_nav.php')
 3 SYSTEMPATH\View\View.php(216): CodeIgniter\View\View->CodeIgniter\View\{closure}()
 4 SYSTEMPATH\Common.php(1137): CodeIgniter\View\View->render('layoutAdmin/v_nav.php', [], true)
 5 APPPATH\Views\layoutAdmin\v_wrapper.php(4): view('layoutAdmin/v_nav.php')
 6 SYSTEMPATH\View\View.php(213): include('APPPATH\\Views\\layoutAdmin\\v_wrapper.php')
 7 SYSTEMPATH\View\View.php(216): CodeIgniter\View\View->CodeIgniter\View\{closure}()
 8 SYSTEMPATH\Common.php(1137): CodeIgniter\View\View->render('layoutAdmin/v_wrapper', [], true)
 9 APPPATH\Controllers\Admin\HomeAdmin.php(95): view('layoutAdmin/v_wrapper', [...])
10 SYSTEMPATH\CodeIgniter.php(904): App\Controllers\Admin\HomeAdmin->Layanan()
11 SYSTEMPATH\CodeIgniter.php(457): CodeIgniter\CodeIgniter->runController(Object(App\Controllers\Admin\HomeAdmin))
12 SYSTEMPATH\CodeIgniter.php(340): CodeIgniter\CodeIgniter->handleRequest(null, Object(Config\Cache), false)
13 FCPATH\index.php(67): CodeIgniter\CodeIgniter->run()
14 SYSTEMPATH\Commands\Server\rewrite.php(43): require_once('FCPATH\\index.php')
CRITICAL - 2023-10-26 17:28:30 --> Undefined variable $detail_layanan
in APPPATH\Views\layoutAdmin\v_nav.php on line 53.
 1 APPPATH\Views\layoutAdmin\v_nav.php(53): CodeIgniter\Debug\Exceptions->errorHandler(2, 'Undefined variable $detail_layanan', 'APPPATH\\Views\\layoutAdmin\\v_nav.php', 53)
 2 SYSTEMPATH\View\View.php(213): include('APPPATH\\Views\\layoutAdmin\\v_nav.php')
 3 SYSTEMPATH\View\View.php(216): CodeIgniter\View\View->CodeIgniter\View\{closure}()
 4 SYSTEMPATH\Common.php(1137): CodeIgniter\View\View->render('layoutAdmin/v_nav.php', [], true)
 5 APPPATH\Views\layoutAdmin\v_wrapper.php(4): view('layoutAdmin/v_nav.php')
 6 SYSTEMPATH\View\View.php(213): include('APPPATH\\Views\\layoutAdmin\\v_wrapper.php')
 7 SYSTEMPATH\View\View.php(216): CodeIgniter\View\View->CodeIgniter\View\{closure}()
 8 SYSTEMPATH\Common.php(1137): CodeIgniter\View\View->render('layoutAdmin/v_wrapper', [], true)
 9 APPPATH\Controllers\Admin\HomeAdmin.php(95): view('layoutAdmin/v_wrapper', [...])
10 SYSTEMPATH\CodeIgniter.php(904): App\Controllers\Admin\HomeAdmin->Layanan()
11 SYSTEMPATH\CodeIgniter.php(457): CodeIgniter\CodeIgniter->runController(Object(App\Controllers\Admin\HomeAdmin))
12 SYSTEMPATH\CodeIgniter.php(340): CodeIgniter\CodeIgniter->handleRequest(null, Object(Config\Cache), false)
13 FCPATH\index.php(67): CodeIgniter\CodeIgniter->run()
14 SYSTEMPATH\Commands\Server\rewrite.php(43): require_once('FCPATH\\index.php')
CRITICAL - 2023-10-26 17:29:27 --> Undefined variable $detail_layanan
in APPPATH\Views\layoutAdmin\v_nav.php on line 53.
 1 APPPATH\Views\layoutAdmin\v_nav.php(53): CodeIgniter\Debug\Exceptions->errorHandler(2, 'Undefined variable $detail_layanan', 'APPPATH\\Views\\layoutAdmin\\v_nav.php', 53)
 2 SYSTEMPATH\View\View.php(213): include('APPPATH\\Views\\layoutAdmin\\v_nav.php')
 3 SYSTEMPATH\View\View.php(216): CodeIgniter\View\View->CodeIgniter\View\{closure}()
 4 SYSTEMPATH\Common.php(1137): CodeIgniter\View\View->render('layoutAdmin/v_nav.php', [], true)
 5 APPPATH\Views\layoutAdmin\v_wrapper.php(4): view('layoutAdmin/v_nav.php')
 6 SYSTEMPATH\View\View.php(213): include('APPPATH\\Views\\layoutAdmin\\v_wrapper.php')
 7 SYSTEMPATH\View\View.php(216): CodeIgniter\View\View->CodeIgniter\View\{closure}()
 8 SYSTEMPATH\Common.php(1137): CodeIgniter\View\View->render('layoutAdmin/v_wrapper', [], true)
 9 APPPATH\Controllers\Admin\HomeAdmin.php(93): view('layoutAdmin/v_wrapper', [...])
10 SYSTEMPATH\CodeIgniter.php(904): App\Controllers\Admin\HomeAdmin->Layanan()
11 SYSTEMPATH\CodeIgniter.php(457): CodeIgniter\CodeIgniter->runController(Object(App\Controllers\Admin\HomeAdmin))
12 SYSTEMPATH\CodeIgniter.php(340): CodeIgniter\CodeIgniter->handleRequest(null, Object(Config\Cache), false)
13 FCPATH\index.php(67): CodeIgniter\CodeIgniter->run()
14 SYSTEMPATH\Commands\Server\rewrite.php(43): require_once('FCPATH\\index.php')
CRITICAL - 2023-10-26 17:29:52 --> Undefined variable $detail_layanan
in APPPATH\Views\layoutAdmin\v_nav.php on line 53.
 1 APPPATH\Views\layoutAdmin\v_nav.php(53): CodeIgniter\Debug\Exceptions->errorHandler(2, 'Undefined variable $detail_layanan', 'APPPATH\\Views\\layoutAdmin\\v_nav.php', 53)
 2 SYSTEMPATH\View\View.php(213): include('APPPATH\\Views\\layoutAdmin\\v_nav.php')
 3 SYSTEMPATH\View\View.php(216): CodeIgniter\View\View->CodeIgniter\View\{closure}()
 4 SYSTEMPATH\Common.php(1137): CodeIgniter\View\View->render('layoutAdmin/v_nav.php', [], true)
 5 APPPATH\Views\layoutAdmin\v_wrapper.php(4): view('layoutAdmin/v_nav.php')
 6 SYSTEMPATH\View\View.php(213): include('APPPATH\\Views\\layoutAdmin\\v_wrapper.php')
 7 SYSTEMPATH\View\View.php(216): CodeIgniter\View\View->CodeIgniter\View\{closure}()
 8 SYSTEMPATH\Common.php(1137): CodeIgniter\View\View->render('layoutAdmin/v_wrapper', [], true)
 9 APPPATH\Controllers\Admin\HomeAdmin.php(93): view('layoutAdmin/v_wrapper', [...])
10 SYSTEMPATH\CodeIgniter.php(904): App\Controllers\Admin\HomeAdmin->Layanan()
11 SYSTEMPATH\CodeIgniter.php(457): CodeIgniter\CodeIgniter->runController(Object(App\Controllers\Admin\HomeAdmin))
12 SYSTEMPATH\CodeIgniter.php(340): CodeIgniter\CodeIgniter->handleRequest(null, Object(Config\Cache), false)
13 FCPATH\index.php(67): CodeIgniter\CodeIgniter->run()
14 SYSTEMPATH\Commands\Server\rewrite.php(43): require_once('FCPATH\\index.php')
CRITICAL - 2023-10-26 17:58:45 --> Trying to access array offset on value of type null
in APPPATH\Views\user\v_layanan.php on line 11.
 1 APPPATH\Views\user\v_layanan.php(11): CodeIgniter\Debug\Exceptions->errorHandler(2, 'Trying to access array offset on value of type null', 'APPPATH\\Views\\user\\v_layanan.php', 11)
 2 SYSTEMPATH\View\View.php(213): include('APPPATH\\Views\\user\\v_layanan.php')
 3 SYSTEMPATH\View\View.php(216): CodeIgniter\View\View->CodeIgniter\View\{closure}()
 4 SYSTEMPATH\Common.php(1137): CodeIgniter\View\View->render('user/v_layanan', [], true)
 5 APPPATH\Views\layoutUser\v_content.php(4): view('user/v_layanan')
 6 SYSTEMPATH\View\View.php(213): include('APPPATH\\Views\\layoutUser\\v_content.php')
 7 SYSTEMPATH\View\View.php(216): CodeIgniter\View\View->CodeIgniter\View\{closure}()
 8 SYSTEMPATH\Common.php(1137): CodeIgniter\View\View->render('layoutUser/v_content.php', [], true)
 9 APPPATH\Views\layoutUser\v_wrapper.php(4): view('layoutUser/v_content.php')
10 SYSTEMPATH\View\View.php(213): include('APPPATH\\Views\\layoutUser\\v_wrapper.php')
11 SYSTEMPATH\View\View.php(216): CodeIgniter\View\View->CodeIgniter\View\{closure}()
12 SYSTEMPATH\Common.php(1137): CodeIgniter\View\View->render('layoutUser/v_wrapper', [], true)
13 APPPATH\Controllers\Home.php(51): view('layoutUser/v_wrapper', [...])
14 SYSTEMPATH\CodeIgniter.php(904): App\Controllers\Home->Layanan('jasa-pembuatan-website')
15 SYSTEMPATH\CodeIgniter.php(457): CodeIgniter\CodeIgniter->runController(Object(App\Controllers\Home))
16 SYSTEMPATH\CodeIgniter.php(340): CodeIgniter\CodeIgniter->handleRequest(null, Object(Config\Cache), false)
17 FCPATH\index.php(67): CodeIgniter\CodeIgniter->run()
18 SYSTEMPATH\Commands\Server\rewrite.php(43): require_once('FCPATH\\index.php')
CRITICAL - 2023-10-26 18:26:53 --> Trying to access array offset on value of type null
in APPPATH\Views\user\v_layanan.php on line 11.
 1 APPPATH\Views\user\v_layanan.php(11): CodeIgniter\Debug\Exceptions->errorHandler(2, 'Trying to access array offset on value of type null', 'APPPATH\\Views\\user\\v_layanan.php', 11)
 2 SYSTEMPATH\View\View.php(213): include('APPPATH\\Views\\user\\v_layanan.php')
 3 SYSTEMPATH\View\View.php(216): CodeIgniter\View\View->CodeIgniter\View\{closure}()
 4 SYSTEMPATH\Common.php(1137): CodeIgniter\View\View->render('user/v_layanan', [], true)
 5 APPPATH\Views\layoutUser\v_content.php(4): view('user/v_layanan')
 6 SYSTEMPATH\View\View.php(213): include('APPPATH\\Views\\layoutUser\\v_content.php')
 7 SYSTEMPATH\View\View.php(216): CodeIgniter\View\View->CodeIgniter\View\{closure}()
 8 SYSTEMPATH\Common.php(1137): CodeIgniter\View\View->render('layoutUser/v_content.php', [], true)
 9 APPPATH\Views\layoutUser\v_wrapper.php(4): view('layoutUser/v_content.php')
10 SYSTEMPATH\View\View.php(213): include('APPPATH\\Views\\layoutUser\\v_wrapper.php')
11 SYSTEMPATH\View\View.php(216): CodeIgniter\View\View->CodeIgniter\View\{closure}()
12 SYSTEMPATH\Common.php(1137): CodeIgniter\View\View->render('layoutUser/v_wrapper', [], true)
13 APPPATH\Controllers\Home.php(52): view('layoutUser/v_wrapper', [...])
14 SYSTEMPATH\CodeIgniter.php(904): App\Controllers\Home->Layanan('jasa-pembuatan-website')
15 SYSTEMPATH\CodeIgniter.php(457): CodeIgniter\CodeIgniter->runController(Object(App\Controllers\Home))
16 SYSTEMPATH\CodeIgniter.php(340): CodeIgniter\CodeIgniter->handleRequest(null, Object(Config\Cache), false)
17 FCPATH\index.php(67): CodeIgniter\CodeIgniter->run()
18 SYSTEMPATH\Commands\Server\rewrite.php(43): require_once('FCPATH\\index.php')
CRITICAL - 2023-10-26 18:26:57 --> Trying to access array offset on value of type null
in APPPATH\Views\user\v_layanan.php on line 11.
 1 APPPATH\Views\user\v_layanan.php(11): CodeIgniter\Debug\Exceptions->errorHandler(2, 'Trying to access array offset on value of type null', 'APPPATH\\Views\\user\\v_layanan.php', 11)
 2 SYSTEMPATH\View\View.php(213): include('APPPATH\\Views\\user\\v_layanan.php')
 3 SYSTEMPATH\View\View.php(216): CodeIgniter\View\View->CodeIgniter\View\{closure}()
 4 SYSTEMPATH\Common.php(1137): CodeIgniter\View\View->render('user/v_layanan', [], true)
 5 APPPATH\Views\layoutUser\v_content.php(4): view('user/v_layanan')
 6 SYSTEMPATH\View\View.php(213): include('APPPATH\\Views\\layoutUser\\v_content.php')
 7 SYSTEMPATH\View\View.php(216): CodeIgniter\View\View->CodeIgniter\View\{closure}()
 8 SYSTEMPATH\Common.php(1137): CodeIgniter\View\View->render('layoutUser/v_content.php', [], true)
 9 APPPATH\Views\layoutUser\v_wrapper.php(4): view('layoutUser/v_content.php')
10 SYSTEMPATH\View\View.php(213): include('APPPATH\\Views\\layoutUser\\v_wrapper.php')
11 SYSTEMPATH\View\View.php(216): CodeIgniter\View\View->CodeIgniter\View\{closure}()
12 SYSTEMPATH\Common.php(1137): CodeIgniter\View\View->render('layoutUser/v_wrapper', [], true)
13 APPPATH\Controllers\Home.php(52): view('layoutUser/v_wrapper', [...])
14 SYSTEMPATH\CodeIgniter.php(904): App\Controllers\Home->Layanan('jasa-pembuatan-website')
15 SYSTEMPATH\CodeIgniter.php(457): CodeIgniter\CodeIgniter->runController(Object(App\Controllers\Home))
16 SYSTEMPATH\CodeIgniter.php(340): CodeIgniter\CodeIgniter->handleRequest(null, Object(Config\Cache), false)
17 FCPATH\index.php(67): CodeIgniter\CodeIgniter->run()
18 SYSTEMPATH\Commands\Server\rewrite.php(43): require_once('FCPATH\\index.php')
CRITICAL - 2023-10-26 18:27:00 --> Trying to access array offset on value of type null
in APPPATH\Views\user\v_layanan.php on line 11.
 1 APPPATH\Views\user\v_layanan.php(11): CodeIgniter\Debug\Exceptions->errorHandler(2, 'Trying to access array offset on value of type null', 'APPPATH\\Views\\user\\v_layanan.php', 11)
 2 SYSTEMPATH\View\View.php(213): include('APPPATH\\Views\\user\\v_layanan.php')
 3 SYSTEMPATH\View\View.php(216): CodeIgniter\View\View->CodeIgniter\View\{closure}()
 4 SYSTEMPATH\Common.php(1137): CodeIgniter\View\View->render('user/v_layanan', [], true)
 5 APPPATH\Views\layoutUser\v_content.php(4): view('user/v_layanan')
 6 SYSTEMPATH\View\View.php(213): include('APPPATH\\Views\\layoutUser\\v_content.php')
 7 SYSTEMPATH\View\View.php(216): CodeIgniter\View\View->CodeIgniter\View\{closure}()
 8 SYSTEMPATH\Common.php(1137): CodeIgniter\View\View->render('layoutUser/v_content.php', [], true)
 9 APPPATH\Views\layoutUser\v_wrapper.php(4): view('layoutUser/v_content.php')
10 SYSTEMPATH\View\View.php(213): include('APPPATH\\Views\\layoutUser\\v_wrapper.php')
11 SYSTEMPATH\View\View.php(216): CodeIgniter\View\View->CodeIgniter\View\{closure}()
12 SYSTEMPATH\Common.php(1137): CodeIgniter\View\View->render('layoutUser/v_wrapper', [], true)
13 APPPATH\Controllers\Home.php(52): view('layoutUser/v_wrapper', [...])
14 SYSTEMPATH\CodeIgniter.php(904): App\Controllers\Home->Layanan('jasa-social-media-managemen')
15 SYSTEMPATH\CodeIgniter.php(457): CodeIgniter\CodeIgniter->runController(Object(App\Controllers\Home))
16 SYSTEMPATH\CodeIgniter.php(340): CodeIgniter\CodeIgniter->handleRequest(null, Object(Config\Cache), false)
17 FCPATH\index.php(67): CodeIgniter\CodeIgniter->run()
18 SYSTEMPATH\Commands\Server\rewrite.php(43): require_once('FCPATH\\index.php')
CRITICAL - 2023-10-26 18:34:25 --> Trying to access array offset on value of type null
in APPPATH\Controllers\Home.php on line 38.
 1 APPPATH\Controllers\Home.php(38): CodeIgniter\Debug\Exceptions->errorHandler(2, 'Trying to access array offset on value of type null', 'APPPATH\\Controllers\\Home.php', 38)
 2 SYSTEMPATH\CodeIgniter.php(904): App\Controllers\Home->Layanan('jasa-social-media-managemen')
 3 SYSTEMPATH\CodeIgniter.php(457): CodeIgniter\CodeIgniter->runController(Object(App\Controllers\Home))
 4 SYSTEMPATH\CodeIgniter.php(340): CodeIgniter\CodeIgniter->handleRequest(null, Object(Config\Cache), false)
 5 FCPATH\index.php(67): CodeIgniter\CodeIgniter->run()
 6 SYSTEMPATH\Commands\Server\rewrite.php(43): require_once('FCPATH\\index.php')
