CRITICAL - 2022-09-18 23:10:40 --> Undefined variable $menu
in APPPATH\Views\layoutAdmin\v_nav.php on line 21.
 1 APPPATH\Views\layoutAdmin\v_nav.php(21): CodeIgniter\Debug\Exceptions->errorHandler(2, 'Undefined variable $menu', 'APPPATH\\Views\\layoutAdmin\\v_nav.php', 21)
 2 SYSTEMPATH\View\View.php(213): include('APPPATH\\Views\\layoutAdmin\\v_nav.php')
 3 SYSTEMPATH\View\View.php(216): CodeIgniter\View\View->CodeIgniter\View\{closure}()
 4 SYSTEMPATH\Common.php(1137): CodeIgniter\View\View->render('layoutAdmin/v_nav.php', [], true)
 5 APPPATH\Views\layoutAdmin\v_wrapper.php(4): view('layoutAdmin/v_nav.php')
 6 SYSTEMPATH\View\View.php(213): include('APPPATH\\Views\\layoutAdmin\\v_wrapper.php')
 7 SYSTEMPATH\View\View.php(216): CodeIgniter\View\View->CodeIgniter\View\{closure}()
 8 SYSTEMPATH\Common.php(1137): CodeIgniter\View\View->render('layoutAdmin/v_wrapper', [], true)
 9 APPPATH\Controllers\Admin\HomeAdmin.php(26): view('layoutAdmin/v_wrapper', [...])
10 SYSTEMPATH\CodeIgniter.php(904): App\Controllers\Admin\HomeAdmin->index()
11 SYSTEMPATH\CodeIgniter.php(457): CodeIgniter\CodeIgniter->runController(Object(App\Controllers\Admin\HomeAdmin))
12 SYSTEMPATH\CodeIgniter.php(340): CodeIgniter\CodeIgniter->handleRequest(null, Object(Config\Cache), false)
13 FCPATH\index.php(67): CodeIgniter\CodeIgniter->run()
14 SYSTEMPATH\Commands\Server\rewrite.php(43): require_once('FCPATH\\index.php')
CRITICAL - 2022-09-18 23:31:14 --> Undefined variable $menu
in APPPATH\Views\layoutAdmin\v_nav.php on line 21.
 1 APPPATH\Views\layoutAdmin\v_nav.php(21): CodeIgniter\Debug\Exceptions->errorHandler(2, 'Undefined variable $menu', 'APPPATH\\Views\\layoutAdmin\\v_nav.php', 21)
 2 SYSTEMPATH\View\View.php(213): include('APPPATH\\Views\\layoutAdmin\\v_nav.php')
 3 SYSTEMPATH\View\View.php(216): CodeIgniter\View\View->CodeIgniter\View\{closure}()
 4 SYSTEMPATH\Common.php(1137): CodeIgniter\View\View->render('layoutAdmin/v_nav.php', [], true)
 5 APPPATH\Views\layoutAdmin\v_wrapper.php(4): view('layoutAdmin/v_nav.php')
 6 SYSTEMPATH\View\View.php(213): include('APPPATH\\Views\\layoutAdmin\\v_wrapper.php')
 7 SYSTEMPATH\View\View.php(216): CodeIgniter\View\View->CodeIgniter\View\{closure}()
 8 SYSTEMPATH\Common.php(1137): CodeIgniter\View\View->render('layoutAdmin/v_wrapper', [], true)
 9 APPPATH\Controllers\Admin\HomeAdmin.php(75): view('layoutAdmin/v_wrapper', [...])
10 SYSTEMPATH\CodeIgniter.php(904): App\Controllers\Admin\HomeAdmin->DetailLayanan('19')
11 SYSTEMPATH\CodeIgniter.php(457): CodeIgniter\CodeIgniter->runController(Object(App\Controllers\Admin\HomeAdmin))
12 SYSTEMPATH\CodeIgniter.php(340): CodeIgniter\CodeIgniter->handleRequest(null, Object(Config\Cache), false)
13 FCPATH\index.php(67): CodeIgniter\CodeIgniter->run()
14 SYSTEMPATH\Commands\Server\rewrite.php(43): require_once('FCPATH\\index.php')
CRITICAL - 2022-09-18 23:50:11 --> Trying to access array offset on value of type null
in APPPATH\Views\user\v_layanan.php on line 8.
 1 APPPATH\Views\user\v_layanan.php(8): CodeIgniter\Debug\Exceptions->errorHandler(2, 'Trying to access array offset on value of type null', 'APPPATH\\Views\\user\\v_layanan.php', 8)
 2 SYSTEMPATH\View\View.php(213): include('APPPATH\\Views\\user\\v_layanan.php')
 3 SYSTEMPATH\View\View.php(216): CodeIgniter\View\View->CodeIgniter\View\{closure}()
 4 SYSTEMPATH\Common.php(1137): CodeIgniter\View\View->render('user/v_layanan', [], true)
 5 APPPATH\Views\layoutUser\v_content.php(4): view('user/v_layanan')
 6 SYSTEMPATH\View\View.php(213): include('APPPATH\\Views\\layoutUser\\v_content.php')
 7 SYSTEMPATH\View\View.php(216): CodeIgniter\View\View->CodeIgniter\View\{closure}()
 8 SYSTEMPATH\Common.php(1137): CodeIgniter\View\View->render('layoutUser/v_content.php', [], true)
 9 APPPATH\Views\layoutUser\v_wrapper.php(4): view('layoutUser/v_content.php')
10 SYSTEMPATH\View\View.php(213): include('APPPATH\\Views\\layoutUser\\v_wrapper.php')
11 SYSTEMPATH\View\View.php(216): CodeIgniter\View\View->CodeIgniter\View\{closure}()
12 SYSTEMPATH\Common.php(1137): CodeIgniter\View\View->render('layoutUser/v_wrapper', [], true)
13 APPPATH\Controllers\Home.php(35): view('layoutUser/v_wrapper', [...])
14 SYSTEMPATH\CodeIgniter.php(904): App\Controllers\Home->Layanan('index.html')
15 SYSTEMPATH\CodeIgniter.php(457): CodeIgniter\CodeIgniter->runController(Object(App\Controllers\Home))
16 SYSTEMPATH\CodeIgniter.php(340): CodeIgniter\CodeIgniter->handleRequest(null, Object(Config\Cache), false)
17 FCPATH\index.php(67): CodeIgniter\CodeIgniter->run()
18 SYSTEMPATH\Commands\Server\rewrite.php(43): require_once('FCPATH\\index.php')
