ERROR - 2023-08-08 17:00:09 --> Error connecting to the database: mysqli_sql_exception: No connection could be made because the target machine actively refused it in C:\xampp\htdocs\kreasiaiweb\vendor\codeigniter4\framework\system\Database\MySQLi\Connection.php:171
Stack trace:
#0 C:\xampp\htdocs\kreasiaiweb\vendor\codeigniter4\framework\system\Database\MySQLi\Connection.php(171): mysqli->real_connect('localhost', 'root', '', 'kreasiaiweb', 3306, '', 0)
#1 C:\xampp\htdocs\kreasiaiweb\vendor\codeigniter4\framework\system\Database\BaseConnection.php(382): CodeIgniter\Database\MySQLi\Connection->connect(false)
#2 C:\xampp\htdocs\kreasiaiweb\vendor\codeigniter4\framework\system\Database\BaseConnection.php(588): CodeIgniter\Database\BaseConnection->initialize()
#3 C:\xampp\htdocs\kreasiaiweb\vendor\codeigniter4\framework\system\Database\BaseBuilder.php(1585): CodeIgniter\Database\BaseConnection->query('SELECT *\nFROM `...', Array, false)
#4 C:\xampp\htdocs\kreasiaiweb\vendor\codeigniter4\framework\system\Model.php(184): CodeIgniter\Database\BaseBuilder->get()
#5 C:\xampp\htdocs\kreasiaiweb\vendor\codeigniter4\framework\system\BaseModel.php(523): CodeIgniter\Model->doFind(false, NULL)
#6 C:\xampp\htdocs\kreasiaiweb\app\Models\LayananModel.php(19): CodeIgniter\BaseModel->find()
#7 C:\xampp\htdocs\kreasiaiweb\app\Controllers\Home.php(24): App\Models\LayananModel->getLayanan()
#8 C:\xampp\htdocs\kreasiaiweb\vendor\codeigniter4\framework\system\CodeIgniter.php(904): App\Controllers\Home->index()
#9 C:\xampp\htdocs\kreasiaiweb\vendor\codeigniter4\framework\system\CodeIgniter.php(457): CodeIgniter\CodeIgniter->runController(Object(App\Controllers\Home))
#10 C:\xampp\htdocs\kreasiaiweb\vendor\codeigniter4\framework\system\CodeIgniter.php(340): CodeIgniter\CodeIgniter->handleRequest(NULL, Object(Config\Cache), false)
#11 C:\xampp\htdocs\kreasiaiweb\public\index.php(67): CodeIgniter\CodeIgniter->run()
#12 C:\xampp\htdocs\kreasiaiweb\vendor\codeigniter4\framework\system\Commands\Server\rewrite.php(43): require_once('C:\\xampp\\htdocs...')
#13 {main}

Next CodeIgniter\Database\Exceptions\DatabaseException: No connection could be made because the target machine actively refused it in C:\xampp\htdocs\kreasiaiweb\vendor\codeigniter4\framework\system\Database\MySQLi\Connection.php:215
Stack trace:
#0 C:\xampp\htdocs\kreasiaiweb\vendor\codeigniter4\framework\system\Database\BaseConnection.php(382): CodeIgniter\Database\MySQLi\Connection->connect(false)
#1 C:\xampp\htdocs\kreasiaiweb\vendor\codeigniter4\framework\system\Database\BaseConnection.php(588): CodeIgniter\Database\BaseConnection->initialize()
#2 C:\xampp\htdocs\kreasiaiweb\vendor\codeigniter4\framework\system\Database\BaseBuilder.php(1585): CodeIgniter\Database\BaseConnection->query('SELECT *\nFROM `...', Array, false)
#3 C:\xampp\htdocs\kreasiaiweb\vendor\codeigniter4\framework\system\Model.php(184): CodeIgniter\Database\BaseBuilder->get()
#4 C:\xampp\htdocs\kreasiaiweb\vendor\codeigniter4\framework\system\BaseModel.php(523): CodeIgniter\Model->doFind(false, NULL)
#5 C:\xampp\htdocs\kreasiaiweb\app\Models\LayananModel.php(19): CodeIgniter\BaseModel->find()
#6 C:\xampp\htdocs\kreasiaiweb\app\Controllers\Home.php(24): App\Models\LayananModel->getLayanan()
#7 C:\xampp\htdocs\kreasiaiweb\vendor\codeigniter4\framework\system\CodeIgniter.php(904): App\Controllers\Home->index()
#8 C:\xampp\htdocs\kreasiaiweb\vendor\codeigniter4\framework\system\CodeIgniter.php(457): CodeIgniter\CodeIgniter->runController(Object(App\Controllers\Home))
#9 C:\xampp\htdocs\kreasiaiweb\vendor\codeigniter4\framework\system\CodeIgniter.php(340): CodeIgniter\CodeIgniter->handleRequest(NULL, Object(Config\Cache), false)
#10 C:\xampp\htdocs\kreasiaiweb\public\index.php(67): CodeIgniter\CodeIgniter->run()
#11 C:\xampp\htdocs\kreasiaiweb\vendor\codeigniter4\framework\system\Commands\Server\rewrite.php(43): require_once('C:\\xampp\\htdocs...')
#12 {main}
CRITICAL - 2023-08-08 17:00:09 --> Unable to connect to the database.
Main connection [MySQLi]: No connection could be made because the target machine actively refused it
in SYSTEMPATH\Database\BaseConnection.php on line 418.
 1 SYSTEMPATH\Database\BaseConnection.php(588): CodeIgniter\Database\BaseConnection->initialize()
 2 SYSTEMPATH\Database\BaseBuilder.php(1585): CodeIgniter\Database\BaseConnection->query('SELECT *
FROM `layanan`', [], false)
 3 SYSTEMPATH\Model.php(184): CodeIgniter\Database\BaseBuilder->get()
 4 SYSTEMPATH\BaseModel.php(523): CodeIgniter\Model->doFind(false, null)
 5 APPPATH\Models\LayananModel.php(19): CodeIgniter\BaseModel->find()
 6 APPPATH\Controllers\Home.php(24): App\Models\LayananModel->getLayanan()
 7 SYSTEMPATH\CodeIgniter.php(904): App\Controllers\Home->index()
 8 SYSTEMPATH\CodeIgniter.php(457): CodeIgniter\CodeIgniter->runController(Object(App\Controllers\Home))
 9 SYSTEMPATH\CodeIgniter.php(340): CodeIgniter\CodeIgniter->handleRequest(null, Object(Config\Cache), false)
10 FCPATH\index.php(67): CodeIgniter\CodeIgniter->run()
11 SYSTEMPATH\Commands\Server\rewrite.php(43): require_once('FCPATH\\index.php')
ERROR - 2023-08-08 17:00:37 --> Error connecting to the database: mysqli_sql_exception: No connection could be made because the target machine actively refused it in C:\xampp\htdocs\kreasiaiweb\vendor\codeigniter4\framework\system\Database\MySQLi\Connection.php:171
Stack trace:
#0 C:\xampp\htdocs\kreasiaiweb\vendor\codeigniter4\framework\system\Database\MySQLi\Connection.php(171): mysqli->real_connect('localhost', 'root', '', 'kreasiaiweb', 3306, '', 0)
#1 C:\xampp\htdocs\kreasiaiweb\vendor\codeigniter4\framework\system\Database\BaseConnection.php(382): CodeIgniter\Database\MySQLi\Connection->connect(false)
#2 C:\xampp\htdocs\kreasiaiweb\vendor\codeigniter4\framework\system\Database\BaseConnection.php(588): CodeIgniter\Database\BaseConnection->initialize()
#3 C:\xampp\htdocs\kreasiaiweb\vendor\codeigniter4\framework\system\Database\BaseBuilder.php(1585): CodeIgniter\Database\BaseConnection->query('SELECT *\nFROM `...', Array, false)
#4 C:\xampp\htdocs\kreasiaiweb\vendor\codeigniter4\framework\system\Model.php(184): CodeIgniter\Database\BaseBuilder->get()
#5 C:\xampp\htdocs\kreasiaiweb\vendor\codeigniter4\framework\system\BaseModel.php(523): CodeIgniter\Model->doFind(false, NULL)
#6 C:\xampp\htdocs\kreasiaiweb\app\Models\LayananModel.php(19): CodeIgniter\BaseModel->find()
#7 C:\xampp\htdocs\kreasiaiweb\app\Controllers\Home.php(24): App\Models\LayananModel->getLayanan()
#8 C:\xampp\htdocs\kreasiaiweb\vendor\codeigniter4\framework\system\CodeIgniter.php(904): App\Controllers\Home->index()
#9 C:\xampp\htdocs\kreasiaiweb\vendor\codeigniter4\framework\system\CodeIgniter.php(457): CodeIgniter\CodeIgniter->runController(Object(App\Controllers\Home))
#10 C:\xampp\htdocs\kreasiaiweb\vendor\codeigniter4\framework\system\CodeIgniter.php(340): CodeIgniter\CodeIgniter->handleRequest(NULL, Object(Config\Cache), false)
#11 C:\xampp\htdocs\kreasiaiweb\public\index.php(67): CodeIgniter\CodeIgniter->run()
#12 C:\xampp\htdocs\kreasiaiweb\vendor\codeigniter4\framework\system\Commands\Server\rewrite.php(43): require_once('C:\\xampp\\htdocs...')
#13 {main}

Next CodeIgniter\Database\Exceptions\DatabaseException: No connection could be made because the target machine actively refused it in C:\xampp\htdocs\kreasiaiweb\vendor\codeigniter4\framework\system\Database\MySQLi\Connection.php:215
Stack trace:
#0 C:\xampp\htdocs\kreasiaiweb\vendor\codeigniter4\framework\system\Database\BaseConnection.php(382): CodeIgniter\Database\MySQLi\Connection->connect(false)
#1 C:\xampp\htdocs\kreasiaiweb\vendor\codeigniter4\framework\system\Database\BaseConnection.php(588): CodeIgniter\Database\BaseConnection->initialize()
#2 C:\xampp\htdocs\kreasiaiweb\vendor\codeigniter4\framework\system\Database\BaseBuilder.php(1585): CodeIgniter\Database\BaseConnection->query('SELECT *\nFROM `...', Array, false)
#3 C:\xampp\htdocs\kreasiaiweb\vendor\codeigniter4\framework\system\Model.php(184): CodeIgniter\Database\BaseBuilder->get()
#4 C:\xampp\htdocs\kreasiaiweb\vendor\codeigniter4\framework\system\BaseModel.php(523): CodeIgniter\Model->doFind(false, NULL)
#5 C:\xampp\htdocs\kreasiaiweb\app\Models\LayananModel.php(19): CodeIgniter\BaseModel->find()
#6 C:\xampp\htdocs\kreasiaiweb\app\Controllers\Home.php(24): App\Models\LayananModel->getLayanan()
#7 C:\xampp\htdocs\kreasiaiweb\vendor\codeigniter4\framework\system\CodeIgniter.php(904): App\Controllers\Home->index()
#8 C:\xampp\htdocs\kreasiaiweb\vendor\codeigniter4\framework\system\CodeIgniter.php(457): CodeIgniter\CodeIgniter->runController(Object(App\Controllers\Home))
#9 C:\xampp\htdocs\kreasiaiweb\vendor\codeigniter4\framework\system\CodeIgniter.php(340): CodeIgniter\CodeIgniter->handleRequest(NULL, Object(Config\Cache), false)
#10 C:\xampp\htdocs\kreasiaiweb\public\index.php(67): CodeIgniter\CodeIgniter->run()
#11 C:\xampp\htdocs\kreasiaiweb\vendor\codeigniter4\framework\system\Commands\Server\rewrite.php(43): require_once('C:\\xampp\\htdocs...')
#12 {main}
CRITICAL - 2023-08-08 17:00:37 --> Unable to connect to the database.
Main connection [MySQLi]: No connection could be made because the target machine actively refused it
in SYSTEMPATH\Database\BaseConnection.php on line 418.
 1 SYSTEMPATH\Database\BaseConnection.php(588): CodeIgniter\Database\BaseConnection->initialize()
 2 SYSTEMPATH\Database\BaseBuilder.php(1585): CodeIgniter\Database\BaseConnection->query('SELECT *
FROM `layanan`', [], false)
 3 SYSTEMPATH\Model.php(184): CodeIgniter\Database\BaseBuilder->get()
 4 SYSTEMPATH\BaseModel.php(523): CodeIgniter\Model->doFind(false, null)
 5 APPPATH\Models\LayananModel.php(19): CodeIgniter\BaseModel->find()
 6 APPPATH\Controllers\Home.php(24): App\Models\LayananModel->getLayanan()
 7 SYSTEMPATH\CodeIgniter.php(904): App\Controllers\Home->index()
 8 SYSTEMPATH\CodeIgniter.php(457): CodeIgniter\CodeIgniter->runController(Object(App\Controllers\Home))
 9 SYSTEMPATH\CodeIgniter.php(340): CodeIgniter\CodeIgniter->handleRequest(null, Object(Config\Cache), false)
10 FCPATH\index.php(67): CodeIgniter\CodeIgniter->run()
11 SYSTEMPATH\Commands\Server\rewrite.php(43): require_once('FCPATH\\index.php')
CRITICAL - 2023-08-08 17:43:02 --> Cannot access offset of type string on string
in APPPATH\Views\layoutAdmin\v_nav.php on line 32.
 1 SYSTEMPATH\View\View.php(213): include()
 2 SYSTEMPATH\View\View.php(216): CodeIgniter\View\View->CodeIgniter\View\{closure}()
 3 SYSTEMPATH\Common.php(1137): CodeIgniter\View\View->render('layoutAdmin/v_nav.php', [], true)
 4 APPPATH\Views\layoutAdmin\v_wrapper.php(4): view('layoutAdmin/v_nav.php')
 5 SYSTEMPATH\View\View.php(213): include('APPPATH\\Views\\layoutAdmin\\v_wrapper.php')
 6 SYSTEMPATH\View\View.php(216): CodeIgniter\View\View->CodeIgniter\View\{closure}()
 7 SYSTEMPATH\Common.php(1137): CodeIgniter\View\View->render('layoutAdmin/v_wrapper', [], true)
 8 APPPATH\Controllers\Admin\HomeAdmin.php(77): view('layoutAdmin/v_wrapper', [...])
 9 SYSTEMPATH\CodeIgniter.php(904): App\Controllers\Admin\HomeAdmin->DetailLayanan('19')
10 SYSTEMPATH\CodeIgniter.php(457): CodeIgniter\CodeIgniter->runController(Object(App\Controllers\Admin\HomeAdmin))
11 SYSTEMPATH\CodeIgniter.php(340): CodeIgniter\CodeIgniter->handleRequest(null, Object(Config\Cache), false)
12 FCPATH\index.php(67): CodeIgniter\CodeIgniter->run()
13 SYSTEMPATH\Commands\Server\rewrite.php(43): require_once('FCPATH\\index.php')
CRITICAL - 2023-08-08 17:43:19 --> Trying to access array offset on value of type int
in APPPATH\Views\layoutAdmin\v_nav.php on line 32.
 1 APPPATH\Views\layoutAdmin\v_nav.php(32): CodeIgniter\Debug\Exceptions->errorHandler(2, 'Trying to access array offset on value of type int', 'APPPATH\\Views\\layoutAdmin\\v_nav.php', 32)
 2 SYSTEMPATH\View\View.php(213): include('APPPATH\\Views\\layoutAdmin\\v_nav.php')
 3 SYSTEMPATH\View\View.php(216): CodeIgniter\View\View->CodeIgniter\View\{closure}()
 4 SYSTEMPATH\Common.php(1137): CodeIgniter\View\View->render('layoutAdmin/v_nav.php', [], true)
 5 APPPATH\Views\layoutAdmin\v_wrapper.php(4): view('layoutAdmin/v_nav.php')
 6 SYSTEMPATH\View\View.php(213): include('APPPATH\\Views\\layoutAdmin\\v_wrapper.php')
 7 SYSTEMPATH\View\View.php(216): CodeIgniter\View\View->CodeIgniter\View\{closure}()
 8 SYSTEMPATH\Common.php(1137): CodeIgniter\View\View->render('layoutAdmin/v_wrapper', [], true)
 9 APPPATH\Controllers\Admin\HomeAdmin.php(63): view('layoutAdmin/v_wrapper', [...])
10 SYSTEMPATH\CodeIgniter.php(904): App\Controllers\Admin\HomeAdmin->Layanan()
11 SYSTEMPATH\CodeIgniter.php(457): CodeIgniter\CodeIgniter->runController(Object(App\Controllers\Admin\HomeAdmin))
12 SYSTEMPATH\CodeIgniter.php(340): CodeIgniter\CodeIgniter->handleRequest(null, Object(Config\Cache), false)
13 FCPATH\index.php(67): CodeIgniter\CodeIgniter->run()
14 SYSTEMPATH\Commands\Server\rewrite.php(43): require_once('FCPATH\\index.php')
CRITICAL - 2023-08-08 17:43:50 --> Trying to access array offset on value of type int
in APPPATH\Views\layoutAdmin\v_nav.php on line 32.
 1 APPPATH\Views\layoutAdmin\v_nav.php(32): CodeIgniter\Debug\Exceptions->errorHandler(2, 'Trying to access array offset on value of type int', 'APPPATH\\Views\\layoutAdmin\\v_nav.php', 32)
 2 SYSTEMPATH\View\View.php(213): include('APPPATH\\Views\\layoutAdmin\\v_nav.php')
 3 SYSTEMPATH\View\View.php(216): CodeIgniter\View\View->CodeIgniter\View\{closure}()
 4 SYSTEMPATH\Common.php(1137): CodeIgniter\View\View->render('layoutAdmin/v_nav.php', [], true)
 5 APPPATH\Views\layoutAdmin\v_wrapper.php(4): view('layoutAdmin/v_nav.php')
 6 SYSTEMPATH\View\View.php(213): include('APPPATH\\Views\\layoutAdmin\\v_wrapper.php')
 7 SYSTEMPATH\View\View.php(216): CodeIgniter\View\View->CodeIgniter\View\{closure}()
 8 SYSTEMPATH\Common.php(1137): CodeIgniter\View\View->render('layoutAdmin/v_wrapper', [], true)
 9 APPPATH\Controllers\Admin\HomeAdmin.php(63): view('layoutAdmin/v_wrapper', [...])
10 SYSTEMPATH\CodeIgniter.php(904): App\Controllers\Admin\HomeAdmin->Layanan()
11 SYSTEMPATH\CodeIgniter.php(457): CodeIgniter\CodeIgniter->runController(Object(App\Controllers\Admin\HomeAdmin))
12 SYSTEMPATH\CodeIgniter.php(340): CodeIgniter\CodeIgniter->handleRequest(null, Object(Config\Cache), false)
13 FCPATH\index.php(67): CodeIgniter\CodeIgniter->run()
14 SYSTEMPATH\Commands\Server\rewrite.php(43): require_once('FCPATH\\index.php')
CRITICAL - 2023-08-08 17:44:41 --> Trying to access array offset on value of type int
in APPPATH\Views\layoutAdmin\v_nav.php on line 32.
 1 APPPATH\Views\layoutAdmin\v_nav.php(32): CodeIgniter\Debug\Exceptions->errorHandler(2, 'Trying to access array offset on value of type int', 'APPPATH\\Views\\layoutAdmin\\v_nav.php', 32)
 2 SYSTEMPATH\View\View.php(213): include('APPPATH\\Views\\layoutAdmin\\v_nav.php')
 3 SYSTEMPATH\View\View.php(216): CodeIgniter\View\View->CodeIgniter\View\{closure}()
 4 SYSTEMPATH\Common.php(1137): CodeIgniter\View\View->render('layoutAdmin/v_nav.php', [], true)
 5 APPPATH\Views\layoutAdmin\v_wrapper.php(4): view('layoutAdmin/v_nav.php')
 6 SYSTEMPATH\View\View.php(213): include('APPPATH\\Views\\layoutAdmin\\v_wrapper.php')
 7 SYSTEMPATH\View\View.php(216): CodeIgniter\View\View->CodeIgniter\View\{closure}()
 8 SYSTEMPATH\Common.php(1137): CodeIgniter\View\View->render('layoutAdmin/v_wrapper', [], true)
 9 APPPATH\Controllers\Admin\HomeAdmin.php(63): view('layoutAdmin/v_wrapper', [...])
10 SYSTEMPATH\CodeIgniter.php(904): App\Controllers\Admin\HomeAdmin->Layanan()
11 SYSTEMPATH\CodeIgniter.php(457): CodeIgniter\CodeIgniter->runController(Object(App\Controllers\Admin\HomeAdmin))
12 SYSTEMPATH\CodeIgniter.php(340): CodeIgniter\CodeIgniter->handleRequest(null, Object(Config\Cache), false)
13 FCPATH\index.php(67): CodeIgniter\CodeIgniter->run()
14 SYSTEMPATH\Commands\Server\rewrite.php(43): require_once('FCPATH\\index.php')
CRITICAL - 2023-08-08 17:46:20 --> Trying to access array offset on value of type int
in APPPATH\Views\layoutAdmin\v_nav.php on line 32.
 1 APPPATH\Views\layoutAdmin\v_nav.php(32): CodeIgniter\Debug\Exceptions->errorHandler(2, 'Trying to access array offset on value of type int', 'APPPATH\\Views\\layoutAdmin\\v_nav.php', 32)
 2 SYSTEMPATH\View\View.php(213): include('APPPATH\\Views\\layoutAdmin\\v_nav.php')
 3 SYSTEMPATH\View\View.php(216): CodeIgniter\View\View->CodeIgniter\View\{closure}()
 4 SYSTEMPATH\Common.php(1137): CodeIgniter\View\View->render('layoutAdmin/v_nav.php', [], true)
 5 APPPATH\Views\layoutAdmin\v_wrapper.php(4): view('layoutAdmin/v_nav.php')
 6 SYSTEMPATH\View\View.php(213): include('APPPATH\\Views\\layoutAdmin\\v_wrapper.php')
 7 SYSTEMPATH\View\View.php(216): CodeIgniter\View\View->CodeIgniter\View\{closure}()
 8 SYSTEMPATH\Common.php(1137): CodeIgniter\View\View->render('layoutAdmin/v_wrapper', [], true)
 9 APPPATH\Controllers\Admin\HomeAdmin.php(63): view('layoutAdmin/v_wrapper', [...])
10 SYSTEMPATH\CodeIgniter.php(904): App\Controllers\Admin\HomeAdmin->Layanan()
11 SYSTEMPATH\CodeIgniter.php(457): CodeIgniter\CodeIgniter->runController(Object(App\Controllers\Admin\HomeAdmin))
12 SYSTEMPATH\CodeIgniter.php(340): CodeIgniter\CodeIgniter->handleRequest(null, Object(Config\Cache), false)
13 FCPATH\index.php(67): CodeIgniter\CodeIgniter->run()
14 SYSTEMPATH\Commands\Server\rewrite.php(43): require_once('FCPATH\\index.php')
CRITICAL - 2023-08-08 18:09:25 --> Undefined variable $layanan
in APPPATH\Views\layoutAdmin\v_nav.php on line 30.
 1 APPPATH\Views\layoutAdmin\v_nav.php(30): CodeIgniter\Debug\Exceptions->errorHandler(2, 'Undefined variable $layanan', 'APPPATH\\Views\\layoutAdmin\\v_nav.php', 30)
 2 SYSTEMPATH\View\View.php(213): include('APPPATH\\Views\\layoutAdmin\\v_nav.php')
 3 SYSTEMPATH\View\View.php(216): CodeIgniter\View\View->CodeIgniter\View\{closure}()
 4 SYSTEMPATH\Common.php(1137): CodeIgniter\View\View->render('layoutAdmin/v_nav.php', [], true)
 5 APPPATH\Views\layoutAdmin\v_wrapper.php(4): view('layoutAdmin/v_nav.php')
 6 SYSTEMPATH\View\View.php(213): include('APPPATH\\Views\\layoutAdmin\\v_wrapper.php')
 7 SYSTEMPATH\View\View.php(216): CodeIgniter\View\View->CodeIgniter\View\{closure}()
 8 SYSTEMPATH\Common.php(1137): CodeIgniter\View\View->render('layoutAdmin/v_wrapper', [], true)
 9 APPPATH\Controllers\Admin\Klien.php(61): view('layoutAdmin/v_wrapper', [...])
10 SYSTEMPATH\CodeIgniter.php(904): App\Controllers\Admin\Klien->TambahKlien()
11 SYSTEMPATH\CodeIgniter.php(457): CodeIgniter\CodeIgniter->runController(Object(App\Controllers\Admin\Klien))
12 SYSTEMPATH\CodeIgniter.php(340): CodeIgniter\CodeIgniter->handleRequest(null, Object(Config\Cache), false)
13 FCPATH\index.php(67): CodeIgniter\CodeIgniter->run()
14 SYSTEMPATH\Commands\Server\rewrite.php(43): require_once('FCPATH\\index.php')
CRITICAL - 2023-08-08 18:16:31 --> Cannot access offset of type string on string
in APPPATH\Views\layoutAdmin\v_nav.php on line 31.
 1 SYSTEMPATH\View\View.php(213): include()
 2 SYSTEMPATH\View\View.php(216): CodeIgniter\View\View->CodeIgniter\View\{closure}()
 3 SYSTEMPATH\Common.php(1137): CodeIgniter\View\View->render('layoutAdmin/v_nav.php', [], true)
 4 APPPATH\Views\layoutAdmin\v_wrapper.php(4): view('layoutAdmin/v_nav.php')
 5 SYSTEMPATH\View\View.php(213): include('APPPATH\\Views\\layoutAdmin\\v_wrapper.php')
 6 SYSTEMPATH\View\View.php(216): CodeIgniter\View\View->CodeIgniter\View\{closure}()
 7 SYSTEMPATH\Common.php(1137): CodeIgniter\View\View->render('layoutAdmin/v_wrapper', [], true)
 8 APPPATH\Controllers\Admin\HomeAdmin.php(77): view('layoutAdmin/v_wrapper', [...])
 9 SYSTEMPATH\CodeIgniter.php(904): App\Controllers\Admin\HomeAdmin->DetailLayanan('19')
10 SYSTEMPATH\CodeIgniter.php(457): CodeIgniter\CodeIgniter->runController(Object(App\Controllers\Admin\HomeAdmin))
11 SYSTEMPATH\CodeIgniter.php(340): CodeIgniter\CodeIgniter->handleRequest(null, Object(Config\Cache), false)
12 FCPATH\index.php(67): CodeIgniter\CodeIgniter->run()
13 SYSTEMPATH\Commands\Server\rewrite.php(43): require_once('FCPATH\\index.php')
CRITICAL - 2023-08-08 18:18:36 --> Undefined array key "gambar_layanan"
in APPPATH\Views\admin\v_detaillayanan.php on line 5.
 1 APPPATH\Views\admin\v_detaillayanan.php(5): CodeIgniter\Debug\Exceptions->errorHandler(2, 'Undefined array key "gambar_layanan"', 'APPPATH\\Views\\admin\\v_detaillayanan.php', 5)
 2 SYSTEMPATH\View\View.php(213): include('APPPATH\\Views\\admin\\v_detaillayanan.php')
 3 SYSTEMPATH\View\View.php(216): CodeIgniter\View\View->CodeIgniter\View\{closure}()
 4 SYSTEMPATH\Common.php(1137): CodeIgniter\View\View->render('admin/v_detaillayanan', [], true)
 5 APPPATH\Views\layoutAdmin\v_content.php(4): view('admin/v_detaillayanan')
 6 SYSTEMPATH\View\View.php(213): include('APPPATH\\Views\\layoutAdmin\\v_content.php')
 7 SYSTEMPATH\View\View.php(216): CodeIgniter\View\View->CodeIgniter\View\{closure}()
 8 SYSTEMPATH\Common.php(1137): CodeIgniter\View\View->render('layoutAdmin/v_content.php', [], true)
 9 APPPATH\Views\layoutAdmin\v_wrapper.php(5): view('layoutAdmin/v_content.php')
10 SYSTEMPATH\View\View.php(213): include('APPPATH\\Views\\layoutAdmin\\v_wrapper.php')
11 SYSTEMPATH\View\View.php(216): CodeIgniter\View\View->CodeIgniter\View\{closure}()
12 SYSTEMPATH\Common.php(1137): CodeIgniter\View\View->render('layoutAdmin/v_wrapper', [], true)
13 APPPATH\Controllers\Admin\HomeAdmin.php(78): view('layoutAdmin/v_wrapper', [...])
14 SYSTEMPATH\CodeIgniter.php(904): App\Controllers\Admin\HomeAdmin->DetailLayanan('19')
15 SYSTEMPATH\CodeIgniter.php(457): CodeIgniter\CodeIgniter->runController(Object(App\Controllers\Admin\HomeAdmin))
16 SYSTEMPATH\CodeIgniter.php(340): CodeIgniter\CodeIgniter->handleRequest(null, Object(Config\Cache), false)
17 FCPATH\index.php(67): CodeIgniter\CodeIgniter->run()
18 SYSTEMPATH\Commands\Server\rewrite.php(43): require_once('FCPATH\\index.php')
CRITICAL - 2023-08-08 18:19:13 --> Undefined array key "detail_layanan"
in APPPATH\Views\admin\v_detaillayanan.php on line 14.
 1 APPPATH\Views\admin\v_detaillayanan.php(14): CodeIgniter\Debug\Exceptions->errorHandler(2, 'Undefined array key "detail_layanan"', 'APPPATH\\Views\\admin\\v_detaillayanan.php', 14)
 2 SYSTEMPATH\View\View.php(213): include('APPPATH\\Views\\admin\\v_detaillayanan.php')
 3 SYSTEMPATH\View\View.php(216): CodeIgniter\View\View->CodeIgniter\View\{closure}()
 4 SYSTEMPATH\Common.php(1137): CodeIgniter\View\View->render('admin/v_detaillayanan', [], true)
 5 APPPATH\Views\layoutAdmin\v_content.php(4): view('admin/v_detaillayanan')
 6 SYSTEMPATH\View\View.php(213): include('APPPATH\\Views\\layoutAdmin\\v_content.php')
 7 SYSTEMPATH\View\View.php(216): CodeIgniter\View\View->CodeIgniter\View\{closure}()
 8 SYSTEMPATH\Common.php(1137): CodeIgniter\View\View->render('layoutAdmin/v_content.php', [], true)
 9 APPPATH\Views\layoutAdmin\v_wrapper.php(5): view('layoutAdmin/v_content.php')
10 SYSTEMPATH\View\View.php(213): include('APPPATH\\Views\\layoutAdmin\\v_wrapper.php')
11 SYSTEMPATH\View\View.php(216): CodeIgniter\View\View->CodeIgniter\View\{closure}()
12 SYSTEMPATH\Common.php(1137): CodeIgniter\View\View->render('layoutAdmin/v_wrapper', [], true)
13 APPPATH\Controllers\Admin\HomeAdmin.php(78): view('layoutAdmin/v_wrapper', [...])
14 SYSTEMPATH\CodeIgniter.php(904): App\Controllers\Admin\HomeAdmin->DetailLayanan('19')
15 SYSTEMPATH\CodeIgniter.php(457): CodeIgniter\CodeIgniter->runController(Object(App\Controllers\Admin\HomeAdmin))
16 SYSTEMPATH\CodeIgniter.php(340): CodeIgniter\CodeIgniter->handleRequest(null, Object(Config\Cache), false)
17 FCPATH\index.php(67): CodeIgniter\CodeIgniter->run()
18 SYSTEMPATH\Commands\Server\rewrite.php(43): require_once('FCPATH\\index.php')
CRITICAL - 2023-08-08 18:25:10 --> Undefined array key "nama_layanan"
in APPPATH\Views\admin\v_galerilayanan.php on line 7.
 1 APPPATH\Views\admin\v_galerilayanan.php(7): CodeIgniter\Debug\Exceptions->errorHandler(2, 'Undefined array key "nama_layanan"', 'APPPATH\\Views\\admin\\v_galerilayanan.php', 7)
 2 SYSTEMPATH\View\View.php(213): include('APPPATH\\Views\\admin\\v_galerilayanan.php')
 3 SYSTEMPATH\View\View.php(216): CodeIgniter\View\View->CodeIgniter\View\{closure}()
 4 SYSTEMPATH\Common.php(1137): CodeIgniter\View\View->render('admin/v_galerilayanan', [], true)
 5 APPPATH\Views\layoutAdmin\v_content.php(4): view('admin/v_galerilayanan')
 6 SYSTEMPATH\View\View.php(213): include('APPPATH\\Views\\layoutAdmin\\v_content.php')
 7 SYSTEMPATH\View\View.php(216): CodeIgniter\View\View->CodeIgniter\View\{closure}()
 8 SYSTEMPATH\Common.php(1137): CodeIgniter\View\View->render('layoutAdmin/v_content.php', [], true)
 9 APPPATH\Views\layoutAdmin\v_wrapper.php(5): view('layoutAdmin/v_content.php')
10 SYSTEMPATH\View\View.php(213): include('APPPATH\\Views\\layoutAdmin\\v_wrapper.php')
11 SYSTEMPATH\View\View.php(216): CodeIgniter\View\View->CodeIgniter\View\{closure}()
12 SYSTEMPATH\Common.php(1137): CodeIgniter\View\View->render('layoutAdmin/v_wrapper', [], true)
13 APPPATH\Controllers\Admin\HomeAdmin.php(209): view('layoutAdmin/v_wrapper', [...])
14 SYSTEMPATH\CodeIgniter.php(904): App\Controllers\Admin\HomeAdmin->GaleriLayanan('20')
15 SYSTEMPATH\CodeIgniter.php(457): CodeIgniter\CodeIgniter->runController(Object(App\Controllers\Admin\HomeAdmin))
16 SYSTEMPATH\CodeIgniter.php(340): CodeIgniter\CodeIgniter->handleRequest(null, Object(Config\Cache), false)
17 FCPATH\index.php(67): CodeIgniter\CodeIgniter->run()
18 SYSTEMPATH\Commands\Server\rewrite.php(43): require_once('FCPATH\\index.php')
CRITICAL - 2023-08-08 18:25:21 --> Undefined array key "nama_layanan"
in APPPATH\Views\admin\v_galerilayanan.php on line 7.
 1 APPPATH\Views\admin\v_galerilayanan.php(7): CodeIgniter\Debug\Exceptions->errorHandler(2, 'Undefined array key "nama_layanan"', 'APPPATH\\Views\\admin\\v_galerilayanan.php', 7)
 2 SYSTEMPATH\View\View.php(213): include('APPPATH\\Views\\admin\\v_galerilayanan.php')
 3 SYSTEMPATH\View\View.php(216): CodeIgniter\View\View->CodeIgniter\View\{closure}()
 4 SYSTEMPATH\Common.php(1137): CodeIgniter\View\View->render('admin/v_galerilayanan', [], true)
 5 APPPATH\Views\layoutAdmin\v_content.php(4): view('admin/v_galerilayanan')
 6 SYSTEMPATH\View\View.php(213): include('APPPATH\\Views\\layoutAdmin\\v_content.php')
 7 SYSTEMPATH\View\View.php(216): CodeIgniter\View\View->CodeIgniter\View\{closure}()
 8 SYSTEMPATH\Common.php(1137): CodeIgniter\View\View->render('layoutAdmin/v_content.php', [], true)
 9 APPPATH\Views\layoutAdmin\v_wrapper.php(5): view('layoutAdmin/v_content.php')
10 SYSTEMPATH\View\View.php(213): include('APPPATH\\Views\\layoutAdmin\\v_wrapper.php')
11 SYSTEMPATH\View\View.php(216): CodeIgniter\View\View->CodeIgniter\View\{closure}()
12 SYSTEMPATH\Common.php(1137): CodeIgniter\View\View->render('layoutAdmin/v_wrapper', [], true)
13 APPPATH\Controllers\Admin\HomeAdmin.php(209): view('layoutAdmin/v_wrapper', [...])
14 SYSTEMPATH\CodeIgniter.php(904): App\Controllers\Admin\HomeAdmin->GaleriLayanan('20')
15 SYSTEMPATH\CodeIgniter.php(457): CodeIgniter\CodeIgniter->runController(Object(App\Controllers\Admin\HomeAdmin))
16 SYSTEMPATH\CodeIgniter.php(340): CodeIgniter\CodeIgniter->handleRequest(null, Object(Config\Cache), false)
17 FCPATH\index.php(67): CodeIgniter\CodeIgniter->run()
18 SYSTEMPATH\Commands\Server\rewrite.php(43): require_once('FCPATH\\index.php')
CRITICAL - 2023-08-08 18:27:35 --> Undefined variable $layanan
in APPPATH\Views\layoutAdmin\v_nav.php on line 30.
 1 APPPATH\Views\layoutAdmin\v_nav.php(30): CodeIgniter\Debug\Exceptions->errorHandler(2, 'Undefined variable $layanan', 'APPPATH\\Views\\layoutAdmin\\v_nav.php', 30)
 2 SYSTEMPATH\View\View.php(213): include('APPPATH\\Views\\layoutAdmin\\v_nav.php')
 3 SYSTEMPATH\View\View.php(216): CodeIgniter\View\View->CodeIgniter\View\{closure}()
 4 SYSTEMPATH\Common.php(1137): CodeIgniter\View\View->render('layoutAdmin/v_nav.php', [], true)
 5 APPPATH\Views\layoutAdmin\v_wrapper.php(4): view('layoutAdmin/v_nav.php')
 6 SYSTEMPATH\View\View.php(213): include('APPPATH\\Views\\layoutAdmin\\v_wrapper.php')
 7 SYSTEMPATH\View\View.php(216): CodeIgniter\View\View->CodeIgniter\View\{closure}()
 8 SYSTEMPATH\Common.php(1137): CodeIgniter\View\View->render('layoutAdmin/v_wrapper', [], true)
 9 APPPATH\Controllers\Admin\Klien.php(48): view('layoutAdmin/v_wrapper', [...])
10 SYSTEMPATH\CodeIgniter.php(904): App\Controllers\Admin\Klien->DaftarKlien()
11 SYSTEMPATH\CodeIgniter.php(457): CodeIgniter\CodeIgniter->runController(Object(App\Controllers\Admin\Klien))
12 SYSTEMPATH\CodeIgniter.php(340): CodeIgniter\CodeIgniter->handleRequest(null, Object(Config\Cache), false)
13 FCPATH\index.php(67): CodeIgniter\CodeIgniter->run()
14 SYSTEMPATH\Commands\Server\rewrite.php(43): require_once('FCPATH\\index.php')
CRITICAL - 2023-08-08 18:28:22 --> Undefined property: App\Controllers\Admin\Klien::$LayananModel
in APPPATH\Controllers\Admin\Klien.php on line 31.
 1 APPPATH\Controllers\Admin\Klien.php(31): CodeIgniter\Debug\Exceptions->errorHandler(2, 'Undefined property: App\\Controllers\\Admin\\Klien::$LayananModel', 'APPPATH\\Controllers\\Admin\\Klien.php', 31)
 2 SYSTEMPATH\CodeIgniter.php(904): App\Controllers\Admin\Klien->DaftarKlien()
 3 SYSTEMPATH\CodeIgniter.php(457): CodeIgniter\CodeIgniter->runController(Object(App\Controllers\Admin\Klien))
 4 SYSTEMPATH\CodeIgniter.php(340): CodeIgniter\CodeIgniter->handleRequest(null, Object(Config\Cache), false)
 5 FCPATH\index.php(67): CodeIgniter\CodeIgniter->run()
 6 SYSTEMPATH\Commands\Server\rewrite.php(43): require_once('FCPATH\\index.php')
CRITICAL - 2023-08-08 18:28:44 --> Class "App\Controllers\Admin\LayananModel" not found
in APPPATH\Controllers\Admin\Klien.php on line 14.
 1 SYSTEMPATH\CodeIgniter.php(866): App\Controllers\Admin\Klien->__construct()
 2 SYSTEMPATH\CodeIgniter.php(448): CodeIgniter\CodeIgniter->createController()
 3 SYSTEMPATH\CodeIgniter.php(340): CodeIgniter\CodeIgniter->handleRequest(null, Object(Config\Cache), false)
 4 FCPATH\index.php(67): CodeIgniter\CodeIgniter->run()
 5 SYSTEMPATH\Commands\Server\rewrite.php(43): require_once('FCPATH\\index.php')
CRITICAL - 2023-08-08 18:46:41 --> Trying to access array offset on value of type null
in APPPATH\Views\user\v_layanan.php on line 13.
 1 APPPATH\Views\user\v_layanan.php(13): CodeIgniter\Debug\Exceptions->errorHandler(2, 'Trying to access array offset on value of type null', 'APPPATH\\Views\\user\\v_layanan.php', 13)
 2 SYSTEMPATH\View\View.php(213): include('APPPATH\\Views\\user\\v_layanan.php')
 3 SYSTEMPATH\View\View.php(216): CodeIgniter\View\View->CodeIgniter\View\{closure}()
 4 SYSTEMPATH\Common.php(1137): CodeIgniter\View\View->render('user/v_layanan', [], true)
 5 APPPATH\Views\layoutUser\v_content.php(4): view('user/v_layanan')
 6 SYSTEMPATH\View\View.php(213): include('APPPATH\\Views\\layoutUser\\v_content.php')
 7 SYSTEMPATH\View\View.php(216): CodeIgniter\View\View->CodeIgniter\View\{closure}()
 8 SYSTEMPATH\Common.php(1137): CodeIgniter\View\View->render('layoutUser/v_content.php', [], true)
 9 APPPATH\Views\layoutUser\v_wrapper.php(4): view('layoutUser/v_content.php')
10 SYSTEMPATH\View\View.php(213): include('APPPATH\\Views\\layoutUser\\v_wrapper.php')
11 SYSTEMPATH\View\View.php(216): CodeIgniter\View\View->CodeIgniter\View\{closure}()
12 SYSTEMPATH\Common.php(1137): CodeIgniter\View\View->render('layoutUser/v_wrapper', [], true)
13 APPPATH\Controllers\Home.php(40): view('layoutUser/v_wrapper', [...])
14 SYSTEMPATH\CodeIgniter.php(904): App\Controllers\Home->Layanan('tambahlayanan')
15 SYSTEMPATH\CodeIgniter.php(457): CodeIgniter\CodeIgniter->runController(Object(App\Controllers\Home))
16 SYSTEMPATH\CodeIgniter.php(340): CodeIgniter\CodeIgniter->handleRequest(null, Object(Config\Cache), false)
17 FCPATH\index.php(67): CodeIgniter\CodeIgniter->run()
18 SYSTEMPATH\Commands\Server\rewrite.php(43): require_once('FCPATH\\index.php')
CRITICAL - 2023-08-08 18:47:17 --> Trying to access array offset on value of type null
in APPPATH\Views\user\v_layanan.php on line 13.
 1 APPPATH\Views\user\v_layanan.php(13): CodeIgniter\Debug\Exceptions->errorHandler(2, 'Trying to access array offset on value of type null', 'APPPATH\\Views\\user\\v_layanan.php', 13)
 2 SYSTEMPATH\View\View.php(213): include('APPPATH\\Views\\user\\v_layanan.php')
 3 SYSTEMPATH\View\View.php(216): CodeIgniter\View\View->CodeIgniter\View\{closure}()
 4 SYSTEMPATH\Common.php(1137): CodeIgniter\View\View->render('user/v_layanan', [], true)
 5 APPPATH\Views\layoutUser\v_content.php(4): view('user/v_layanan')
 6 SYSTEMPATH\View\View.php(213): include('APPPATH\\Views\\layoutUser\\v_content.php')
 7 SYSTEMPATH\View\View.php(216): CodeIgniter\View\View->CodeIgniter\View\{closure}()
 8 SYSTEMPATH\Common.php(1137): CodeIgniter\View\View->render('layoutUser/v_content.php', [], true)
 9 APPPATH\Views\layoutUser\v_wrapper.php(4): view('layoutUser/v_content.php')
10 SYSTEMPATH\View\View.php(213): include('APPPATH\\Views\\layoutUser\\v_wrapper.php')
11 SYSTEMPATH\View\View.php(216): CodeIgniter\View\View->CodeIgniter\View\{closure}()
12 SYSTEMPATH\Common.php(1137): CodeIgniter\View\View->render('layoutUser/v_wrapper', [], true)
13 APPPATH\Controllers\Home.php(40): view('layoutUser/v_wrapper', [...])
14 SYSTEMPATH\CodeIgniter.php(904): App\Controllers\Home->Layanan('tambahlayanan')
15 SYSTEMPATH\CodeIgniter.php(457): CodeIgniter\CodeIgniter->runController(Object(App\Controllers\Home))
16 SYSTEMPATH\CodeIgniter.php(340): CodeIgniter\CodeIgniter->handleRequest(null, Object(Config\Cache), false)
17 FCPATH\index.php(67): CodeIgniter\CodeIgniter->run()
18 SYSTEMPATH\Commands\Server\rewrite.php(43): require_once('FCPATH\\index.php')
